

Microchip Technology PIC LITE Macro Assembler V1.42 build -159332390 
                                                                                               Fri May 26 06:44:28 2017

Microchip Technology Omniscient Code Generator v1.42 (Free mode) build 201704130522
     1                           	processor	16F1829
     2                           	opt	pw 120
     3                           	opt	lm
     4                           	psect	idataCOMMON,global,class=CODE,delta=2
     5                           	psect	cinit,global,class=CODE,merge=1,delta=2
     6                           	psect	dataCOMMON,global,class=COMMON,space=1,delta=1
     7                           	psect	cstackCOMMON,global,class=COMMON,space=1,delta=1
     8                           	psect	maintext,global,class=CODE,merge=1,split=1,delta=2
     9                           	psect	text1,local,class=CODE,merge=1,delta=2
    10                           	psect	text2,local,class=CODE,merge=1,delta=2
    11                           	dabs	1,0x7E,2
    12  0000                     
    13                           ; Version 1.42
    14                           ; Generated 13/04/2017 GMT
    15                           ; 
    16                           ; Copyright © 2017, Microchip Technology Inc. and its subsidiaries ("Microchip")
    17                           ; All rights reserved.
    18                           ; 
    19                           ; This software is developed by Microchip Technology Inc. and its subsidiaries ("Microch
      +                          ip").
    20                           ; 
    21                           ; Redistribution and use in source and binary forms, with or without modification, are
    22                           ; permitted provided that the following conditions are met:
    23                           ; 
    24                           ;     1. Redistributions of source code must retain the above copyright notice, this lis
      +                          t of
    25                           ;        conditions and the following disclaimer.
    26                           ; 
    27                           ;     2. Redistributions in binary form must reproduce the above copyright notice, this 
      +                          list
    28                           ;        of conditions and the following disclaimer in the documentation and/or other
    29                           ;        materials provided with the distribution.
    30                           ; 
    31                           ;     3. Microchip's name may not be used to endorse or promote products derived from th
      +                          is
    32                           ;        software without specific prior written permission.
    33                           ; 
    34                           ; THIS SOFTWARE IS PROVIDED BY MICROCHIP "AS IS" AND ANY EXPRESS OR IMPLIED WARRANTIES,
    35                           ; INCLUDING, BUT NOT LIMITED TO, THE IMPLIED WARRANTIES OF MERCHANTABILITY AND FITNESS F
      +                          OR
    36                           ; PURPOSE ARE DISCLAIMED.  IN NO EVENT SHALL MICROCHIP BE LIABLE FOR ANY DIRECT, INDIREC
      +                          T,
    37                           ; INCIDENTAL, SPECIAL, EXEMPLARY, OR CONSEQUENTIAL DAMAGES (INCLUDING BUT NOT LIMITED TO
    38                           ; PROCUREMENT OF SUBSTITUTE GOODS OR SERVICES; LOSS OF USE, DATA OR PROFITS; OR BUSINESS
    39                           ; INTERRUPTION) HOWSOEVER CAUSED AND ON ANY THEORY OF LIABILITY, WHETHER IN CONTRACT, ST
      +                          RICT
    40                           ; LIABILITY, OR TORT (INCLUDING NEGLIGENCE OR OTHERWISE) ARISING IN ANY WAY OUT OF THE U
      +                          SE OF
    41                           ; THIS SOFTWARE, EVEN IF ADVISED OF THE POSSIBILITY OF SUCH DAMAGE.
    42                           ; 
    43                           ; 
    44                           ; Code-generator required, PIC16F1829 Definitions
    45                           ; 
    46                           ; SFR Addresses
    47  0000                     	;# 
    48  0001                     	;# 
    49  0002                     	;# 
    50  0003                     	;# 
    51  0004                     	;# 
    52  0005                     	;# 
    53  0006                     	;# 
    54  0007                     	;# 
    55  0008                     	;# 
    56  0009                     	;# 
    57  000A                     	;# 
    58  000B                     	;# 
    59  000C                     	;# 
    60  000D                     	;# 
    61  000E                     	;# 
    62  0011                     	;# 
    63  0012                     	;# 
    64  0013                     	;# 
    65  0014                     	;# 
    66  0015                     	;# 
    67  0016                     	;# 
    68  0016                     	;# 
    69  0017                     	;# 
    70  0018                     	;# 
    71  0019                     	;# 
    72  001A                     	;# 
    73  001B                     	;# 
    74  001C                     	;# 
    75  001E                     	;# 
    76  001F                     	;# 
    77  008C                     	;# 
    78  008D                     	;# 
    79  008E                     	;# 
    80  0091                     	;# 
    81  0092                     	;# 
    82  0093                     	;# 
    83  0094                     	;# 
    84  0095                     	;# 
    85  0096                     	;# 
    86  0097                     	;# 
    87  0098                     	;# 
    88  0099                     	;# 
    89  009A                     	;# 
    90  009B                     	;# 
    91  009B                     	;# 
    92  009C                     	;# 
    93  009D                     	;# 
    94  009E                     	;# 
    95  010C                     	;# 
    96  010D                     	;# 
    97  010E                     	;# 
    98  0111                     	;# 
    99  0112                     	;# 
   100  0113                     	;# 
   101  0114                     	;# 
   102  0115                     	;# 
   103  0116                     	;# 
   104  0117                     	;# 
   105  0118                     	;# 
   106  0119                     	;# 
   107  011A                     	;# 
   108  011B                     	;# 
   109  011D                     	;# 
   110  011E                     	;# 
   111  018C                     	;# 
   112  018D                     	;# 
   113  018E                     	;# 
   114  0191                     	;# 
   115  0191                     	;# 
   116  0192                     	;# 
   117  0193                     	;# 
   118  0193                     	;# 
   119  0193                     	;# 
   120  0194                     	;# 
   121  0195                     	;# 
   122  0196                     	;# 
   123  0199                     	;# 
   124  019A                     	;# 
   125  019B                     	;# 
   126  019B                     	;# 
   127  019C                     	;# 
   128  019D                     	;# 
   129  019E                     	;# 
   130  019F                     	;# 
   131  020C                     	;# 
   132  020D                     	;# 
   133  020E                     	;# 
   134  0211                     	;# 
   135  0211                     	;# 
   136  0212                     	;# 
   137  0212                     	;# 
   138  0213                     	;# 
   139  0213                     	;# 
   140  0214                     	;# 
   141  0214                     	;# 
   142  0215                     	;# 
   143  0215                     	;# 
   144  0215                     	;# 
   145  0216                     	;# 
   146  0216                     	;# 
   147  0217                     	;# 
   148  0217                     	;# 
   149  0219                     	;# 
   150  021A                     	;# 
   151  021B                     	;# 
   152  021C                     	;# 
   153  021D                     	;# 
   154  021E                     	;# 
   155  021F                     	;# 
   156  0291                     	;# 
   157  0291                     	;# 
   158  0292                     	;# 
   159  0293                     	;# 
   160  0294                     	;# 
   161  0295                     	;# 
   162  0295                     	;# 
   163  0296                     	;# 
   164  0298                     	;# 
   165  0298                     	;# 
   166  0299                     	;# 
   167  029A                     	;# 
   168  029B                     	;# 
   169  029C                     	;# 
   170  029D                     	;# 
   171  029E                     	;# 
   172  0311                     	;# 
   173  0311                     	;# 
   174  0312                     	;# 
   175  0313                     	;# 
   176  0318                     	;# 
   177  0318                     	;# 
   178  0319                     	;# 
   179  031A                     	;# 
   180  038C                     	;# 
   181  038D                     	;# 
   182  038E                     	;# 
   183  0391                     	;# 
   184  0392                     	;# 
   185  0393                     	;# 
   186  0394                     	;# 
   187  0395                     	;# 
   188  0396                     	;# 
   189  039A                     	;# 
   190  039C                     	;# 
   191  039D                     	;# 
   192  039E                     	;# 
   193  039F                     	;# 
   194  0415                     	;# 
   195  0416                     	;# 
   196  0417                     	;# 
   197  041C                     	;# 
   198  041D                     	;# 
   199  041E                     	;# 
   200  0FE4                     	;# 
   201  0FE5                     	;# 
   202  0FE6                     	;# 
   203  0FE7                     	;# 
   204  0FE8                     	;# 
   205  0FE9                     	;# 
   206  0FEA                     	;# 
   207  0FEB                     	;# 
   208  0FED                     	;# 
   209  0FEE                     	;# 
   210  0FEF                     	;# 
   211                           
   212                           	psect	idataCOMMON
   213  0790                     __pidataCOMMON:	
   214                           
   215                           ;initializer for _previous_state
   216  0790  3401               	retlw	1
   217  000C                     _PORTAbits	set	12
   218  0003                     _STATUSbits	set	3
   219  009C                     _ADRESH	set	156
   220  009E                     _ADCON1	set	158
   221  009D                     _ADCON0	set	157
   222  008C                     _TRISAbits	set	140
   223  008E                     _TRISC	set	142
   224  0099                     _OSCCON	set	153
   225  04E9                     _GO	set	1257
   226  010E                     _LATCbits	set	270
   227  010E                     _LATC	set	270
   228  018C                     _ANSELAbits	set	396
   229                           
   230                           ; #config settings
   231  0000                     
   232                           	psect	cinit
   233  07FA                     start_initialization:	
   234  07FA                     __initialization:	
   235                           
   236                           ; Initialize objects allocated to COMMON
   237  07FA  3187  2790         	fcall	__pidataCOMMON	;fetch initializer
   238  07FC  00F3               	movwf	__pdataCOMMON& (0+127)
   239  07FD                     end_of_initialization:	
   240                           ;End of C runtime variable initialization code
   241                           
   242  07FD                     __end_of__initialization:	
   243  07FD  0020               	movlb	0
   244  07FE  3187  2FB4         	ljmp	_main	;jump to C main() function
   245                           
   246                           	psect	dataCOMMON
   247  0073                     __pdataCOMMON:	
   248  0073                     _previous_state:	
   249  0073                     	ds	1
   250                           
   251                           	psect	cstackCOMMON
   252  0070                     __pcstackCOMMON:	
   253  0070                     ?_adc:	
   254  0070                     ??_adc:	
   255                           ; 1 bytes @ 0x0
   256                           
   257  0070                     ?_check_switch:	
   258                           ; 1 bytes @ 0x0
   259                           
   260  0070                     ??_check_switch:	
   261                           ; 1 bytes @ 0x0
   262                           
   263  0070                     ?_main:	
   264                           ; 1 bytes @ 0x0
   265                           
   266  0070                     ??_main:	
   267                           ; 1 bytes @ 0x0
   268                           
   269                           
   270                           ; 1 bytes @ 0x0
   271  0070                     	ds	1
   272  0071                     main@delay:	
   273                           
   274                           ; 1 bytes @ 0x1
   275  0071                     	ds	1
   276  0072                     main@direction:	
   277                           
   278                           ; 1 bytes @ 0x2
   279  0072                     	ds	1
   280                           
   281                           	psect	maintext
   282  07B4                     __pmaintext:	
   283 ;;
   284 ;;Main: autosize = 0, tempsize = 1, incstack = 0, save=0
   285 ;;
   286 ;; *************** function _main *****************
   287 ;; Defined at:
   288 ;;		line 63 in file "src/reversible.c"
   289 ;; Parameters:    Size  Location     Type
   290 ;;		None
   291 ;; Auto vars:     Size  Location     Type
   292 ;;  direction       1    2[COMMON] unsigned char 
   293 ;;  delay           1    1[COMMON] unsigned char 
   294 ;; Return value:  Size  Location     Type
   295 ;;                  1    wreg      void 
   296 ;; Registers used:
   297 ;;		wreg, status,2, status,0, pclath, cstack
   298 ;; Tracked objects:
   299 ;;		On entry : B1F/0
   300 ;;		On exit  : 0/0
   301 ;;		Unchanged: 0/0
   302 ;; Data sizes:     COMMON   BANK0   BANK1   BANK2   BANK3   BANK4   BANK5   BANK6   BANK7   BANK8   BANK9  BANK10  BANK1
      +1  BANK12
   303 ;;      Params:         0       0       0       0       0       0       0       0       0       0       0       0       
      +0       0
   304 ;;      Locals:         2       0       0       0       0       0       0       0       0       0       0       0       
      +0       0
   305 ;;      Temps:          1       0       0       0       0       0       0       0       0       0       0       0       
      +0       0
   306 ;;      Totals:         3       0       0       0       0       0       0       0       0       0       0       0       
      +0       0
   307 ;;Total ram usage:        3 bytes
   308 ;; Hardware stack levels required when called:    1
   309 ;; This function calls:
   310 ;;		_adc
   311 ;;		_check_switch
   312 ;; This function is called by:
   313 ;;		Startup code after reset
   314 ;; This function uses a non-reentrant model
   315 ;;
   316                           
   317                           
   318                           ;psect for function _main
   319  07B4                     _main:	
   320                           
   321                           ;reversible.c: 64: unsigned char delay;
   322                           ;reversible.c: 65: unsigned char direction;
   323                           ;reversible.c: 68: direction = 1;
   324                           
   325                           ;incstack = 0
   326                           ; Regs used in _main: [wreg+status,2+status,0+pclath+cstack]
   327  07B4  01F2               	clrf	main@direction
   328  07B5  0AF2               	incf	main@direction,f
   329                           
   330                           ;reversible.c: 69: LATC = 0;
   331  07B6  0022               	movlb	2	; select bank2
   332  07B7  018E               	clrf	14	;volatile
   333                           
   334                           ;reversible.c: 70: LATCbits.LATC3 = 1;
   335  07B8  158E               	bsf	14,3	;volatile
   336                           
   337                           ;reversible.c: 72: OSCCON = 0b00111000;
   338  07B9  3038               	movlw	56
   339  07BA  0021               	movlb	1	; select bank1
   340  07BB  0099               	movwf	25	;volatile
   341                           
   342                           ;reversible.c: 73: TRISC = 0;
   343  07BC  018E               	clrf	14	;volatile
   344                           
   345                           ;reversible.c: 76: TRISAbits.TRISA2 = 1;
   346  07BD  150C               	bsf	12,2	;volatile
   347                           
   348                           ;reversible.c: 77: ANSELAbits.ANSA2 = 0;
   349  07BE  0023               	movlb	3	; select bank3
   350  07BF  110C               	bcf	12,2	;volatile
   351                           
   352                           ;reversible.c: 80: TRISAbits.TRISA4 = 1;
   353  07C0  0021               	movlb	1	; select bank1
   354  07C1  160C               	bsf	12,4	;volatile
   355                           
   356                           ;reversible.c: 81: ANSELAbits.ANSA4 = 1;
   357  07C2  0023               	movlb	3	; select bank3
   358  07C3  160C               	bsf	12,4	;volatile
   359                           
   360                           ;reversible.c: 82: ADCON0 = 0b00001101;
   361  07C4  300D               	movlw	13
   362  07C5  0021               	movlb	1	; select bank1
   363  07C6  009D               	movwf	29	;volatile
   364                           
   365                           ;reversible.c: 83: ADCON1 = 0b00010000;
   366  07C7  3010               	movlw	16
   367  07C8  009E               	movwf	30	;volatile
   368  07C9                     l577:	
   369                           ;reversible.c: 85: while (1) {
   370                           
   371                           
   372                           ;reversible.c: 87: delay = adc();
   373  07C9  3187  2791  3187   	fcall	_adc
   374  07CC  00F0               	movwf	??_main
   375  07CD  0870               	movf	??_main,w
   376  07CE  00F1               	movwf	main@delay
   377                           
   378                           ;reversible.c: 88: _delay((unsigned long)((5)*(500000/4000.0)));
   379  07CF  30D0               	movlw	208
   380  07D0                     u117:	
   381  07D0  0B89               	decfsz	9,f
   382  07D1  2FD0               	goto	u117
   383  07D2  0000               	nop
   384  07D3                     l583:	
   385                           ;reversible.c: 89: while (delay-- != 0) _delay((unsigned long)((2)*(500000/4000.0)));
   386                           
   387  07D3  3001               	movlw	1
   388  07D4  02F1               	subwf	main@delay,f
   389  07D5  0A71               	incf	main@delay,w
   390  07D6  1903               	btfsc	3,2
   391  07D7  2FDD               	goto	l585
   392  07D8  3053               	movlw	83
   393  07D9                     u127:	
   394  07D9  0B89               	decfsz	9,f
   395  07DA  2FD9               	goto	u127
   396  07DB  0000               	nop
   397  07DC  2FD3               	goto	l583
   398  07DD                     l585:	
   399                           
   400                           ;reversible.c: 90: if (check_switch())
   401  07DD  3187  2797  3187   	fcall	_check_switch
   402  07E0  3A00               	xorlw	0
   403  07E1  1903               	skipnz
   404  07E2  2FE7               	goto	l39
   405                           
   406                           ;reversible.c: 91: direction ^= 1;
   407  07E3  3001               	movlw	1
   408  07E4  00F0               	movwf	??_main
   409  07E5  0870               	movf	??_main,w
   410  07E6  06F2               	xorwf	main@direction,f
   411  07E7                     l39:	
   412                           
   413                           ;reversible.c: 92: if (direction == 1) {
   414  07E7  0372               	decf	main@direction,w
   415  07E8  1D03               	btfss	3,2
   416  07E9  2FF3               	goto	l595
   417                           
   418                           ;reversible.c: 93: LATC >> = 1;
   419  07EA  1003               	clrc
   420  07EB  0022               	movlb	2	; select bank2
   421  07EC  0C8E               	rrf	14,f	;volatile
   422                           
   423                           ;reversible.c: 94: if(STATUSbits.C)
   424  07ED  0020               	movlb	0	; select bank0
   425  07EE  1C03               	btfss	3,0	;volatile
   426  07EF  2FC9               	goto	l577
   427                           
   428                           ;reversible.c: 95: LATCbits.LATC3 = 1;
   429  07F0  0022               	movlb	2	; select bank2
   430  07F1  158E               	bsf	14,3	;volatile
   431                           
   432                           ;reversible.c: 96: } else{
   433  07F2  2FC9               	goto	l577
   434  07F3                     l595:	
   435                           
   436                           ;reversible.c: 97: LATC << = 1;
   437  07F3  1003               	clrc
   438  07F4  0022               	movlb	2	; select bank2
   439  07F5  0D8E               	rlf	14,f	;volatile
   440                           
   441                           ;reversible.c: 98: if (LATCbits.LATC4 == 1)
   442  07F6  1E0E               	btfss	14,4	;volatile
   443  07F7  2FC9               	goto	l577
   444                           
   445                           ;reversible.c: 99: LATCbits.LATC0 = 1;
   446  07F8  140E               	bsf	14,0	;volatile
   447  07F9  2FC9               	goto	l577
   448  07FA                     __end_of_main:	
   449                           
   450                           	psect	text1
   451  0797                     __ptext1:	
   452 ;; *************** function _check_switch *****************
   453 ;; Defined at:
   454 ;;		line 107 in file "src/reversible.c"
   455 ;; Parameters:    Size  Location     Type
   456 ;;		None
   457 ;; Auto vars:     Size  Location     Type
   458 ;;		None
   459 ;; Return value:  Size  Location     Type
   460 ;;                  1    wreg      unsigned char 
   461 ;; Registers used:
   462 ;;		wreg, status,2, status,0
   463 ;; Tracked objects:
   464 ;;		On entry : 0/0
   465 ;;		On exit  : 0/0
   466 ;;		Unchanged: 0/0
   467 ;; Data sizes:     COMMON   BANK0   BANK1   BANK2   BANK3   BANK4   BANK5   BANK6   BANK7   BANK8   BANK9  BANK10  BANK1
      +1  BANK12
   468 ;;      Params:         0       0       0       0       0       0       0       0       0       0       0       0       
      +0       0
   469 ;;      Locals:         0       0       0       0       0       0       0       0       0       0       0       0       
      +0       0
   470 ;;      Temps:          0       0       0       0       0       0       0       0       0       0       0       0       
      +0       0
   471 ;;      Totals:         0       0       0       0       0       0       0       0       0       0       0       0       
      +0       0
   472 ;;Total ram usage:        0 bytes
   473 ;; Hardware stack levels used:    1
   474 ;; This function calls:
   475 ;;		Nothing
   476 ;; This function is called by:
   477 ;;		_main
   478 ;; This function uses a non-reentrant model
   479 ;;
   480                           
   481                           
   482                           ;psect for function _check_switch
   483  0797                     _check_switch:	
   484                           
   485                           ;reversible.c: 108: if (PORTAbits.RA2 == 0) {
   486                           
   487                           ;incstack = 0
   488                           ; Regs used in _check_switch: [wreg+status,2+status,0]
   489  0797  0020               	movlb	0	; select bank0
   490  0798  190C               	btfsc	12,2	;volatile
   491  0799  2FB0               	goto	l51
   492                           
   493                           ;reversible.c: 109: _delay((unsigned long)((5)*(500000/4000.0)));
   494  079A  30D0               	movlw	208
   495  079B                     u137:	
   496  079B  0B89               	decfsz	9,f
   497  079C  2F9B               	goto	u137
   498  079D  0000               	nop
   499                           
   500                           ;reversible.c: 110: if(previous_state == 0 && PORTAbits.RA2 == 0)
   501  079E  0873               	movf	_previous_state,w
   502  079F  1D03               	btfss	3,2
   503  07A0  2FA6               	goto	l52
   504  07A1  0020               	movlb	0	; select bank0
   505  07A2  190C               	btfsc	12,2	;volatile
   506  07A3  2FA6               	goto	l52
   507                           
   508                           ;reversible.c: 111: return 0;
   509  07A4  3000               	movlw	0
   510  07A5  0008               	return
   511  07A6                     l52:	
   512                           
   513                           ;reversible.c: 112: else if (PORTAbits.RA2 == 0) {
   514  07A6  0020               	movlb	0	; select bank0
   515  07A7  190C               	btfsc	12,2	;volatile
   516  07A8  2FAC               	goto	l55
   517                           
   518                           ;reversible.c: 113: previous_state = 0;
   519  07A9  01F3               	clrf	_previous_state
   520                           
   521                           ;reversible.c: 114: return 1;
   522  07AA  3001               	movlw	1
   523                           
   524                           ;reversible.c: 115: } else{
   525  07AB  0008               	return
   526  07AC                     l55:	
   527                           
   528                           ;reversible.c: 116: previous_state =1;
   529  07AC  01F3               	clrf	_previous_state
   530  07AD  0AF3               	incf	_previous_state,f
   531                           
   532                           ;reversible.c: 117: return 0;
   533  07AE  3000               	movlw	0
   534                           
   535                           ;reversible.c: 118: }
   536                           ;reversible.c: 119: } else{
   537  07AF  0008               	return
   538  07B0                     l51:	
   539                           
   540                           ;reversible.c: 120: previous_state = 1;
   541  07B0  01F3               	clrf	_previous_state
   542  07B1  0AF3               	incf	_previous_state,f
   543                           
   544                           ;reversible.c: 121: return 0;
   545  07B2  3000               	movlw	0
   546  07B3  0008               	return
   547  07B4                     __end_of_check_switch:	
   548                           
   549                           	psect	text2
   550  0791                     __ptext2:	
   551 ;; *************** function _adc *****************
   552 ;; Defined at:
   553 ;;		line 125 in file "src/reversible.c"
   554 ;; Parameters:    Size  Location     Type
   555 ;;		None
   556 ;; Auto vars:     Size  Location     Type
   557 ;;		None
   558 ;; Return value:  Size  Location     Type
   559 ;;                  1    wreg      unsigned char 
   560 ;; Registers used:
   561 ;;		wreg
   562 ;; Tracked objects:
   563 ;;		On entry : 0/0
   564 ;;		On exit  : 0/0
   565 ;;		Unchanged: 0/0
   566 ;; Data sizes:     COMMON   BANK0   BANK1   BANK2   BANK3   BANK4   BANK5   BANK6   BANK7   BANK8   BANK9  BANK10  BANK1
      +1  BANK12
   567 ;;      Params:         0       0       0       0       0       0       0       0       0       0       0       0       
      +0       0
   568 ;;      Locals:         0       0       0       0       0       0       0       0       0       0       0       0       
      +0       0
   569 ;;      Temps:          0       0       0       0       0       0       0       0       0       0       0       0       
      +0       0
   570 ;;      Totals:         0       0       0       0       0       0       0       0       0       0       0       0       
      +0       0
   571 ;;Total ram usage:        0 bytes
   572 ;; Hardware stack levels used:    1
   573 ;; This function calls:
   574 ;;		Nothing
   575 ;; This function is called by:
   576 ;;		_main
   577 ;; This function uses a non-reentrant model
   578 ;;
   579                           
   580                           
   581                           ;psect for function _adc
   582  0791                     _adc:	
   583                           
   584                           ;reversible.c: 126: _delay((unsigned long)((5)*(500000/4000000.0)));
   585                           ;reversible.c: 127: GO = 1;
   586                           
   587                           ;incstack = 0
   588                           ; Regs used in _adc: [wreg]
   589  0791  0021               	movlb	1	; select bank1
   590  0792  149D               	bsf	29,1	;volatile
   591  0793                     l60:	
   592                           ;reversible.c: 128: while (GO) continue;
   593                           
   594  0793  189D               	btfsc	29,1	;volatile
   595  0794  2F93               	goto	l60
   596                           
   597                           ;reversible.c: 130: return ADRESH;
   598  0795  081C               	movf	28,w	;volatile
   599  0796  0008               	return
   600  0797                     __end_of_adc:	
   601  007E                     btemp	set	126	;btemp
   602  007E                     wtemp0	set	126


Data Sizes:
    Strings     0
    Constant    0
    Data        1
    BSS         0
    Persistent  0
    Stack       0

Auto Spaces:
    Space          Size  Autos    Used
    COMMON           14      3       4
    BANK0            80      0       0
    BANK1            80      0       0
    BANK2            80      0       0
    BANK3            80      0       0
    BANK4            80      0       0
    BANK5            80      0       0
    BANK6            80      0       0
    BANK7            80      0       0
    BANK8            80      0       0
    BANK9            80      0       0
    BANK10           80      0       0
    BANK11           80      0       0
    BANK12           48      0       0

Pointer List with Targets:

    None.

Critical Paths under _main in COMMON

    None.

Critical Paths under _main in BANK0

    None.

Critical Paths under _main in BANK1

    None.

Critical Paths under _main in BANK2

    None.

Critical Paths under _main in BANK3

    None.

Critical Paths under _main in BANK4

    None.

Critical Paths under _main in BANK5

    None.

Critical Paths under _main in BANK6

    None.

Critical Paths under _main in BANK7

    None.

Critical Paths under _main in BANK8

    None.

Critical Paths under _main in BANK9

    None.

Critical Paths under _main in BANK10

    None.

Critical Paths under _main in BANK11

    None.

Critical Paths under _main in BANK12

    None.

Call Graph Tables:

 ---------------------------------------------------------------------------------
 (Depth) Function   	        Calls       Base Space   Used Autos Params    Refs
 ---------------------------------------------------------------------------------
 (0) _main                                                 3     3      0      30
                                              0 COMMON     3     3      0
                                _adc
                       _check_switch
 ---------------------------------------------------------------------------------
 (1) _check_switch                                         0     0      0       0
 ---------------------------------------------------------------------------------
 (1) _adc                                                  0     0      0       0
 ---------------------------------------------------------------------------------
 Estimated maximum stack depth 1
 ---------------------------------------------------------------------------------

 Call Graph Graphs:

 _main (ROOT)
   _adc
   _check_switch

 Address spaces:
Name               Size   Autos  Total    Cost      Usage
BIGRAM             3F0      0       0       0        0.0%
EEDATA             100      0       0       0        0.0%
NULL                 0      0       0       0        0.0%
CODE                 0      0       0       0        0.0%
BITCOMMON            E      0       0       1        0.0%
BITSFR0              0      0       0       1        0.0%
SFR0                 0      0       0       1        0.0%
COMMON               E      3       4       2       28.6%
BITSFR1              0      0       0       2        0.0%
SFR1                 0      0       0       2        0.0%
BITSFR2              0      0       0       3        0.0%
SFR2                 0      0       0       3        0.0%
STACK                0      0       0       3        0.0%
BITBANK0            50      0       0       4        0.0%
BITSFR3              0      0       0       4        0.0%
SFR3                 0      0       0       4        0.0%
BANK0               50      0       0       5        0.0%
BITSFR4              0      0       0       5        0.0%
SFR4                 0      0       0       5        0.0%
BITBANK1            50      0       0       6        0.0%
BITSFR5              0      0       0       6        0.0%
SFR5                 0      0       0       6        0.0%
BANK1               50      0       0       7        0.0%
BITSFR6              0      0       0       7        0.0%
SFR6                 0      0       0       7        0.0%
BITBANK2            50      0       0       8        0.0%
BITSFR7              0      0       0       8        0.0%
SFR7                 0      0       0       8        0.0%
BANK2               50      0       0       9        0.0%
BITSFR8              0      0       0       9        0.0%
SFR8                 0      0       0       9        0.0%
BITBANK3            50      0       0      10        0.0%
BITSFR9              0      0       0      10        0.0%
SFR9                 0      0       0      10        0.0%
BANK3               50      0       0      11        0.0%
BITSFR10             0      0       0      11        0.0%
SFR10                0      0       0      11        0.0%
BITBANK4            50      0       0      12        0.0%
BITSFR11             0      0       0      12        0.0%
SFR11                0      0       0      12        0.0%
BANK4               50      0       0      13        0.0%
BITSFR12             0      0       0      13        0.0%
SFR12                0      0       0      13        0.0%
BITBANK5            50      0       0      14        0.0%
BITSFR13             0      0       0      14        0.0%
SFR13                0      0       0      14        0.0%
BANK5               50      0       0      15        0.0%
BITSFR14             0      0       0      15        0.0%
SFR14                0      0       0      15        0.0%
BITBANK6            50      0       0      16        0.0%
BITSFR15             0      0       0      16        0.0%
SFR15                0      0       0      16        0.0%
BANK6               50      0       0      17        0.0%
BITSFR16             0      0       0      17        0.0%
SFR16                0      0       0      17        0.0%
BITBANK7            50      0       0      18        0.0%
BITSFR17             0      0       0      18        0.0%
SFR17                0      0       0      18        0.0%
BANK7               50      0       0      19        0.0%
BITSFR18             0      0       0      19        0.0%
SFR18                0      0       0      19        0.0%
BITSFR19             0      0       0      20        0.0%
SFR19                0      0       0      20        0.0%
ABS                  0      0       4      20        0.0%
BITBANK8            50      0       0      21        0.0%
BITSFR20             0      0       0      21        0.0%
SFR20                0      0       0      21        0.0%
BANK8               50      0       0      22        0.0%
BITSFR21             0      0       0      22        0.0%
SFR21                0      0       0      22        0.0%
BITBANK9            50      0       0      23        0.0%
BITSFR22             0      0       0      23        0.0%
SFR22                0      0       0      23        0.0%
BANK9               50      0       0      24        0.0%
BITSFR23             0      0       0      24        0.0%
SFR23                0      0       0      24        0.0%
BITBANK10           50      0       0      25        0.0%
BITSFR24             0      0       0      25        0.0%
SFR24                0      0       0      25        0.0%
BANK10              50      0       0      26        0.0%
BITSFR25             0      0       0      26        0.0%
SFR25                0      0       0      26        0.0%
BITBANK11           50      0       0      27        0.0%
BITSFR26             0      0       0      27        0.0%
SFR26                0      0       0      27        0.0%
BANK11              50      0       0      28        0.0%
BITSFR27             0      0       0      28        0.0%
SFR27                0      0       0      28        0.0%
BITBANK12           30      0       0      29        0.0%
BITSFR28             0      0       0      29        0.0%
SFR28                0      0       0      29        0.0%
BANK12              30      0       0      30        0.0%
BITSFR29             0      0       0      30        0.0%
SFR29                0      0       0      30        0.0%
BITSFR30             0      0       0      31        0.0%
SFR30                0      0       0      31        0.0%
DATA                 0      0       4      31        0.0%
BITSFR31             0      0       0      32        0.0%
SFR31                0      0       0      32        0.0%


Microchip Technology PIC Macro Assembler V1.42 build -159332390 
Symbol Table                                                                                   Fri May 26 06:44:28 2017

                     l51 07B0                       l60 0793                       l52 07A6  
                     l55 07AC                       l39 07E7                       _GO 04E9  
                    l583 07D3                      l585 07DD                      l577 07C9  
                    l595 07F3                      u117 07D0                      u127 07D9  
                    u137 079B                      _adc 0791                      wreg 0009  
   __end_of_check_switch 07B4             __CFG_LVP$OFF 0000                     ?_adc 0070  
                   _LATC 010E                     _main 07B4                     btemp 007E  
                   start 0002            __CFG_IESO$OFF 0000                    ??_adc 0070  
                  ?_main 0070            __CFG_WDTE$OFF 0000                    _TRISC 008E  
         __CFG_FCMEN$OFF 0000                    status 0003                    wtemp0 007E  
         __CFG_MCLRE$OFF 0000          __initialization 07FA             __end_of_main 07FA  
                 ??_main 0070           __CFG_PLLEN$OFF 0000            main@direction 0072  
                 _ADCON0 009D                   _ADCON1 009E                   _ADRESH 009C  
                 _OSCCON 0099    __size_of_check_switch 001D             __pdataCOMMON 0073  
__end_of__initialization 07FD             _check_switch 0797           __pcstackCOMMON 0070  
             __pmaintext 07B4          __CFG_STVREN$OFF 0000                  __ptext1 0797  
                __ptext2 0791             __size_of_adc 0006     end_of_initialization 07FD  
              _PORTAbits 000C         __CFG_FOSC$INTOSC 0000                _TRISAbits 008C  
          __pidataCOMMON 0790      start_initialization 07FA              __end_of_adc 0797  
              ___latbits 0002                 _LATCbits 010E                main@delay 0071  
          ?_check_switch 0070               _ANSELAbits 018C            __size_of_main 0046  
         ??_check_switch 0070           _previous_state 0073               _STATUSbits 0003  
