

Microchip MPLAB XC8 Assembler V2.45 build 20230818022343 
                                                                                               Mon Oct 30 22:00:12 2023

Microchip MPLAB XC8 C Compiler v2.45 (Free license) build 20230818022343 Og1 
     1                           	processor	16F1619
     2                           	pagewidth 120
     3                           	opt	flic
     4                           	psect	cinit,global,class=CODE,merge=1,delta=2
     5                           	psect	cstackCOMMON,global,class=COMMON,space=1,delta=1,noexec
     6                           	psect	maintext,global,class=CODE,merge=1,split=1,delta=2
     7                           	psect	text1,local,class=CODE,merge=1,delta=2
     8                           	psect	text2,local,class=CODE,merge=1,delta=2
     9                           	psect	text3,local,class=CODE,merge=1,delta=2
    10                           	psect	idloc,global,abs,ovrld,class=IDLOC,space=5,delta=2,noexec
    11                           	psect	config,global,abs,ovrld,class=CONFIG,space=4,delta=2,noexec
    12                           	dabs	1,0x7E,2
    13     0000                     
    14                           ; Generated 06/07/2023 GMT
    15                           ; 
    16                           ; Copyright © 2023, Microchip Technology Inc. and its subsidiaries ("Microchip")
    17                           ; All rights reserved.
    18                           ; 
    19                           ; This software is developed by Microchip Technology Inc. and its subsidiaries ("Microch
      +                          ip").
    20                           ; 
    21                           ; Redistribution and use in source and binary forms, with or without modification, are
    22                           ; permitted provided that the following conditions are met:
    23                           ; 
    24                           ;     1. Redistributions of source code must retain the above copyright notice, this lis
      +                          t of
    25                           ;        conditions and the following disclaimer.
    26                           ; 
    27                           ;     2. Redistributions in binary form must reproduce the above copyright notice, this 
      +                          list
    28                           ;        of conditions and the following disclaimer in the documentation and/or other
    29                           ;        materials provided with the distribution. Publication is not required when
    30                           ;        this file is used in an embedded application.
    31                           ; 
    32                           ;     3. Microchip's name may not be used to endorse or promote products derived from th
      +                          is
    33                           ;        software without specific prior written permission.
    34                           ; 
    35                           ; THIS SOFTWARE IS PROVIDED BY MICROCHIP "AS IS" AND ANY EXPRESS OR IMPLIED WARRANTIES,
    36                           ; INCLUDING, BUT NOT LIMITED TO, THE IMPLIED WARRANTIES OF MERCHANTABILITY AND FITNESS F
      +                          OR
    37                           ; PURPOSE ARE DISCLAIMED.  IN NO EVENT SHALL MICROCHIP BE LIABLE FOR ANY DIRECT, INDIREC
      +                          T,
    38                           ; INCIDENTAL, SPECIAL, EXEMPLARY, OR CONSEQUENTIAL DAMAGES (INCLUDING BUT NOT LIMITED TO
    39                           ; PROCUREMENT OF SUBSTITUTE GOODS OR SERVICES; LOSS OF USE, DATA OR PROFITS; OR BUSINESS
    40                           ; INTERRUPTION) HOWSOEVER CAUSED AND ON ANY THEORY OF LIABILITY, WHETHER IN CONTRACT, ST
      +                          RICT
    41                           ; LIABILITY, OR TORT (INCLUDING NEGLIGENCE OR OTHERWISE) ARISING IN ANY WAY OUT OF THE U
      +                          SE OF
    42                           ; THIS SOFTWARE, EVEN IF ADVISED OF THE POSSIBILITY OF SUCH DAMAGE.
    43                           ; 
    44                           ; 
    45                           ; Code-generator required, PIC16F1619 Definitions
    46                           ; 
    47                           ; SFR Addresses
    48     0000                     	;# 
    49     0001                     	;# 
    50     0002                     	;# 
    51     0003                     	;# 
    52     0004                     	;# 
    53     0005                     	;# 
    54     0006                     	;# 
    55     0007                     	;# 
    56     0008                     	;# 
    57     0009                     	;# 
    58     000A                     	;# 
    59     000B                     	;# 
    60     000C                     	;# 
    61     000D                     	;# 
    62     000E                     	;# 
    63     0010                     	;# 
    64     0011                     	;# 
    65     0012                     	;# 
    66     0013                     	;# 
    67     0014                     	;# 
    68     0015                     	;# 
    69     0016                     	;# 
    70     0016                     	;# 
    71     0017                     	;# 
    72     0018                     	;# 
    73     0019                     	;# 
    74     001A                     	;# 
    75     001A                     	;# 
    76     001B                     	;# 
    77     001B                     	;# 
    78     001C                     	;# 
    79     001D                     	;# 
    80     001E                     	;# 
    81     001F                     	;# 
    82     008C                     	;# 
    83     008D                     	;# 
    84     008E                     	;# 
    85     0090                     	;# 
    86     0091                     	;# 
    87     0092                     	;# 
    88     0093                     	;# 
    89     0094                     	;# 
    90     0095                     	;# 
    91     0096                     	;# 
    92     0098                     	;# 
    93     0099                     	;# 
    94     009A                     	;# 
    95     009B                     	;# 
    96     009B                     	;# 
    97     009C                     	;# 
    98     009D                     	;# 
    99     009E                     	;# 
   100     009F                     	;# 
   101     010C                     	;# 
   102     010D                     	;# 
   103     010E                     	;# 
   104     0111                     	;# 
   105     0112                     	;# 
   106     0113                     	;# 
   107     0114                     	;# 
   108     0115                     	;# 
   109     0116                     	;# 
   110     0117                     	;# 
   111     0118                     	;# 
   112     0119                     	;# 
   113     011C                     	;# 
   114     018C                     	;# 
   115     018D                     	;# 
   116     018E                     	;# 
   117     0191                     	;# 
   118     0191                     	;# 
   119     0192                     	;# 
   120     0193                     	;# 
   121     0193                     	;# 
   122     0194                     	;# 
   123     0195                     	;# 
   124     0196                     	;# 
   125     0197                     	;# 
   126     0199                     	;# 
   127     0199                     	;# 
   128     0199                     	;# 
   129     019A                     	;# 
   130     019A                     	;# 
   131     019A                     	;# 
   132     019B                     	;# 
   133     019B                     	;# 
   134     019B                     	;# 
   135     019B                     	;# 
   136     019B                     	;# 
   137     019C                     	;# 
   138     019C                     	;# 
   139     019C                     	;# 
   140     019D                     	;# 
   141     019D                     	;# 
   142     019D                     	;# 
   143     019E                     	;# 
   144     019E                     	;# 
   145     019E                     	;# 
   146     019F                     	;# 
   147     019F                     	;# 
   148     019F                     	;# 
   149     019F                     	;# 
   150     019F                     	;# 
   151     020C                     	;# 
   152     020D                     	;# 
   153     020E                     	;# 
   154     0211                     	;# 
   155     0211                     	;# 
   156     0212                     	;# 
   157     0212                     	;# 
   158     0213                     	;# 
   159     0213                     	;# 
   160     0214                     	;# 
   161     0214                     	;# 
   162     0215                     	;# 
   163     0215                     	;# 
   164     0215                     	;# 
   165     0215                     	;# 
   166     0216                     	;# 
   167     0216                     	;# 
   168     0217                     	;# 
   169     0217                     	;# 
   170     028C                     	;# 
   171     028D                     	;# 
   172     028E                     	;# 
   173     0291                     	;# 
   174     0291                     	;# 
   175     0292                     	;# 
   176     0293                     	;# 
   177     0294                     	;# 
   178     0298                     	;# 
   179     0298                     	;# 
   180     0299                     	;# 
   181     029A                     	;# 
   182     029B                     	;# 
   183     029E                     	;# 
   184     030C                     	;# 
   185     030D                     	;# 
   186     030E                     	;# 
   187     038C                     	;# 
   188     038D                     	;# 
   189     038E                     	;# 
   190     0391                     	;# 
   191     0392                     	;# 
   192     0393                     	;# 
   193     0394                     	;# 
   194     0395                     	;# 
   195     0396                     	;# 
   196     0397                     	;# 
   197     0398                     	;# 
   198     0399                     	;# 
   199     040E                     	;# 
   200     0413                     	;# 
   201     0413                     	;# 
   202     0414                     	;# 
   203     0414                     	;# 
   204     0415                     	;# 
   205     0416                     	;# 
   206     0417                     	;# 
   207     0418                     	;# 
   208     041A                     	;# 
   209     041A                     	;# 
   210     041B                     	;# 
   211     041B                     	;# 
   212     041C                     	;# 
   213     041D                     	;# 
   214     041E                     	;# 
   215     041F                     	;# 
   216     0493                     	;# 
   217     0494                     	;# 
   218     0495                     	;# 
   219     0496                     	;# 
   220     049A                     	;# 
   221     049B                     	;# 
   222     049C                     	;# 
   223     049D                     	;# 
   224     058C                     	;# 
   225     058C                     	;# 
   226     058D                     	;# 
   227     058E                     	;# 
   228     058E                     	;# 
   229     058F                     	;# 
   230     0590                     	;# 
   231     0590                     	;# 
   232     0591                     	;# 
   233     0592                     	;# 
   234     0592                     	;# 
   235     0593                     	;# 
   236     0594                     	;# 
   237     0594                     	;# 
   238     0595                     	;# 
   239     0596                     	;# 
   240     0596                     	;# 
   241     0597                     	;# 
   242     0598                     	;# 
   243     0599                     	;# 
   244     059A                     	;# 
   245     059B                     	;# 
   246     059B                     	;# 
   247     059C                     	;# 
   248     059D                     	;# 
   249     060C                     	;# 
   250     060C                     	;# 
   251     060D                     	;# 
   252     060E                     	;# 
   253     060F                     	;# 
   254     060F                     	;# 
   255     0610                     	;# 
   256     0611                     	;# 
   257     0612                     	;# 
   258     0613                     	;# 
   259     0614                     	;# 
   260     0617                     	;# 
   261     0617                     	;# 
   262     0618                     	;# 
   263     0619                     	;# 
   264     061A                     	;# 
   265     061A                     	;# 
   266     061B                     	;# 
   267     061C                     	;# 
   268     0691                     	;# 
   269     0692                     	;# 
   270     0693                     	;# 
   271     0694                     	;# 
   272     0695                     	;# 
   273     0696                     	;# 
   274     0697                     	;# 
   275     0699                     	;# 
   276     069A                     	;# 
   277     0711                     	;# 
   278     0712                     	;# 
   279     0713                     	;# 
   280     0714                     	;# 
   281     0715                     	;# 
   282     0718                     	;# 
   283     0718                     	;# 
   284     0719                     	;# 
   285     071A                     	;# 
   286     071A                     	;# 
   287     071B                     	;# 
   288     071C                     	;# 
   289     071D                     	;# 
   290     0791                     	;# 
   291     0791                     	;# 
   292     0792                     	;# 
   293     0793                     	;# 
   294     0793                     	;# 
   295     0794                     	;# 
   296     0795                     	;# 
   297     0795                     	;# 
   298     0796                     	;# 
   299     0797                     	;# 
   300     0797                     	;# 
   301     0798                     	;# 
   302     0799                     	;# 
   303     079A                     	;# 
   304     080C                     	;# 
   305     080C                     	;# 
   306     080D                     	;# 
   307     080E                     	;# 
   308     080E                     	;# 
   309     080F                     	;# 
   310     0810                     	;# 
   311     0810                     	;# 
   312     0811                     	;# 
   313     0812                     	;# 
   314     0812                     	;# 
   315     0813                     	;# 
   316     0814                     	;# 
   317     0815                     	;# 
   318     0816                     	;# 
   319     0817                     	;# 
   320     0818                     	;# 
   321     0819                     	;# 
   322     081A                     	;# 
   323     081A                     	;# 
   324     081B                     	;# 
   325     081C                     	;# 
   326     081C                     	;# 
   327     081D                     	;# 
   328     088C                     	;# 
   329     088D                     	;# 
   330     088E                     	;# 
   331     088F                     	;# 
   332     088F                     	;# 
   333     0890                     	;# 
   334     0891                     	;# 
   335     0892                     	;# 
   336     0893                     	;# 
   337     0893                     	;# 
   338     0894                     	;# 
   339     0895                     	;# 
   340     0896                     	;# 
   341     0897                     	;# 
   342     0897                     	;# 
   343     0898                     	;# 
   344     0899                     	;# 
   345     0D8C                     	;# 
   346     0D8C                     	;# 
   347     0D8D                     	;# 
   348     0D8E                     	;# 
   349     0D8F                     	;# 
   350     0D8F                     	;# 
   351     0D90                     	;# 
   352     0D91                     	;# 
   353     0D92                     	;# 
   354     0D92                     	;# 
   355     0D93                     	;# 
   356     0D94                     	;# 
   357     0D95                     	;# 
   358     0D95                     	;# 
   359     0D96                     	;# 
   360     0D97                     	;# 
   361     0D98                     	;# 
   362     0D99                     	;# 
   363     0D9A                     	;# 
   364     0D9B                     	;# 
   365     0D9C                     	;# 
   366     0D9D                     	;# 
   367     0D9E                     	;# 
   368     0D9E                     	;# 
   369     0D9F                     	;# 
   370     0DA0                     	;# 
   371     0DA1                     	;# 
   372     0DA1                     	;# 
   373     0DA2                     	;# 
   374     0DA3                     	;# 
   375     0DA4                     	;# 
   376     0DA4                     	;# 
   377     0DA5                     	;# 
   378     0DA6                     	;# 
   379     0DA7                     	;# 
   380     0DA7                     	;# 
   381     0DA8                     	;# 
   382     0DA9                     	;# 
   383     0DAA                     	;# 
   384     0DAB                     	;# 
   385     0DAC                     	;# 
   386     0DAD                     	;# 
   387     0DAE                     	;# 
   388     0DAF                     	;# 
   389     0E0F                     	;# 
   390     0E10                     	;# 
   391     0E11                     	;# 
   392     0E12                     	;# 
   393     0E13                     	;# 
   394     0E14                     	;# 
   395     0E15                     	;# 
   396     0E16                     	;# 
   397     0E17                     	;# 
   398     0E17                     	;# 
   399     0E18                     	;# 
   400     0E18                     	;# 
   401     0E19                     	;# 
   402     0E1A                     	;# 
   403     0E1B                     	;# 
   404     0E1B                     	;# 
   405     0E1C                     	;# 
   406     0E1D                     	;# 
   407     0E1E                     	;# 
   408     0E1E                     	;# 
   409     0E1F                     	;# 
   410     0E20                     	;# 
   411     0E21                     	;# 
   412     0E22                     	;# 
   413     0E23                     	;# 
   414     0E24                     	;# 
   415     0E25                     	;# 
   416     0E26                     	;# 
   417     0E27                     	;# 
   418     0E28                     	;# 
   419     0E29                     	;# 
   420     0E2A                     	;# 
   421     0E2B                     	;# 
   422     0E2C                     	;# 
   423     0E2D                     	;# 
   424     0E2E                     	;# 
   425     0E90                     	;# 
   426     0E91                     	;# 
   427     0E92                     	;# 
   428     0E94                     	;# 
   429     0E95                     	;# 
   430     0E9C                     	;# 
   431     0E9D                     	;# 
   432     0E9E                     	;# 
   433     0E9F                     	;# 
   434     0EA0                     	;# 
   435     0EA1                     	;# 
   436     0EA2                     	;# 
   437     0EA3                     	;# 
   438     0EA4                     	;# 
   439     0EA5                     	;# 
   440     0EA6                     	;# 
   441     0EA7                     	;# 
   442     0F0F                     	;# 
   443     0F10                     	;# 
   444     0F11                     	;# 
   445     0F12                     	;# 
   446     0F13                     	;# 
   447     0F14                     	;# 
   448     0F15                     	;# 
   449     0F16                     	;# 
   450     0F17                     	;# 
   451     0F18                     	;# 
   452     0F19                     	;# 
   453     0F1A                     	;# 
   454     0F1B                     	;# 
   455     0F1C                     	;# 
   456     0F1D                     	;# 
   457     0F1E                     	;# 
   458     0F1F                     	;# 
   459     0F20                     	;# 
   460     0F21                     	;# 
   461     0F22                     	;# 
   462     0F23                     	;# 
   463     0F24                     	;# 
   464     0F25                     	;# 
   465     0F26                     	;# 
   466     0F27                     	;# 
   467     0F28                     	;# 
   468     0F29                     	;# 
   469     0F2A                     	;# 
   470     0F2B                     	;# 
   471     0F2C                     	;# 
   472     0F2D                     	;# 
   473     0F2E                     	;# 
   474     0F2F                     	;# 
   475     0F30                     	;# 
   476     0F31                     	;# 
   477     0F32                     	;# 
   478     0F33                     	;# 
   479     0F34                     	;# 
   480     0F35                     	;# 
   481     0F36                     	;# 
   482     0F37                     	;# 
   483     0FE4                     	;# 
   484     0FE5                     	;# 
   485     0FE6                     	;# 
   486     0FE7                     	;# 
   487     0FE8                     	;# 
   488     0FE9                     	;# 
   489     0FEA                     	;# 
   490     0FEB                     	;# 
   491     0FED                     	;# 
   492     0FEE                     	;# 
   493     0FEF                     	;# 
   494     0000                     	;# 
   495     0001                     	;# 
   496     0002                     	;# 
   497     0003                     	;# 
   498     0004                     	;# 
   499     0005                     	;# 
   500     0006                     	;# 
   501     0007                     	;# 
   502     0008                     	;# 
   503     0009                     	;# 
   504     000A                     	;# 
   505     000B                     	;# 
   506     000C                     	;# 
   507     000D                     	;# 
   508     000E                     	;# 
   509     0010                     	;# 
   510     0011                     	;# 
   511     0012                     	;# 
   512     0013                     	;# 
   513     0014                     	;# 
   514     0015                     	;# 
   515     0016                     	;# 
   516     0016                     	;# 
   517     0017                     	;# 
   518     0018                     	;# 
   519     0019                     	;# 
   520     001A                     	;# 
   521     001A                     	;# 
   522     001B                     	;# 
   523     001B                     	;# 
   524     001C                     	;# 
   525     001D                     	;# 
   526     001E                     	;# 
   527     001F                     	;# 
   528     008C                     	;# 
   529     008D                     	;# 
   530     008E                     	;# 
   531     0090                     	;# 
   532     0091                     	;# 
   533     0092                     	;# 
   534     0093                     	;# 
   535     0094                     	;# 
   536     0095                     	;# 
   537     0096                     	;# 
   538     0098                     	;# 
   539     0099                     	;# 
   540     009A                     	;# 
   541     009B                     	;# 
   542     009B                     	;# 
   543     009C                     	;# 
   544     009D                     	;# 
   545     009E                     	;# 
   546     009F                     	;# 
   547     010C                     	;# 
   548     010D                     	;# 
   549     010E                     	;# 
   550     0111                     	;# 
   551     0112                     	;# 
   552     0113                     	;# 
   553     0114                     	;# 
   554     0115                     	;# 
   555     0116                     	;# 
   556     0117                     	;# 
   557     0118                     	;# 
   558     0119                     	;# 
   559     011C                     	;# 
   560     018C                     	;# 
   561     018D                     	;# 
   562     018E                     	;# 
   563     0191                     	;# 
   564     0191                     	;# 
   565     0192                     	;# 
   566     0193                     	;# 
   567     0193                     	;# 
   568     0194                     	;# 
   569     0195                     	;# 
   570     0196                     	;# 
   571     0197                     	;# 
   572     0199                     	;# 
   573     0199                     	;# 
   574     0199                     	;# 
   575     019A                     	;# 
   576     019A                     	;# 
   577     019A                     	;# 
   578     019B                     	;# 
   579     019B                     	;# 
   580     019B                     	;# 
   581     019B                     	;# 
   582     019B                     	;# 
   583     019C                     	;# 
   584     019C                     	;# 
   585     019C                     	;# 
   586     019D                     	;# 
   587     019D                     	;# 
   588     019D                     	;# 
   589     019E                     	;# 
   590     019E                     	;# 
   591     019E                     	;# 
   592     019F                     	;# 
   593     019F                     	;# 
   594     019F                     	;# 
   595     019F                     	;# 
   596     019F                     	;# 
   597     020C                     	;# 
   598     020D                     	;# 
   599     020E                     	;# 
   600     0211                     	;# 
   601     0211                     	;# 
   602     0212                     	;# 
   603     0212                     	;# 
   604     0213                     	;# 
   605     0213                     	;# 
   606     0214                     	;# 
   607     0214                     	;# 
   608     0215                     	;# 
   609     0215                     	;# 
   610     0215                     	;# 
   611     0215                     	;# 
   612     0216                     	;# 
   613     0216                     	;# 
   614     0217                     	;# 
   615     0217                     	;# 
   616     028C                     	;# 
   617     028D                     	;# 
   618     028E                     	;# 
   619     0291                     	;# 
   620     0291                     	;# 
   621     0292                     	;# 
   622     0293                     	;# 
   623     0294                     	;# 
   624     0298                     	;# 
   625     0298                     	;# 
   626     0299                     	;# 
   627     029A                     	;# 
   628     029B                     	;# 
   629     029E                     	;# 
   630     030C                     	;# 
   631     030D                     	;# 
   632     030E                     	;# 
   633     038C                     	;# 
   634     038D                     	;# 
   635     038E                     	;# 
   636     0391                     	;# 
   637     0392                     	;# 
   638     0393                     	;# 
   639     0394                     	;# 
   640     0395                     	;# 
   641     0396                     	;# 
   642     0397                     	;# 
   643     0398                     	;# 
   644     0399                     	;# 
   645     040E                     	;# 
   646     0413                     	;# 
   647     0413                     	;# 
   648     0414                     	;# 
   649     0414                     	;# 
   650     0415                     	;# 
   651     0416                     	;# 
   652     0417                     	;# 
   653     0418                     	;# 
   654     041A                     	;# 
   655     041A                     	;# 
   656     041B                     	;# 
   657     041B                     	;# 
   658     041C                     	;# 
   659     041D                     	;# 
   660     041E                     	;# 
   661     041F                     	;# 
   662     0493                     	;# 
   663     0494                     	;# 
   664     0495                     	;# 
   665     0496                     	;# 
   666     049A                     	;# 
   667     049B                     	;# 
   668     049C                     	;# 
   669     049D                     	;# 
   670     058C                     	;# 
   671     058C                     	;# 
   672     058D                     	;# 
   673     058E                     	;# 
   674     058E                     	;# 
   675     058F                     	;# 
   676     0590                     	;# 
   677     0590                     	;# 
   678     0591                     	;# 
   679     0592                     	;# 
   680     0592                     	;# 
   681     0593                     	;# 
   682     0594                     	;# 
   683     0594                     	;# 
   684     0595                     	;# 
   685     0596                     	;# 
   686     0596                     	;# 
   687     0597                     	;# 
   688     0598                     	;# 
   689     0599                     	;# 
   690     059A                     	;# 
   691     059B                     	;# 
   692     059B                     	;# 
   693     059C                     	;# 
   694     059D                     	;# 
   695     060C                     	;# 
   696     060C                     	;# 
   697     060D                     	;# 
   698     060E                     	;# 
   699     060F                     	;# 
   700     060F                     	;# 
   701     0610                     	;# 
   702     0611                     	;# 
   703     0612                     	;# 
   704     0613                     	;# 
   705     0614                     	;# 
   706     0617                     	;# 
   707     0617                     	;# 
   708     0618                     	;# 
   709     0619                     	;# 
   710     061A                     	;# 
   711     061A                     	;# 
   712     061B                     	;# 
   713     061C                     	;# 
   714     0691                     	;# 
   715     0692                     	;# 
   716     0693                     	;# 
   717     0694                     	;# 
   718     0695                     	;# 
   719     0696                     	;# 
   720     0697                     	;# 
   721     0699                     	;# 
   722     069A                     	;# 
   723     0711                     	;# 
   724     0712                     	;# 
   725     0713                     	;# 
   726     0714                     	;# 
   727     0715                     	;# 
   728     0718                     	;# 
   729     0718                     	;# 
   730     0719                     	;# 
   731     071A                     	;# 
   732     071A                     	;# 
   733     071B                     	;# 
   734     071C                     	;# 
   735     071D                     	;# 
   736     0791                     	;# 
   737     0791                     	;# 
   738     0792                     	;# 
   739     0793                     	;# 
   740     0793                     	;# 
   741     0794                     	;# 
   742     0795                     	;# 
   743     0795                     	;# 
   744     0796                     	;# 
   745     0797                     	;# 
   746     0797                     	;# 
   747     0798                     	;# 
   748     0799                     	;# 
   749     079A                     	;# 
   750     080C                     	;# 
   751     080C                     	;# 
   752     080D                     	;# 
   753     080E                     	;# 
   754     080E                     	;# 
   755     080F                     	;# 
   756     0810                     	;# 
   757     0810                     	;# 
   758     0811                     	;# 
   759     0812                     	;# 
   760     0812                     	;# 
   761     0813                     	;# 
   762     0814                     	;# 
   763     0815                     	;# 
   764     0816                     	;# 
   765     0817                     	;# 
   766     0818                     	;# 
   767     0819                     	;# 
   768     081A                     	;# 
   769     081A                     	;# 
   770     081B                     	;# 
   771     081C                     	;# 
   772     081C                     	;# 
   773     081D                     	;# 
   774     088C                     	;# 
   775     088D                     	;# 
   776     088E                     	;# 
   777     088F                     	;# 
   778     088F                     	;# 
   779     0890                     	;# 
   780     0891                     	;# 
   781     0892                     	;# 
   782     0893                     	;# 
   783     0893                     	;# 
   784     0894                     	;# 
   785     0895                     	;# 
   786     0896                     	;# 
   787     0897                     	;# 
   788     0897                     	;# 
   789     0898                     	;# 
   790     0899                     	;# 
   791     0D8C                     	;# 
   792     0D8C                     	;# 
   793     0D8D                     	;# 
   794     0D8E                     	;# 
   795     0D8F                     	;# 
   796     0D8F                     	;# 
   797     0D90                     	;# 
   798     0D91                     	;# 
   799     0D92                     	;# 
   800     0D92                     	;# 
   801     0D93                     	;# 
   802     0D94                     	;# 
   803     0D95                     	;# 
   804     0D95                     	;# 
   805     0D96                     	;# 
   806     0D97                     	;# 
   807     0D98                     	;# 
   808     0D99                     	;# 
   809     0D9A                     	;# 
   810     0D9B                     	;# 
   811     0D9C                     	;# 
   812     0D9D                     	;# 
   813     0D9E                     	;# 
   814     0D9E                     	;# 
   815     0D9F                     	;# 
   816     0DA0                     	;# 
   817     0DA1                     	;# 
   818     0DA1                     	;# 
   819     0DA2                     	;# 
   820     0DA3                     	;# 
   821     0DA4                     	;# 
   822     0DA4                     	;# 
   823     0DA5                     	;# 
   824     0DA6                     	;# 
   825     0DA7                     	;# 
   826     0DA7                     	;# 
   827     0DA8                     	;# 
   828     0DA9                     	;# 
   829     0DAA                     	;# 
   830     0DAB                     	;# 
   831     0DAC                     	;# 
   832     0DAD                     	;# 
   833     0DAE                     	;# 
   834     0DAF                     	;# 
   835     0E0F                     	;# 
   836     0E10                     	;# 
   837     0E11                     	;# 
   838     0E12                     	;# 
   839     0E13                     	;# 
   840     0E14                     	;# 
   841     0E15                     	;# 
   842     0E16                     	;# 
   843     0E17                     	;# 
   844     0E17                     	;# 
   845     0E18                     	;# 
   846     0E18                     	;# 
   847     0E19                     	;# 
   848     0E1A                     	;# 
   849     0E1B                     	;# 
   850     0E1B                     	;# 
   851     0E1C                     	;# 
   852     0E1D                     	;# 
   853     0E1E                     	;# 
   854     0E1E                     	;# 
   855     0E1F                     	;# 
   856     0E20                     	;# 
   857     0E21                     	;# 
   858     0E22                     	;# 
   859     0E23                     	;# 
   860     0E24                     	;# 
   861     0E25                     	;# 
   862     0E26                     	;# 
   863     0E27                     	;# 
   864     0E28                     	;# 
   865     0E29                     	;# 
   866     0E2A                     	;# 
   867     0E2B                     	;# 
   868     0E2C                     	;# 
   869     0E2D                     	;# 
   870     0E2E                     	;# 
   871     0E90                     	;# 
   872     0E91                     	;# 
   873     0E92                     	;# 
   874     0E94                     	;# 
   875     0E95                     	;# 
   876     0E9C                     	;# 
   877     0E9D                     	;# 
   878     0E9E                     	;# 
   879     0E9F                     	;# 
   880     0EA0                     	;# 
   881     0EA1                     	;# 
   882     0EA2                     	;# 
   883     0EA3                     	;# 
   884     0EA4                     	;# 
   885     0EA5                     	;# 
   886     0EA6                     	;# 
   887     0EA7                     	;# 
   888     0F0F                     	;# 
   889     0F10                     	;# 
   890     0F11                     	;# 
   891     0F12                     	;# 
   892     0F13                     	;# 
   893     0F14                     	;# 
   894     0F15                     	;# 
   895     0F16                     	;# 
   896     0F17                     	;# 
   897     0F18                     	;# 
   898     0F19                     	;# 
   899     0F1A                     	;# 
   900     0F1B                     	;# 
   901     0F1C                     	;# 
   902     0F1D                     	;# 
   903     0F1E                     	;# 
   904     0F1F                     	;# 
   905     0F20                     	;# 
   906     0F21                     	;# 
   907     0F22                     	;# 
   908     0F23                     	;# 
   909     0F24                     	;# 
   910     0F25                     	;# 
   911     0F26                     	;# 
   912     0F27                     	;# 
   913     0F28                     	;# 
   914     0F29                     	;# 
   915     0F2A                     	;# 
   916     0F2B                     	;# 
   917     0F2C                     	;# 
   918     0F2D                     	;# 
   919     0F2E                     	;# 
   920     0F2F                     	;# 
   921     0F30                     	;# 
   922     0F31                     	;# 
   923     0F32                     	;# 
   924     0F33                     	;# 
   925     0F34                     	;# 
   926     0F35                     	;# 
   927     0F36                     	;# 
   928     0F37                     	;# 
   929     0FE4                     	;# 
   930     0FE5                     	;# 
   931     0FE6                     	;# 
   932     0FE7                     	;# 
   933     0FE8                     	;# 
   934     0FE9                     	;# 
   935     0FEA                     	;# 
   936     0FEB                     	;# 
   937     0FED                     	;# 
   938     0FEE                     	;# 
   939     0FEF                     	;# 
   940     0000                     	;# 
   941     0001                     	;# 
   942     0002                     	;# 
   943     0003                     	;# 
   944     0004                     	;# 
   945     0005                     	;# 
   946     0006                     	;# 
   947     0007                     	;# 
   948     0008                     	;# 
   949     0009                     	;# 
   950     000A                     	;# 
   951     000B                     	;# 
   952     000C                     	;# 
   953     000D                     	;# 
   954     000E                     	;# 
   955     0010                     	;# 
   956     0011                     	;# 
   957     0012                     	;# 
   958     0013                     	;# 
   959     0014                     	;# 
   960     0015                     	;# 
   961     0016                     	;# 
   962     0016                     	;# 
   963     0017                     	;# 
   964     0018                     	;# 
   965     0019                     	;# 
   966     001A                     	;# 
   967     001A                     	;# 
   968     001B                     	;# 
   969     001B                     	;# 
   970     001C                     	;# 
   971     001D                     	;# 
   972     001E                     	;# 
   973     001F                     	;# 
   974     008C                     	;# 
   975     008D                     	;# 
   976     008E                     	;# 
   977     0090                     	;# 
   978     0091                     	;# 
   979     0092                     	;# 
   980     0093                     	;# 
   981     0094                     	;# 
   982     0095                     	;# 
   983     0096                     	;# 
   984     0098                     	;# 
   985     0099                     	;# 
   986     009A                     	;# 
   987     009B                     	;# 
   988     009B                     	;# 
   989     009C                     	;# 
   990     009D                     	;# 
   991     009E                     	;# 
   992     009F                     	;# 
   993     010C                     	;# 
   994     010D                     	;# 
   995     010E                     	;# 
   996     0111                     	;# 
   997     0112                     	;# 
   998     0113                     	;# 
   999     0114                     	;# 
  1000     0115                     	;# 
  1001     0116                     	;# 
  1002     0117                     	;# 
  1003     0118                     	;# 
  1004     0119                     	;# 
  1005     011C                     	;# 
  1006     018C                     	;# 
  1007     018D                     	;# 
  1008     018E                     	;# 
  1009     0191                     	;# 
  1010     0191                     	;# 
  1011     0192                     	;# 
  1012     0193                     	;# 
  1013     0193                     	;# 
  1014     0194                     	;# 
  1015     0195                     	;# 
  1016     0196                     	;# 
  1017     0197                     	;# 
  1018     0199                     	;# 
  1019     0199                     	;# 
  1020     0199                     	;# 
  1021     019A                     	;# 
  1022     019A                     	;# 
  1023     019A                     	;# 
  1024     019B                     	;# 
  1025     019B                     	;# 
  1026     019B                     	;# 
  1027     019B                     	;# 
  1028     019B                     	;# 
  1029     019C                     	;# 
  1030     019C                     	;# 
  1031     019C                     	;# 
  1032     019D                     	;# 
  1033     019D                     	;# 
  1034     019D                     	;# 
  1035     019E                     	;# 
  1036     019E                     	;# 
  1037     019E                     	;# 
  1038     019F                     	;# 
  1039     019F                     	;# 
  1040     019F                     	;# 
  1041     019F                     	;# 
  1042     019F                     	;# 
  1043     020C                     	;# 
  1044     020D                     	;# 
  1045     020E                     	;# 
  1046     0211                     	;# 
  1047     0211                     	;# 
  1048     0212                     	;# 
  1049     0212                     	;# 
  1050     0213                     	;# 
  1051     0213                     	;# 
  1052     0214                     	;# 
  1053     0214                     	;# 
  1054     0215                     	;# 
  1055     0215                     	;# 
  1056     0215                     	;# 
  1057     0215                     	;# 
  1058     0216                     	;# 
  1059     0216                     	;# 
  1060     0217                     	;# 
  1061     0217                     	;# 
  1062     028C                     	;# 
  1063     028D                     	;# 
  1064     028E                     	;# 
  1065     0291                     	;# 
  1066     0291                     	;# 
  1067     0292                     	;# 
  1068     0293                     	;# 
  1069     0294                     	;# 
  1070     0298                     	;# 
  1071     0298                     	;# 
  1072     0299                     	;# 
  1073     029A                     	;# 
  1074     029B                     	;# 
  1075     029E                     	;# 
  1076     030C                     	;# 
  1077     030D                     	;# 
  1078     030E                     	;# 
  1079     038C                     	;# 
  1080     038D                     	;# 
  1081     038E                     	;# 
  1082     0391                     	;# 
  1083     0392                     	;# 
  1084     0393                     	;# 
  1085     0394                     	;# 
  1086     0395                     	;# 
  1087     0396                     	;# 
  1088     0397                     	;# 
  1089     0398                     	;# 
  1090     0399                     	;# 
  1091     040E                     	;# 
  1092     0413                     	;# 
  1093     0413                     	;# 
  1094     0414                     	;# 
  1095     0414                     	;# 
  1096     0415                     	;# 
  1097     0416                     	;# 
  1098     0417                     	;# 
  1099     0418                     	;# 
  1100     041A                     	;# 
  1101     041A                     	;# 
  1102     041B                     	;# 
  1103     041B                     	;# 
  1104     041C                     	;# 
  1105     041D                     	;# 
  1106     041E                     	;# 
  1107     041F                     	;# 
  1108     0493                     	;# 
  1109     0494                     	;# 
  1110     0495                     	;# 
  1111     0496                     	;# 
  1112     049A                     	;# 
  1113     049B                     	;# 
  1114     049C                     	;# 
  1115     049D                     	;# 
  1116     058C                     	;# 
  1117     058C                     	;# 
  1118     058D                     	;# 
  1119     058E                     	;# 
  1120     058E                     	;# 
  1121     058F                     	;# 
  1122     0590                     	;# 
  1123     0590                     	;# 
  1124     0591                     	;# 
  1125     0592                     	;# 
  1126     0592                     	;# 
  1127     0593                     	;# 
  1128     0594                     	;# 
  1129     0594                     	;# 
  1130     0595                     	;# 
  1131     0596                     	;# 
  1132     0596                     	;# 
  1133     0597                     	;# 
  1134     0598                     	;# 
  1135     0599                     	;# 
  1136     059A                     	;# 
  1137     059B                     	;# 
  1138     059B                     	;# 
  1139     059C                     	;# 
  1140     059D                     	;# 
  1141     060C                     	;# 
  1142     060C                     	;# 
  1143     060D                     	;# 
  1144     060E                     	;# 
  1145     060F                     	;# 
  1146     060F                     	;# 
  1147     0610                     	;# 
  1148     0611                     	;# 
  1149     0612                     	;# 
  1150     0613                     	;# 
  1151     0614                     	;# 
  1152     0617                     	;# 
  1153     0617                     	;# 
  1154     0618                     	;# 
  1155     0619                     	;# 
  1156     061A                     	;# 
  1157     061A                     	;# 
  1158     061B                     	;# 
  1159     061C                     	;# 
  1160     0691                     	;# 
  1161     0692                     	;# 
  1162     0693                     	;# 
  1163     0694                     	;# 
  1164     0695                     	;# 
  1165     0696                     	;# 
  1166     0697                     	;# 
  1167     0699                     	;# 
  1168     069A                     	;# 
  1169     0711                     	;# 
  1170     0712                     	;# 
  1171     0713                     	;# 
  1172     0714                     	;# 
  1173     0715                     	;# 
  1174     0718                     	;# 
  1175     0718                     	;# 
  1176     0719                     	;# 
  1177     071A                     	;# 
  1178     071A                     	;# 
  1179     071B                     	;# 
  1180     071C                     	;# 
  1181     071D                     	;# 
  1182     0791                     	;# 
  1183     0791                     	;# 
  1184     0792                     	;# 
  1185     0793                     	;# 
  1186     0793                     	;# 
  1187     0794                     	;# 
  1188     0795                     	;# 
  1189     0795                     	;# 
  1190     0796                     	;# 
  1191     0797                     	;# 
  1192     0797                     	;# 
  1193     0798                     	;# 
  1194     0799                     	;# 
  1195     079A                     	;# 
  1196     080C                     	;# 
  1197     080C                     	;# 
  1198     080D                     	;# 
  1199     080E                     	;# 
  1200     080E                     	;# 
  1201     080F                     	;# 
  1202     0810                     	;# 
  1203     0810                     	;# 
  1204     0811                     	;# 
  1205     0812                     	;# 
  1206     0812                     	;# 
  1207     0813                     	;# 
  1208     0814                     	;# 
  1209     0815                     	;# 
  1210     0816                     	;# 
  1211     0817                     	;# 
  1212     0818                     	;# 
  1213     0819                     	;# 
  1214     081A                     	;# 
  1215     081A                     	;# 
  1216     081B                     	;# 
  1217     081C                     	;# 
  1218     081C                     	;# 
  1219     081D                     	;# 
  1220     088C                     	;# 
  1221     088D                     	;# 
  1222     088E                     	;# 
  1223     088F                     	;# 
  1224     088F                     	;# 
  1225     0890                     	;# 
  1226     0891                     	;# 
  1227     0892                     	;# 
  1228     0893                     	;# 
  1229     0893                     	;# 
  1230     0894                     	;# 
  1231     0895                     	;# 
  1232     0896                     	;# 
  1233     0897                     	;# 
  1234     0897                     	;# 
  1235     0898                     	;# 
  1236     0899                     	;# 
  1237     0D8C                     	;# 
  1238     0D8C                     	;# 
  1239     0D8D                     	;# 
  1240     0D8E                     	;# 
  1241     0D8F                     	;# 
  1242     0D8F                     	;# 
  1243     0D90                     	;# 
  1244     0D91                     	;# 
  1245     0D92                     	;# 
  1246     0D92                     	;# 
  1247     0D93                     	;# 
  1248     0D94                     	;# 
  1249     0D95                     	;# 
  1250     0D95                     	;# 
  1251     0D96                     	;# 
  1252     0D97                     	;# 
  1253     0D98                     	;# 
  1254     0D99                     	;# 
  1255     0D9A                     	;# 
  1256     0D9B                     	;# 
  1257     0D9C                     	;# 
  1258     0D9D                     	;# 
  1259     0D9E                     	;# 
  1260     0D9E                     	;# 
  1261     0D9F                     	;# 
  1262     0DA0                     	;# 
  1263     0DA1                     	;# 
  1264     0DA1                     	;# 
  1265     0DA2                     	;# 
  1266     0DA3                     	;# 
  1267     0DA4                     	;# 
  1268     0DA4                     	;# 
  1269     0DA5                     	;# 
  1270     0DA6                     	;# 
  1271     0DA7                     	;# 
  1272     0DA7                     	;# 
  1273     0DA8                     	;# 
  1274     0DA9                     	;# 
  1275     0DAA                     	;# 
  1276     0DAB                     	;# 
  1277     0DAC                     	;# 
  1278     0DAD                     	;# 
  1279     0DAE                     	;# 
  1280     0DAF                     	;# 
  1281     0E0F                     	;# 
  1282     0E10                     	;# 
  1283     0E11                     	;# 
  1284     0E12                     	;# 
  1285     0E13                     	;# 
  1286     0E14                     	;# 
  1287     0E15                     	;# 
  1288     0E16                     	;# 
  1289     0E17                     	;# 
  1290     0E17                     	;# 
  1291     0E18                     	;# 
  1292     0E18                     	;# 
  1293     0E19                     	;# 
  1294     0E1A                     	;# 
  1295     0E1B                     	;# 
  1296     0E1B                     	;# 
  1297     0E1C                     	;# 
  1298     0E1D                     	;# 
  1299     0E1E                     	;# 
  1300     0E1E                     	;# 
  1301     0E1F                     	;# 
  1302     0E20                     	;# 
  1303     0E21                     	;# 
  1304     0E22                     	;# 
  1305     0E23                     	;# 
  1306     0E24                     	;# 
  1307     0E25                     	;# 
  1308     0E26                     	;# 
  1309     0E27                     	;# 
  1310     0E28                     	;# 
  1311     0E29                     	;# 
  1312     0E2A                     	;# 
  1313     0E2B                     	;# 
  1314     0E2C                     	;# 
  1315     0E2D                     	;# 
  1316     0E2E                     	;# 
  1317     0E90                     	;# 
  1318     0E91                     	;# 
  1319     0E92                     	;# 
  1320     0E94                     	;# 
  1321     0E95                     	;# 
  1322     0E9C                     	;# 
  1323     0E9D                     	;# 
  1324     0E9E                     	;# 
  1325     0E9F                     	;# 
  1326     0EA0                     	;# 
  1327     0EA1                     	;# 
  1328     0EA2                     	;# 
  1329     0EA3                     	;# 
  1330     0EA4                     	;# 
  1331     0EA5                     	;# 
  1332     0EA6                     	;# 
  1333     0EA7                     	;# 
  1334     0F0F                     	;# 
  1335     0F10                     	;# 
  1336     0F11                     	;# 
  1337     0F12                     	;# 
  1338     0F13                     	;# 
  1339     0F14                     	;# 
  1340     0F15                     	;# 
  1341     0F16                     	;# 
  1342     0F17                     	;# 
  1343     0F18                     	;# 
  1344     0F19                     	;# 
  1345     0F1A                     	;# 
  1346     0F1B                     	;# 
  1347     0F1C                     	;# 
  1348     0F1D                     	;# 
  1349     0F1E                     	;# 
  1350     0F1F                     	;# 
  1351     0F20                     	;# 
  1352     0F21                     	;# 
  1353     0F22                     	;# 
  1354     0F23                     	;# 
  1355     0F24                     	;# 
  1356     0F25                     	;# 
  1357     0F26                     	;# 
  1358     0F27                     	;# 
  1359     0F28                     	;# 
  1360     0F29                     	;# 
  1361     0F2A                     	;# 
  1362     0F2B                     	;# 
  1363     0F2C                     	;# 
  1364     0F2D                     	;# 
  1365     0F2E                     	;# 
  1366     0F2F                     	;# 
  1367     0F30                     	;# 
  1368     0F31                     	;# 
  1369     0F32                     	;# 
  1370     0F33                     	;# 
  1371     0F34                     	;# 
  1372     0F35                     	;# 
  1373     0F36                     	;# 
  1374     0F37                     	;# 
  1375     0FE4                     	;# 
  1376     0FE5                     	;# 
  1377     0FE6                     	;# 
  1378     0FE7                     	;# 
  1379     0FE8                     	;# 
  1380     0FE9                     	;# 
  1381     0FEA                     	;# 
  1382     0FEB                     	;# 
  1383     0FED                     	;# 
  1384     0FEE                     	;# 
  1385     0FEF                     	;# 
  1386     000E                     _PORTCbits	set	14
  1387     0095                     _OPTION_REGbits	set	149
  1388     008E                     _TRISC	set	142
  1389     008D                     _TRISB	set	141
  1390     008C                     _TRISA	set	140
  1391     0098                     _OSCTUNE	set	152
  1392     0099                     _OSCCON	set	153
  1393     010E                     _LATCbits	set	270
  1394     010C                     _LATAbits	set	268
  1395     010E                     _LATC	set	270
  1396     010D                     _LATB	set	269
  1397     010C                     _LATA	set	268
  1398     018C                     _ANSELA	set	396
  1399     018D                     _ANSELB	set	397
  1400     018E                     _ANSELC	set	398
  1401     020E                     _WPUC	set	526
  1402     020C                     _WPUA	set	524
  1403     020D                     _WPUB	set	525
  1404     028E                     _ODCONC	set	654
  1405     028D                     _ODCONB	set	653
  1406     028C                     _ODCONA	set	652
  1407                           
  1408                           	psect	cinit
  1409     07FD                     start_initialization:	
  1410                           ; #config settings
  1411                           
  1412     07FD                     __initialization:
  1413     07FD                     end_of_initialization:	
  1414                           ;End of C runtime variable initialization code
  1415                           
  1416     07FD                     __end_of__initialization:
  1417     07FD  0020               	movlb	0
  1418     07FE  3187  2FAD         	ljmp	_main	;jump to C main() function
  1419                           
  1420                           	psect	cstackCOMMON
  1421     0070                     __pcstackCOMMON:
  1422     0070                     ?_PIN_MANAGER_Initialize:
  1423     0070                     ??_PIN_MANAGER_Initialize:	
  1424                           ; 1 bytes @ 0x0
  1425                           
  1426     0070                     ?_OSCILLATOR_Initialize:	
  1427                           ; 1 bytes @ 0x0
  1428                           
  1429     0070                     ??_OSCILLATOR_Initialize:	
  1430                           ; 1 bytes @ 0x0
  1431                           
  1432     0070                     ?_SYSTEM_Initialize:	
  1433                           ; 1 bytes @ 0x0
  1434                           
  1435     0070                     ??_SYSTEM_Initialize:	
  1436                           ; 1 bytes @ 0x0
  1437                           
  1438     0070                     ?_main:	
  1439                           ; 1 bytes @ 0x0
  1440                           
  1441     0070                     ??_main:	
  1442                           ; 1 bytes @ 0x0
  1443                           
  1444                           
  1445                           ; 1 bytes @ 0x0
  1446     0070                     	ds	1
  1447                           
  1448                           	psect	maintext
  1449     07AD                     __pmaintext:	
  1450 ;;
  1451 ;;Main: autosize = 0, tempsize = 1, incstack = 0, save=0
  1452 ;;
  1453 ;; *************** function _main *****************
  1454 ;; Defined at:
  1455 ;;		line 3 in file "main.c"
  1456 ;; Parameters:    Size  Location     Type
  1457 ;;		None
  1458 ;; Auto vars:     Size  Location     Type
  1459 ;;		None
  1460 ;; Return value:  Size  Location     Type
  1461 ;;                  1    wreg      void 
  1462 ;; Registers used:
  1463 ;;		wreg, status,2, status,0, pclath, cstack
  1464 ;; Tracked objects:
  1465 ;;		On entry : B1F/0
  1466 ;;		On exit  : 0/0
  1467 ;;		Unchanged: 0/0
  1468 ;; Data sizes:     COMMON   BANK0   BANK1   BANK2   BANK3   BANK4   BANK5   BANK6   BANK7   BANK8   BANK9  BANK10  BANK1
      +1  BANK12
  1469 ;;      Params:         0       0       0       0       0       0       0       0       0       0       0       0       
      +0       0
  1470 ;;      Locals:         0       0       0       0       0       0       0       0       0       0       0       0       
      +0       0
  1471 ;;      Temps:          1       0       0       0       0       0       0       0       0       0       0       0       
      +0       0
  1472 ;;      Totals:         1       0       0       0       0       0       0       0       0       0       0       0       
      +0       0
  1473 ;;Total ram usage:        1 bytes
  1474 ;; Hardware stack levels required when called: 2
  1475 ;; This function calls:
  1476 ;;		_SYSTEM_Initialize
  1477 ;; This function is called by:
  1478 ;;		Startup code after reset
  1479 ;; This function uses a non-reentrant model
  1480 ;;
  1481                           
  1482     07AD                     _main:	
  1483                           ;psect for function _main
  1484                           
  1485     07AD                     l649:	
  1486                           ;incstack = 0
  1487                           ; Regs used in _main: [wreg+status,2+status,0+pclath+cstack]
  1488                           
  1489                           
  1490                           ;main.c: 6:     SYSTEM_Initialize();
  1491     07AD  3187  2786  3187   	fcall	_SYSTEM_Initialize
  1492     07B0                     l651:
  1493     07B0  0022               	movlb	2	; select bank2
  1494     07B1  168C               	bsf	12,5	;volatile
  1495     07B2                     l653:
  1496     07B2  148C               	bsf	12,1	;volatile
  1497     07B3                     l655:
  1498     07B3  150C               	bsf	12,2	;volatile
  1499     07B4                     l657:
  1500     07B4  168E               	bsf	14,5	;volatile
  1501     07B5                     l659:
  1502     07B5  1003               	clrc
  1503     07B6  0022               	movlb	2	; select bank2
  1504     07B7  1E8C               	btfss	12,5	;volatile
  1505     07B8  1403               	setc
  1506     07B9  1803               	btfsc	3,0
  1507     07BA  2FBC               	goto	u11
  1508     07BB  2FBF               	goto	u10
  1509     07BC                     u11:
  1510     07BC  0022               	movlb	2	; select bank2
  1511     07BD  168C               	bsf	12,5	;volatile
  1512     07BE  2FC1               	goto	u24
  1513     07BF                     u10:
  1514     07BF  0022               	movlb	2	; select bank2
  1515     07C0  128C               	bcf	12,5	;volatile
  1516     07C1                     u24:
  1517     07C1                     l661:
  1518     07C1  1003               	clrc
  1519     07C2  1C8C               	btfss	12,1	;volatile
  1520     07C3  1403               	setc
  1521     07C4  1803               	btfsc	3,0
  1522     07C5  2FC7               	goto	u31
  1523     07C6  2FCA               	goto	u30
  1524     07C7                     u31:
  1525     07C7  0022               	movlb	2	; select bank2
  1526     07C8  148C               	bsf	12,1	;volatile
  1527     07C9  2FCC               	goto	u44
  1528     07CA                     u30:
  1529     07CA  0022               	movlb	2	; select bank2
  1530     07CB  108C               	bcf	12,1	;volatile
  1531     07CC                     u44:
  1532     07CC                     l663:
  1533     07CC  1003               	clrc
  1534     07CD  1D0C               	btfss	12,2	;volatile
  1535     07CE  1403               	setc
  1536     07CF  1803               	btfsc	3,0
  1537     07D0  2FD2               	goto	u51
  1538     07D1  2FD5               	goto	u50
  1539     07D2                     u51:
  1540     07D2  0022               	movlb	2	; select bank2
  1541     07D3  150C               	bsf	12,2	;volatile
  1542     07D4  2FD7               	goto	u64
  1543     07D5                     u50:
  1544     07D5  0022               	movlb	2	; select bank2
  1545     07D6  110C               	bcf	12,2	;volatile
  1546     07D7                     u64:
  1547     07D7                     l665:
  1548     07D7  1003               	clrc
  1549     07D8  1E8E               	btfss	14,5	;volatile
  1550     07D9  1403               	setc
  1551     07DA  1803               	btfsc	3,0
  1552     07DB  2FDD               	goto	u71
  1553     07DC  2FE0               	goto	u70
  1554     07DD                     u71:
  1555     07DD  0022               	movlb	2	; select bank2
  1556     07DE  168E               	bsf	14,5	;volatile
  1557     07DF  2FE2               	goto	u84
  1558     07E0                     u70:
  1559     07E0  0022               	movlb	2	; select bank2
  1560     07E1  128E               	bcf	14,5	;volatile
  1561     07E2                     u84:
  1562     07E2                     l667:
  1563                           
  1564                           ;main.c: 21:         if (PORTCbits.RC4==0) do { LATAbits.LATA5 = ~LATAbits.LATA5; } whil
      +                          e(0);
  1565     07E2  0020               	movlb	0	; select bank0
  1566     07E3  1A0E               	btfsc	14,4	;volatile
  1567     07E4  2FE6               	goto	u91
  1568     07E5  2FE7               	goto	u90
  1569     07E6                     u91:
  1570     07E6  2FF3               	goto	l671
  1571     07E7                     u90:
  1572     07E7                     l669:
  1573     07E7  1003               	clrc
  1574     07E8  0022               	movlb	2	; select bank2
  1575     07E9  1E8C               	btfss	12,5	;volatile
  1576     07EA  1403               	setc
  1577     07EB  1803               	btfsc	3,0
  1578     07EC  2FEE               	goto	u101
  1579     07ED  2FF1               	goto	u100
  1580     07EE                     u101:
  1581     07EE  0022               	movlb	2	; select bank2
  1582     07EF  168C               	bsf	12,5	;volatile
  1583     07F0  2FF3               	goto	u114
  1584     07F1                     u100:
  1585     07F1  0022               	movlb	2	; select bank2
  1586     07F2  128C               	bcf	12,5	;volatile
  1587     07F3                     u114:
  1588     07F3                     l671:
  1589                           
  1590                           ;main.c: 23:         _delay((unsigned long)((500)*(500000/4000.0)));
  1591     07F3  3052               	movlw	82
  1592     07F4  00F0               	movwf	??_main
  1593     07F5  302A               	movlw	42
  1594     07F6                     u127:
  1595     07F6  0B89               	decfsz	9,f
  1596     07F7  2FF6               	goto	u127
  1597     07F8  0BF0               	decfsz	??_main,f
  1598     07F9  2FF6               	goto	u127
  1599     07FA  2FB5               	goto	l659
  1600     07FB  3180  2803         	ljmp	start
  1601     07FD                     __end_of_main:
  1602                           
  1603                           	psect	text1
  1604     0786                     __ptext1:	
  1605 ;; *************** function _SYSTEM_Initialize *****************
  1606 ;; Defined at:
  1607 ;;		line 76 in file "mcc_generated_files/mcc.c"
  1608 ;; Parameters:    Size  Location     Type
  1609 ;;		None
  1610 ;; Auto vars:     Size  Location     Type
  1611 ;;		None
  1612 ;; Return value:  Size  Location     Type
  1613 ;;                  1    wreg      void 
  1614 ;; Registers used:
  1615 ;;		wreg, status,2, status,0, pclath, cstack
  1616 ;; Tracked objects:
  1617 ;;		On entry : 0/0
  1618 ;;		On exit  : 0/0
  1619 ;;		Unchanged: 0/0
  1620 ;; Data sizes:     COMMON   BANK0   BANK1   BANK2   BANK3   BANK4   BANK5   BANK6   BANK7   BANK8   BANK9  BANK10  BANK1
      +1  BANK12
  1621 ;;      Params:         0       0       0       0       0       0       0       0       0       0       0       0       
      +0       0
  1622 ;;      Locals:         0       0       0       0       0       0       0       0       0       0       0       0       
      +0       0
  1623 ;;      Temps:          0       0       0       0       0       0       0       0       0       0       0       0       
      +0       0
  1624 ;;      Totals:         0       0       0       0       0       0       0       0       0       0       0       0       
      +0       0
  1625 ;;Total ram usage:        0 bytes
  1626 ;; Hardware stack levels used: 1
  1627 ;; Hardware stack levels required when called: 1
  1628 ;; This function calls:
  1629 ;;		_OSCILLATOR_Initialize
  1630 ;;		_PIN_MANAGER_Initialize
  1631 ;; This function is called by:
  1632 ;;		_main
  1633 ;; This function uses a non-reentrant model
  1634 ;;
  1635                           
  1636     0786                     _SYSTEM_Initialize:	
  1637                           ;psect for function _SYSTEM_Initialize
  1638                           
  1639     0786                     l647:	
  1640                           ;incstack = 0
  1641                           ; Regs used in _SYSTEM_Initialize: [wreg+status,2+status,0+pclath+cstack]
  1642                           
  1643                           
  1644                           ;mcc_generated_files/mcc.c: 79:     PIN_MANAGER_Initialize();
  1645     0786  3187  278D  3187   	fcall	_PIN_MANAGER_Initialize
  1646                           
  1647                           ;mcc_generated_files/mcc.c: 80:     OSCILLATOR_Initialize();
  1648     0789  3187  2781  3187   	fcall	_OSCILLATOR_Initialize
  1649     078C                     l11:
  1650     078C  0008               	return
  1651     078D                     __end_of_SYSTEM_Initialize:
  1652                           
  1653                           	psect	text2
  1654     078D                     __ptext2:	
  1655 ;; *************** function _PIN_MANAGER_Initialize *****************
  1656 ;; Defined at:
  1657 ;;		line 51 in file "mcc_generated_files/pin_manager.c"
  1658 ;; Parameters:    Size  Location     Type
  1659 ;;		None
  1660 ;; Auto vars:     Size  Location     Type
  1661 ;;		None
  1662 ;; Return value:  Size  Location     Type
  1663 ;;                  1    wreg      void 
  1664 ;; Registers used:
  1665 ;;		wreg, status,2
  1666 ;; Tracked objects:
  1667 ;;		On entry : 0/0
  1668 ;;		On exit  : 0/0
  1669 ;;		Unchanged: 0/0
  1670 ;; Data sizes:     COMMON   BANK0   BANK1   BANK2   BANK3   BANK4   BANK5   BANK6   BANK7   BANK8   BANK9  BANK10  BANK1
      +1  BANK12
  1671 ;;      Params:         0       0       0       0       0       0       0       0       0       0       0       0       
      +0       0
  1672 ;;      Locals:         0       0       0       0       0       0       0       0       0       0       0       0       
      +0       0
  1673 ;;      Temps:          0       0       0       0       0       0       0       0       0       0       0       0       
      +0       0
  1674 ;;      Totals:         0       0       0       0       0       0       0       0       0       0       0       0       
      +0       0
  1675 ;;Total ram usage:        0 bytes
  1676 ;; Hardware stack levels used: 1
  1677 ;; This function calls:
  1678 ;;		Nothing
  1679 ;; This function is called by:
  1680 ;;		_SYSTEM_Initialize
  1681 ;; This function uses a non-reentrant model
  1682 ;;
  1683                           
  1684     078D                     _PIN_MANAGER_Initialize:	
  1685                           ;psect for function _PIN_MANAGER_Initialize
  1686                           
  1687     078D                     l615:	
  1688                           ;incstack = 0
  1689                           ; Regs used in _PIN_MANAGER_Initialize: [wreg+status,2]
  1690                           
  1691                           
  1692                           ;mcc_generated_files/pin_manager.c: 56:     LATA = 0x00;
  1693     078D  0022               	movlb	2	; select bank2
  1694     078E  018C               	clrf	12	;volatile
  1695                           
  1696                           ;mcc_generated_files/pin_manager.c: 57:     LATB = 0x00;
  1697     078F  018D               	clrf	13	;volatile
  1698                           
  1699                           ;mcc_generated_files/pin_manager.c: 58:     LATC = 0x00;
  1700     0790  018E               	clrf	14	;volatile
  1701     0791                     l617:
  1702                           
  1703                           ;mcc_generated_files/pin_manager.c: 63:     TRISA = 0x11;
  1704     0791  3011               	movlw	17
  1705     0792  0021               	movlb	1	; select bank1
  1706     0793  008C               	movwf	12	;volatile
  1707     0794                     l619:
  1708                           
  1709                           ;mcc_generated_files/pin_manager.c: 64:     TRISB = 0xF0;
  1710     0794  30F0               	movlw	240
  1711     0795  008D               	movwf	13	;volatile
  1712     0796                     l621:
  1713                           
  1714                           ;mcc_generated_files/pin_manager.c: 65:     TRISC = 0xDF;
  1715     0796  30DF               	movlw	223
  1716     0797  008E               	movwf	14	;volatile
  1717     0798                     l623:
  1718                           
  1719                           ;mcc_generated_files/pin_manager.c: 70:     ANSELC = 0xCF;
  1720     0798  30CF               	movlw	207
  1721     0799  0023               	movlb	3	; select bank3
  1722     079A  008E               	movwf	14	;volatile
  1723     079B                     l625:
  1724                           
  1725                           ;mcc_generated_files/pin_manager.c: 71:     ANSELB = 0xF0;
  1726     079B  30F0               	movlw	240
  1727     079C  008D               	movwf	13	;volatile
  1728     079D                     l627:
  1729                           
  1730                           ;mcc_generated_files/pin_manager.c: 72:     ANSELA = 0x17;
  1731     079D  3017               	movlw	23
  1732     079E  008C               	movwf	12	;volatile
  1733     079F                     l629:
  1734                           
  1735                           ;mcc_generated_files/pin_manager.c: 77:     WPUB = 0xF0;
  1736     079F  30F0               	movlw	240
  1737     07A0  0024               	movlb	4	; select bank4
  1738     07A1  008D               	movwf	13	;volatile
  1739     07A2                     l631:
  1740                           
  1741                           ;mcc_generated_files/pin_manager.c: 78:     WPUA = 0x3F;
  1742     07A2  303F               	movlw	63
  1743     07A3  008C               	movwf	12	;volatile
  1744     07A4                     l633:
  1745                           
  1746                           ;mcc_generated_files/pin_manager.c: 79:     WPUC = 0xFF;
  1747     07A4  30FF               	movlw	255
  1748     07A5  008E               	movwf	14	;volatile
  1749     07A6                     l635:
  1750                           
  1751                           ;mcc_generated_files/pin_manager.c: 80:     OPTION_REGbits.nWPUEN = 0;
  1752     07A6  0021               	movlb	1	; select bank1
  1753     07A7  1395               	bcf	21,7	;volatile
  1754     07A8                     l637:
  1755                           
  1756                           ;mcc_generated_files/pin_manager.c: 85:     ODCONA = 0x00;
  1757     07A8  0025               	movlb	5	; select bank5
  1758     07A9  018C               	clrf	12	;volatile
  1759     07AA                     l639:
  1760                           
  1761                           ;mcc_generated_files/pin_manager.c: 86:     ODCONB = 0x00;
  1762     07AA  018D               	clrf	13	;volatile
  1763     07AB                     l641:
  1764                           
  1765                           ;mcc_generated_files/pin_manager.c: 87:     ODCONC = 0x00;
  1766     07AB  018E               	clrf	14	;volatile
  1767     07AC                     l49:
  1768     07AC  0008               	return
  1769     07AD                     __end_of_PIN_MANAGER_Initialize:
  1770                           
  1771                           	psect	text3
  1772     0781                     __ptext3:	
  1773 ;; *************** function _OSCILLATOR_Initialize *****************
  1774 ;; Defined at:
  1775 ;;		line 83 in file "mcc_generated_files/mcc.c"
  1776 ;; Parameters:    Size  Location     Type
  1777 ;;		None
  1778 ;; Auto vars:     Size  Location     Type
  1779 ;;		None
  1780 ;; Return value:  Size  Location     Type
  1781 ;;                  1    wreg      void 
  1782 ;; Registers used:
  1783 ;;		wreg, status,2
  1784 ;; Tracked objects:
  1785 ;;		On entry : 0/0
  1786 ;;		On exit  : 0/0
  1787 ;;		Unchanged: 0/0
  1788 ;; Data sizes:     COMMON   BANK0   BANK1   BANK2   BANK3   BANK4   BANK5   BANK6   BANK7   BANK8   BANK9  BANK10  BANK1
      +1  BANK12
  1789 ;;      Params:         0       0       0       0       0       0       0       0       0       0       0       0       
      +0       0
  1790 ;;      Locals:         0       0       0       0       0       0       0       0       0       0       0       0       
      +0       0
  1791 ;;      Temps:          0       0       0       0       0       0       0       0       0       0       0       0       
      +0       0
  1792 ;;      Totals:         0       0       0       0       0       0       0       0       0       0       0       0       
      +0       0
  1793 ;;Total ram usage:        0 bytes
  1794 ;; Hardware stack levels used: 1
  1795 ;; This function calls:
  1796 ;;		Nothing
  1797 ;; This function is called by:
  1798 ;;		_SYSTEM_Initialize
  1799 ;; This function uses a non-reentrant model
  1800 ;;
  1801                           
  1802     0781                     _OSCILLATOR_Initialize:	
  1803                           ;psect for function _OSCILLATOR_Initialize
  1804                           
  1805     0781                     l643:	
  1806                           ;incstack = 0
  1807                           ; Regs used in _OSCILLATOR_Initialize: [wreg+status,2]
  1808                           
  1809                           
  1810                           ;mcc_generated_files/mcc.c: 86:     OSCCON = 0x38;
  1811     0781  3038               	movlw	56
  1812     0782  0021               	movlb	1	; select bank1
  1813     0783  0099               	movwf	25	;volatile
  1814     0784                     l645:
  1815                           
  1816                           ;mcc_generated_files/mcc.c: 88:     OSCTUNE = 0x00;
  1817     0784  0198               	clrf	24	;volatile
  1818     0785                     l14:
  1819     0785  0008               	return
  1820     0786                     __end_of_OSCILLATOR_Initialize:
  1821     007E                     btemp	set	126	;btemp
  1822     007E                     wtemp0	set	126
  1823                           
  1824                           	psect	idloc
  1825                           
  1826                           ;Config register IDLOC0 @ 0x8000
  1827                           ;	unspecified, using default values
  1828     8000                     	org	32768
  1829     8000  3FFF               	dw	16383
  1830                           
  1831                           ;Config register IDLOC1 @ 0x8001
  1832                           ;	unspecified, using default values
  1833     8001                     	org	32769
  1834     8001  3FFF               	dw	16383
  1835                           
  1836                           ;Config register IDLOC2 @ 0x8002
  1837                           ;	unspecified, using default values
  1838     8002                     	org	32770
  1839     8002  3FFF               	dw	16383
  1840                           
  1841                           ;Config register IDLOC3 @ 0x8003
  1842                           ;	unspecified, using default values
  1843     8003                     	org	32771
  1844     8003  3FFF               	dw	16383
  1845                           
  1846                           	psect	config
  1847                           
  1848                           ;Config register CONFIG1 @ 0x8007
  1849                           ;	Oscillator Selection Bits
  1850                           ;	FOSC = INTOSC, INTOSC oscillator: I/O function on CLKIN pin
  1851                           ;	Power-up Timer Enable
  1852                           ;	PWRTE = OFF, PWRT disabled
  1853                           ;	MCLR Pin Function Select
  1854                           ;	MCLRE = ON, MCLR/VPP pin function is MCLR
  1855                           ;	Flash Program Memory Code Protection
  1856                           ;	CP = OFF, Program memory code protection is disabled
  1857                           ;	Brown-out Reset Enable
  1858                           ;	BOREN = ON, Brown-out Reset enabled
  1859                           ;	Clock Out Enable
  1860                           ;	CLKOUTEN = OFF, CLKOUT function is disabled. I/O or oscillator function on the CLKOUT 
      +                          pin
  1861                           ;	Internal/External Switch Over
  1862                           ;	IESO = ON, Internal External Switch Over mode is enabled
  1863                           ;	Fail-Safe Clock Monitor Enable
  1864                           ;	FCMEN = ON, Fail-Safe Clock Monitor is enabled
  1865     8007                     	org	32775
  1866     8007  3FFC               	dw	16380
  1867                           
  1868                           ;Config register CONFIG2 @ 0x8008
  1869                           ;	Flash Memory Self-Write Protection
  1870                           ;	WRT = OFF, Write protection off
  1871                           ;	Peripheral Pin Select one-way control
  1872                           ;	PPS1WAY = ON, The PPSLOCK bit cannot be cleared once it is set by software
  1873                           ;	Zero Cross Detect Disable Bit
  1874                           ;	ZCD = OFF, ZCD disable. ZCD can be enabled by setting the ZCDSEN bit of ZCDCON
  1875                           ;	PLL Enable Bit
  1876                           ;	PLLEN = ON, 4x PLL is always enabled
  1877                           ;	Stack Overflow/Underflow Reset Enable
  1878                           ;	STVREN = ON, Stack Overflow or Underflow will cause a Reset
  1879                           ;	Brown-out Reset Voltage Selection
  1880                           ;	BORV = LO, Brown-out Reset Voltage (Vbor), low trip point selected.
  1881                           ;	Low-Power Brown Out Reset
  1882                           ;	LPBOR = OFF, Low-Power BOR is disabled
  1883                           ;	In-Circuit Debugger Mode
  1884                           ;	DEBUG = 0x1, unprogrammed default
  1885                           ;	Low-Voltage Programming Enable
  1886                           ;	LVP = ON, Low-voltage programming enabled
  1887     8008                     	org	32776
  1888     8008  3FFF               	dw	16383
  1889                           
  1890                           ;Config register CONFIG3 @ 0x8009
  1891                           ;	WDT Period Select
  1892                           ;	WDTCPS = WDTCPS1F, Software Control (WDTPS)
  1893                           ;	Watchdog Timer Enable
  1894                           ;	WDTE = OFF, WDT disabled
  1895                           ;	WDT Window Select
  1896                           ;	WDTCWS = WDTCWSSW, Software WDT window size control (WDTWS bits)
  1897                           ;	WDT Input Clock Selector
  1898                           ;	WDTCCS = SWC, Software control, controlled by WDTCS bits
  1899     8009                     	org	32777
  1900     8009  3F9F               	dw	16287

Data Sizes:
    Strings     0
    Constant    0
    Data        0
    BSS         0
    Persistent  32
    Stack       0

Auto Spaces:
    Space          Size  Autos    Used
    COMMON           14      1       1
    BANK0            80      0       0
    BANK1            80      0       0
    BANK2            80      0       0
    BANK3            80      0       0
    BANK4            80      0       0
    BANK5            80      0       0
    BANK6            80      0       0
    BANK7            80      0       0
    BANK8            80      0       0
    BANK9            80      0       0
    BANK10           80      0       0
    BANK11           80      0       0
    BANK12           48      0       0

Pointer List with Targets:

    None.

Critical Paths under _main in COMMON

    None.

Critical Paths under _main in BANK0

    None.

Critical Paths under _main in BANK1

    None.

Critical Paths under _main in BANK2

    None.

Critical Paths under _main in BANK3

    None.

Critical Paths under _main in BANK4

    None.

Critical Paths under _main in BANK5

    None.

Critical Paths under _main in BANK6

    None.

Critical Paths under _main in BANK7

    None.

Critical Paths under _main in BANK8

    None.

Critical Paths under _main in BANK9

    None.

Critical Paths under _main in BANK10

    None.

Critical Paths under _main in BANK11

    None.

Critical Paths under _main in BANK12

    None.

Call Graph Tables:

 ---------------------------------------------------------------------------------
 (Depth) Function   	        Calls       Base Space   Used Autos Params    Refs
 ---------------------------------------------------------------------------------
 (0) _main                                                 1     1      0       0
                                              0 COMMON     1     1      0
                  _SYSTEM_Initialize
 ---------------------------------------------------------------------------------
 (1) _SYSTEM_Initialize                                    0     0      0       0
              _OSCILLATOR_Initialize
             _PIN_MANAGER_Initialize
 ---------------------------------------------------------------------------------
 (2) _PIN_MANAGER_Initialize                               0     0      0       0
 ---------------------------------------------------------------------------------
 (2) _OSCILLATOR_Initialize                                0     0      0       0
 ---------------------------------------------------------------------------------
 Estimated maximum stack depth 2
 ---------------------------------------------------------------------------------

 Call Graph Graphs:

 _main (ROOT)
   _SYSTEM_Initialize
     _OSCILLATOR_Initialize
     _PIN_MANAGER_Initialize

 Address spaces:
Name               Size   Autos  Total    Cost      Usage
BIGRAM             3F0      0       0       0        0.0%
NULL                 0      0       0       0        0.0%
CODE                 0      0       0       0        0.0%
BITCOMMON            E      0       0       1        0.0%
BITSFR0              0      0       0       1        0.0%
SFR0                 0      0       0       1        0.0%
COMMON               E      1       1       2        7.1%
BITSFR1              0      0       0       2        0.0%
SFR1                 0      0       0       2        0.0%
BITSFR2              0      0       0       3        0.0%
SFR2                 0      0       0       3        0.0%
STACK                0      0       0       3        0.0%
BITBANK0            50      0       0       4        0.0%
BITSFR3              0      0       0       4        0.0%
SFR3                 0      0       0       4        0.0%
BANK0               50      0       0       5        0.0%
BITSFR4              0      0       0       5        0.0%
SFR4                 0      0       0       5        0.0%
BITBANK1            50      0       0       6        0.0%
BITSFR5              0      0       0       6        0.0%
SFR5                 0      0       0       6        0.0%
BANK1               50      0       0       7        0.0%
BITSFR6              0      0       0       7        0.0%
SFR6                 0      0       0       7        0.0%
BITBANK2            50      0       0       8        0.0%
BITSFR7              0      0       0       8        0.0%
SFR7                 0      0       0       8        0.0%
BANK2               50      0       0       9        0.0%
BITSFR8              0      0       0       9        0.0%
SFR8                 0      0       0       9        0.0%
BITBANK3            50      0       0      10        0.0%
BITSFR9              0      0       0      10        0.0%
SFR9                 0      0       0      10        0.0%
BANK3               50      0       0      11        0.0%
BITSFR10             0      0       0      11        0.0%
SFR10                0      0       0      11        0.0%
BITBANK4            50      0       0      12        0.0%
BITSFR11             0      0       0      12        0.0%
SFR11                0      0       0      12        0.0%
BANK4               50      0       0      13        0.0%
BITSFR12             0      0       0      13        0.0%
SFR12                0      0       0      13        0.0%
BITBANK5            50      0       0      14        0.0%
BITSFR13             0      0       0      14        0.0%
SFR13                0      0       0      14        0.0%
BANK5               50      0       0      15        0.0%
BITSFR14             0      0       0      15        0.0%
SFR14                0      0       0      15        0.0%
BITBANK6            50      0       0      16        0.0%
BITSFR15             0      0       0      16        0.0%
SFR15                0      0       0      16        0.0%
BANK6               50      0       0      17        0.0%
BITSFR16             0      0       0      17        0.0%
SFR16                0      0       0      17        0.0%
BITBANK7            50      0       0      18        0.0%
BITSFR17             0      0       0      18        0.0%
SFR17                0      0       0      18        0.0%
BANK7               50      0       0      19        0.0%
BITSFR18             0      0       0      19        0.0%
SFR18                0      0       0      19        0.0%
BITSFR19             0      0       0      20        0.0%
SFR19                0      0       0      20        0.0%
ABS                  0      0       0      20        0.0%
BITBANK8            50      0       0      21        0.0%
BITSFR20             0      0       0      21        0.0%
SFR20                0      0       0      21        0.0%
BANK8               50      0       0      22        0.0%
BITSFR21             0      0       0      22        0.0%
SFR21                0      0       0      22        0.0%
BITBANK9            50      0       0      23        0.0%
BITSFR22             0      0       0      23        0.0%
SFR22                0      0       0      23        0.0%
BANK9               50      0       0      24        0.0%
BITSFR23             0      0       0      24        0.0%
SFR23                0      0       0      24        0.0%
BITBANK10           50      0       0      25        0.0%
BITSFR24             0      0       0      25        0.0%
SFR24                0      0       0      25        0.0%
BANK10              50      0       0      26        0.0%
BITSFR25             0      0       0      26        0.0%
SFR25                0      0       0      26        0.0%
BITBANK11           50      0       0      27        0.0%
BITSFR26             0      0       0      27        0.0%
SFR26                0      0       0      27        0.0%
BANK11              50      0       0      28        0.0%
BITSFR27             0      0       0      28        0.0%
SFR27                0      0       0      28        0.0%
BITBANK12           30      0       0      29        0.0%
BITSFR28             0      0       0      29        0.0%
SFR28                0      0       0      29        0.0%
BANK12              30      0       0      30        0.0%
BITSFR29             0      0       0      30        0.0%
SFR29                0      0       0      30        0.0%
BITSFR30             0      0       0      31        0.0%
SFR30                0      0       0      31        0.0%
DATA                 0      0       0      31        0.0%
BITSFR31             0      0       0      32        0.0%
SFR31                0      0       0      32        0.0%


Microchip Technology PIC Macro Assembler V2.45 build 20230818022343 
Symbol Table                                                                                   Mon Oct 30 22:00:12 2023

                            l11 078C                              l14 0785                              l49 07AC  
                            u10 07BF                              u11 07BC                              u30 07CA  
                            u31 07C7                              u24 07C1                              u50 07D5  
                            u51 07D2                              u44 07CC                              u70 07E0  
                            u71 07DD                              u64 07D7                              u90 07E7  
                            u91 07E6                              u84 07E2                             l621 0796  
                           l631 07A2                             l623 0798                             l615 078D  
                           l641 07AB                             l633 07A4                             l625 079B  
                           l617 0791                             l643 0781                             l635 07A6  
                           l627 079D                             l619 0794                             l651 07B0  
                           l645 0784                             l637 07A8                             l629 079F  
                           l661 07C1                             l653 07B2                             l639 07AA  
                           l647 0786                             l671 07F3                             l663 07CC  
                           l655 07B3                             l665 07D7                             l657 07B4  
                           l649 07AD                             l667 07E2                             l659 07B5  
                           l669 07E7                             u100 07F1                             u101 07EE  
                           u114 07F3                             u127 07F6                             wreg 0009  
                          _LATA 010C                            _LATB 010D                            _LATC 010E  
                          _WPUA 020C                            _WPUB 020D                            _WPUC 020E  
                          _main 07AD                            btemp 007E                            start 0003  
 __end_of_OSCILLATOR_Initialize 0786                           ?_main 0070                           _TRISA 008C  
                         _TRISB 008D                           _TRISC 008E                           status 0003  
                         wtemp0 007E                 __initialization 07FD                    __end_of_main 07FD  
                        ??_main 0070                          _ANSELA 018C                          _ANSELB 018D  
                        _ANSELC 018E                          _ODCONA 028C                          _ODCONB 028D  
                        _ODCONC 028E                          _OSCCON 0099               _SYSTEM_Initialize 0786  
       __end_of__initialization 07FD              ?_SYSTEM_Initialize 0070                  __pcstackCOMMON 0070  
           ??_SYSTEM_Initialize 0070                  _OPTION_REGbits 0095       __end_of_SYSTEM_Initialize 078D  
                    __pmaintext 07AD                         _OSCTUNE 0098                         __ptext1 0786  
                       __ptext2 078D                         __ptext3 0781           _OSCILLATOR_Initialize 0781  
      ??_PIN_MANAGER_Initialize 0070            end_of_initialization 07FD                       _PORTCbits 000E  
        ?_OSCILLATOR_Initialize 0070             start_initialization 07FD                       ___latbits 0002  
        _PIN_MANAGER_Initialize 078D                        _LATAbits 010C                        _LATCbits 010E  
       ??_OSCILLATOR_Initialize 0070         ?_PIN_MANAGER_Initialize 0070  __end_of_PIN_MANAGER_Initialize 07AD  
