

Microchip Technology PIC LITE Macro Assembler V1.42 build -159332390 
                                                                                               Sat Jun 10 11:14:33 2017

Microchip Technology Omniscient Code Generator v1.42 (Free mode) build 201704130522
     1                           	processor	16F1619
     2                           	opt	pw 120
     3                           	opt	lm
     4                           	psect	cinit,global,class=CODE,merge=1,delta=2
     5                           	psect	cstackCOMMON,global,class=COMMON,space=1,delta=1
     6                           	psect	maintext,global,class=CODE,merge=1,split=1,delta=2
     7                           	psect	text1,local,class=CODE,merge=1,delta=2
     8                           	psect	text2,local,class=CODE,merge=1,delta=2
     9                           	psect	text3,local,class=CODE,merge=1,delta=2
    10                           	dabs	1,0x7E,2
    11  0000                     
    12                           ; Version 1.42
    13                           ; Generated 13/04/2017 GMT
    14                           ; 
    15                           ; Copyright © 2017, Microchip Technology Inc. and its subsidiaries ("Microchip")
    16                           ; All rights reserved.
    17                           ; 
    18                           ; This software is developed by Microchip Technology Inc. and its subsidiaries ("Microch
      +                          ip").
    19                           ; 
    20                           ; Redistribution and use in source and binary forms, with or without modification, are
    21                           ; permitted provided that the following conditions are met:
    22                           ; 
    23                           ;     1. Redistributions of source code must retain the above copyright notice, this lis
      +                          t of
    24                           ;        conditions and the following disclaimer.
    25                           ; 
    26                           ;     2. Redistributions in binary form must reproduce the above copyright notice, this 
      +                          list
    27                           ;        of conditions and the following disclaimer in the documentation and/or other
    28                           ;        materials provided with the distribution.
    29                           ; 
    30                           ;     3. Microchip's name may not be used to endorse or promote products derived from th
      +                          is
    31                           ;        software without specific prior written permission.
    32                           ; 
    33                           ; THIS SOFTWARE IS PROVIDED BY MICROCHIP "AS IS" AND ANY EXPRESS OR IMPLIED WARRANTIES,
    34                           ; INCLUDING, BUT NOT LIMITED TO, THE IMPLIED WARRANTIES OF MERCHANTABILITY AND FITNESS F
      +                          OR
    35                           ; PURPOSE ARE DISCLAIMED.  IN NO EVENT SHALL MICROCHIP BE LIABLE FOR ANY DIRECT, INDIREC
      +                          T,
    36                           ; INCIDENTAL, SPECIAL, EXEMPLARY, OR CONSEQUENTIAL DAMAGES (INCLUDING BUT NOT LIMITED TO
    37                           ; PROCUREMENT OF SUBSTITUTE GOODS OR SERVICES; LOSS OF USE, DATA OR PROFITS; OR BUSINESS
    38                           ; INTERRUPTION) HOWSOEVER CAUSED AND ON ANY THEORY OF LIABILITY, WHETHER IN CONTRACT, ST
      +                          RICT
    39                           ; LIABILITY, OR TORT (INCLUDING NEGLIGENCE OR OTHERWISE) ARISING IN ANY WAY OUT OF THE U
      +                          SE OF
    40                           ; THIS SOFTWARE, EVEN IF ADVISED OF THE POSSIBILITY OF SUCH DAMAGE.
    41                           ; 
    42                           ; 
    43                           ; Code-generator required, PIC16F1619 Definitions
    44                           ; 
    45                           ; SFR Addresses
    46  0000                     	;# 
    47  0001                     	;# 
    48  0002                     	;# 
    49  0003                     	;# 
    50  0004                     	;# 
    51  0005                     	;# 
    52  0006                     	;# 
    53  0007                     	;# 
    54  0008                     	;# 
    55  0009                     	;# 
    56  000A                     	;# 
    57  000B                     	;# 
    58  000C                     	;# 
    59  000D                     	;# 
    60  000E                     	;# 
    61  0010                     	;# 
    62  0011                     	;# 
    63  0012                     	;# 
    64  0013                     	;# 
    65  0014                     	;# 
    66  0015                     	;# 
    67  0016                     	;# 
    68  0016                     	;# 
    69  0017                     	;# 
    70  0018                     	;# 
    71  0019                     	;# 
    72  001A                     	;# 
    73  001A                     	;# 
    74  001B                     	;# 
    75  001B                     	;# 
    76  001C                     	;# 
    77  001D                     	;# 
    78  001E                     	;# 
    79  001F                     	;# 
    80  008C                     	;# 
    81  008D                     	;# 
    82  008E                     	;# 
    83  0090                     	;# 
    84  0091                     	;# 
    85  0092                     	;# 
    86  0093                     	;# 
    87  0094                     	;# 
    88  0095                     	;# 
    89  0096                     	;# 
    90  0098                     	;# 
    91  0099                     	;# 
    92  009A                     	;# 
    93  009B                     	;# 
    94  009B                     	;# 
    95  009C                     	;# 
    96  009D                     	;# 
    97  009E                     	;# 
    98  009F                     	;# 
    99  010C                     	;# 
   100  010D                     	;# 
   101  010E                     	;# 
   102  0111                     	;# 
   103  0112                     	;# 
   104  0113                     	;# 
   105  0114                     	;# 
   106  0115                     	;# 
   107  0116                     	;# 
   108  0117                     	;# 
   109  0118                     	;# 
   110  0119                     	;# 
   111  011C                     	;# 
   112  018C                     	;# 
   113  018D                     	;# 
   114  018E                     	;# 
   115  0191                     	;# 
   116  0191                     	;# 
   117  0192                     	;# 
   118  0193                     	;# 
   119  0193                     	;# 
   120  0194                     	;# 
   121  0195                     	;# 
   122  0196                     	;# 
   123  0197                     	;# 
   124  0199                     	;# 
   125  0199                     	;# 
   126  0199                     	;# 
   127  019A                     	;# 
   128  019A                     	;# 
   129  019A                     	;# 
   130  019B                     	;# 
   131  019B                     	;# 
   132  019B                     	;# 
   133  019B                     	;# 
   134  019B                     	;# 
   135  019C                     	;# 
   136  019C                     	;# 
   137  019C                     	;# 
   138  019D                     	;# 
   139  019D                     	;# 
   140  019D                     	;# 
   141  019E                     	;# 
   142  019E                     	;# 
   143  019E                     	;# 
   144  019F                     	;# 
   145  019F                     	;# 
   146  019F                     	;# 
   147  019F                     	;# 
   148  019F                     	;# 
   149  020C                     	;# 
   150  020D                     	;# 
   151  020E                     	;# 
   152  0211                     	;# 
   153  0211                     	;# 
   154  0212                     	;# 
   155  0212                     	;# 
   156  0213                     	;# 
   157  0213                     	;# 
   158  0214                     	;# 
   159  0214                     	;# 
   160  0215                     	;# 
   161  0215                     	;# 
   162  0215                     	;# 
   163  0215                     	;# 
   164  0216                     	;# 
   165  0216                     	;# 
   166  0217                     	;# 
   167  0217                     	;# 
   168  028C                     	;# 
   169  028D                     	;# 
   170  028E                     	;# 
   171  0291                     	;# 
   172  0291                     	;# 
   173  0292                     	;# 
   174  0293                     	;# 
   175  0294                     	;# 
   176  0298                     	;# 
   177  0298                     	;# 
   178  0299                     	;# 
   179  029A                     	;# 
   180  029B                     	;# 
   181  029E                     	;# 
   182  030C                     	;# 
   183  030D                     	;# 
   184  030E                     	;# 
   185  038C                     	;# 
   186  038D                     	;# 
   187  038E                     	;# 
   188  0391                     	;# 
   189  0392                     	;# 
   190  0393                     	;# 
   191  0394                     	;# 
   192  0395                     	;# 
   193  0396                     	;# 
   194  0397                     	;# 
   195  0398                     	;# 
   196  0399                     	;# 
   197  040E                     	;# 
   198  0413                     	;# 
   199  0413                     	;# 
   200  0414                     	;# 
   201  0414                     	;# 
   202  0415                     	;# 
   203  0416                     	;# 
   204  0417                     	;# 
   205  0418                     	;# 
   206  041A                     	;# 
   207  041A                     	;# 
   208  041B                     	;# 
   209  041B                     	;# 
   210  041C                     	;# 
   211  041D                     	;# 
   212  041E                     	;# 
   213  041F                     	;# 
   214  0493                     	;# 
   215  0494                     	;# 
   216  0495                     	;# 
   217  0496                     	;# 
   218  049A                     	;# 
   219  049B                     	;# 
   220  049C                     	;# 
   221  049D                     	;# 
   222  058C                     	;# 
   223  058C                     	;# 
   224  058D                     	;# 
   225  058E                     	;# 
   226  058E                     	;# 
   227  058F                     	;# 
   228  0590                     	;# 
   229  0590                     	;# 
   230  0591                     	;# 
   231  0592                     	;# 
   232  0592                     	;# 
   233  0593                     	;# 
   234  0594                     	;# 
   235  0594                     	;# 
   236  0595                     	;# 
   237  0596                     	;# 
   238  0596                     	;# 
   239  0597                     	;# 
   240  0598                     	;# 
   241  0599                     	;# 
   242  059A                     	;# 
   243  059B                     	;# 
   244  059B                     	;# 
   245  059C                     	;# 
   246  059D                     	;# 
   247  060C                     	;# 
   248  060C                     	;# 
   249  060D                     	;# 
   250  060E                     	;# 
   251  060F                     	;# 
   252  060F                     	;# 
   253  0610                     	;# 
   254  0611                     	;# 
   255  0612                     	;# 
   256  0613                     	;# 
   257  0614                     	;# 
   258  0617                     	;# 
   259  0618                     	;# 
   260  0619                     	;# 
   261  061A                     	;# 
   262  061B                     	;# 
   263  061C                     	;# 
   264  0691                     	;# 
   265  0692                     	;# 
   266  0693                     	;# 
   267  0694                     	;# 
   268  0695                     	;# 
   269  0696                     	;# 
   270  0697                     	;# 
   271  0699                     	;# 
   272  069A                     	;# 
   273  0711                     	;# 
   274  0712                     	;# 
   275  0713                     	;# 
   276  0714                     	;# 
   277  0715                     	;# 
   278  0718                     	;# 
   279  0718                     	;# 
   280  0719                     	;# 
   281  071A                     	;# 
   282  071A                     	;# 
   283  071B                     	;# 
   284  071C                     	;# 
   285  071D                     	;# 
   286  0791                     	;# 
   287  0791                     	;# 
   288  0792                     	;# 
   289  0793                     	;# 
   290  0793                     	;# 
   291  0794                     	;# 
   292  0795                     	;# 
   293  0795                     	;# 
   294  0796                     	;# 
   295  0797                     	;# 
   296  0797                     	;# 
   297  0798                     	;# 
   298  0799                     	;# 
   299  079A                     	;# 
   300  080C                     	;# 
   301  080C                     	;# 
   302  080D                     	;# 
   303  080E                     	;# 
   304  080E                     	;# 
   305  080F                     	;# 
   306  0810                     	;# 
   307  0810                     	;# 
   308  0811                     	;# 
   309  0812                     	;# 
   310  0812                     	;# 
   311  0813                     	;# 
   312  0814                     	;# 
   313  0815                     	;# 
   314  0816                     	;# 
   315  0817                     	;# 
   316  0818                     	;# 
   317  0819                     	;# 
   318  081A                     	;# 
   319  081A                     	;# 
   320  081B                     	;# 
   321  081C                     	;# 
   322  081C                     	;# 
   323  081D                     	;# 
   324  088C                     	;# 
   325  088D                     	;# 
   326  088E                     	;# 
   327  088F                     	;# 
   328  088F                     	;# 
   329  0890                     	;# 
   330  0891                     	;# 
   331  0892                     	;# 
   332  0893                     	;# 
   333  0893                     	;# 
   334  0894                     	;# 
   335  0895                     	;# 
   336  0896                     	;# 
   337  0897                     	;# 
   338  0897                     	;# 
   339  0898                     	;# 
   340  0899                     	;# 
   341  0D8C                     	;# 
   342  0D8C                     	;# 
   343  0D8D                     	;# 
   344  0D8E                     	;# 
   345  0D8F                     	;# 
   346  0D8F                     	;# 
   347  0D90                     	;# 
   348  0D91                     	;# 
   349  0D92                     	;# 
   350  0D92                     	;# 
   351  0D93                     	;# 
   352  0D94                     	;# 
   353  0D95                     	;# 
   354  0D95                     	;# 
   355  0D96                     	;# 
   356  0D97                     	;# 
   357  0D98                     	;# 
   358  0D99                     	;# 
   359  0D9A                     	;# 
   360  0D9B                     	;# 
   361  0D9C                     	;# 
   362  0D9D                     	;# 
   363  0D9E                     	;# 
   364  0D9E                     	;# 
   365  0D9F                     	;# 
   366  0DA0                     	;# 
   367  0DA1                     	;# 
   368  0DA1                     	;# 
   369  0DA2                     	;# 
   370  0DA3                     	;# 
   371  0DA4                     	;# 
   372  0DA4                     	;# 
   373  0DA5                     	;# 
   374  0DA6                     	;# 
   375  0DA7                     	;# 
   376  0DA7                     	;# 
   377  0DA8                     	;# 
   378  0DA9                     	;# 
   379  0DAA                     	;# 
   380  0DAB                     	;# 
   381  0DAC                     	;# 
   382  0DAD                     	;# 
   383  0DAE                     	;# 
   384  0DAF                     	;# 
   385  0E0F                     	;# 
   386  0E10                     	;# 
   387  0E11                     	;# 
   388  0E12                     	;# 
   389  0E13                     	;# 
   390  0E14                     	;# 
   391  0E15                     	;# 
   392  0E16                     	;# 
   393  0E17                     	;# 
   394  0E18                     	;# 
   395  0E19                     	;# 
   396  0E1A                     	;# 
   397  0E1B                     	;# 
   398  0E1C                     	;# 
   399  0E1D                     	;# 
   400  0E1E                     	;# 
   401  0E1F                     	;# 
   402  0E20                     	;# 
   403  0E21                     	;# 
   404  0E22                     	;# 
   405  0E23                     	;# 
   406  0E24                     	;# 
   407  0E25                     	;# 
   408  0E26                     	;# 
   409  0E27                     	;# 
   410  0E28                     	;# 
   411  0E29                     	;# 
   412  0E2A                     	;# 
   413  0E2B                     	;# 
   414  0E2C                     	;# 
   415  0E2D                     	;# 
   416  0E2E                     	;# 
   417  0E90                     	;# 
   418  0E91                     	;# 
   419  0E92                     	;# 
   420  0E94                     	;# 
   421  0E95                     	;# 
   422  0E9C                     	;# 
   423  0E9D                     	;# 
   424  0E9E                     	;# 
   425  0E9F                     	;# 
   426  0EA0                     	;# 
   427  0EA1                     	;# 
   428  0EA2                     	;# 
   429  0EA3                     	;# 
   430  0EA4                     	;# 
   431  0EA5                     	;# 
   432  0EA6                     	;# 
   433  0EA7                     	;# 
   434  0F0F                     	;# 
   435  0F10                     	;# 
   436  0F11                     	;# 
   437  0F12                     	;# 
   438  0F13                     	;# 
   439  0F14                     	;# 
   440  0F15                     	;# 
   441  0F16                     	;# 
   442  0F17                     	;# 
   443  0F18                     	;# 
   444  0F19                     	;# 
   445  0F1A                     	;# 
   446  0F1B                     	;# 
   447  0F1C                     	;# 
   448  0F1D                     	;# 
   449  0F1E                     	;# 
   450  0F1F                     	;# 
   451  0F20                     	;# 
   452  0F21                     	;# 
   453  0F22                     	;# 
   454  0F23                     	;# 
   455  0F24                     	;# 
   456  0F25                     	;# 
   457  0F26                     	;# 
   458  0F27                     	;# 
   459  0F28                     	;# 
   460  0F29                     	;# 
   461  0F2A                     	;# 
   462  0F2B                     	;# 
   463  0F2C                     	;# 
   464  0F2D                     	;# 
   465  0F2E                     	;# 
   466  0F2F                     	;# 
   467  0F30                     	;# 
   468  0F31                     	;# 
   469  0F32                     	;# 
   470  0F33                     	;# 
   471  0F34                     	;# 
   472  0F35                     	;# 
   473  0F36                     	;# 
   474  0F37                     	;# 
   475  0FE4                     	;# 
   476  0FE5                     	;# 
   477  0FE6                     	;# 
   478  0FE7                     	;# 
   479  0FE8                     	;# 
   480  0FE9                     	;# 
   481  0FEA                     	;# 
   482  0FEB                     	;# 
   483  0FED                     	;# 
   484  0FEE                     	;# 
   485  0FEF                     	;# 
   486  0000                     	;# 
   487  0001                     	;# 
   488  0002                     	;# 
   489  0003                     	;# 
   490  0004                     	;# 
   491  0005                     	;# 
   492  0006                     	;# 
   493  0007                     	;# 
   494  0008                     	;# 
   495  0009                     	;# 
   496  000A                     	;# 
   497  000B                     	;# 
   498  000C                     	;# 
   499  000D                     	;# 
   500  000E                     	;# 
   501  0010                     	;# 
   502  0011                     	;# 
   503  0012                     	;# 
   504  0013                     	;# 
   505  0014                     	;# 
   506  0015                     	;# 
   507  0016                     	;# 
   508  0016                     	;# 
   509  0017                     	;# 
   510  0018                     	;# 
   511  0019                     	;# 
   512  001A                     	;# 
   513  001A                     	;# 
   514  001B                     	;# 
   515  001B                     	;# 
   516  001C                     	;# 
   517  001D                     	;# 
   518  001E                     	;# 
   519  001F                     	;# 
   520  008C                     	;# 
   521  008D                     	;# 
   522  008E                     	;# 
   523  0090                     	;# 
   524  0091                     	;# 
   525  0092                     	;# 
   526  0093                     	;# 
   527  0094                     	;# 
   528  0095                     	;# 
   529  0096                     	;# 
   530  0098                     	;# 
   531  0099                     	;# 
   532  009A                     	;# 
   533  009B                     	;# 
   534  009B                     	;# 
   535  009C                     	;# 
   536  009D                     	;# 
   537  009E                     	;# 
   538  009F                     	;# 
   539  010C                     	;# 
   540  010D                     	;# 
   541  010E                     	;# 
   542  0111                     	;# 
   543  0112                     	;# 
   544  0113                     	;# 
   545  0114                     	;# 
   546  0115                     	;# 
   547  0116                     	;# 
   548  0117                     	;# 
   549  0118                     	;# 
   550  0119                     	;# 
   551  011C                     	;# 
   552  018C                     	;# 
   553  018D                     	;# 
   554  018E                     	;# 
   555  0191                     	;# 
   556  0191                     	;# 
   557  0192                     	;# 
   558  0193                     	;# 
   559  0193                     	;# 
   560  0194                     	;# 
   561  0195                     	;# 
   562  0196                     	;# 
   563  0197                     	;# 
   564  0199                     	;# 
   565  0199                     	;# 
   566  0199                     	;# 
   567  019A                     	;# 
   568  019A                     	;# 
   569  019A                     	;# 
   570  019B                     	;# 
   571  019B                     	;# 
   572  019B                     	;# 
   573  019B                     	;# 
   574  019B                     	;# 
   575  019C                     	;# 
   576  019C                     	;# 
   577  019C                     	;# 
   578  019D                     	;# 
   579  019D                     	;# 
   580  019D                     	;# 
   581  019E                     	;# 
   582  019E                     	;# 
   583  019E                     	;# 
   584  019F                     	;# 
   585  019F                     	;# 
   586  019F                     	;# 
   587  019F                     	;# 
   588  019F                     	;# 
   589  020C                     	;# 
   590  020D                     	;# 
   591  020E                     	;# 
   592  0211                     	;# 
   593  0211                     	;# 
   594  0212                     	;# 
   595  0212                     	;# 
   596  0213                     	;# 
   597  0213                     	;# 
   598  0214                     	;# 
   599  0214                     	;# 
   600  0215                     	;# 
   601  0215                     	;# 
   602  0215                     	;# 
   603  0215                     	;# 
   604  0216                     	;# 
   605  0216                     	;# 
   606  0217                     	;# 
   607  0217                     	;# 
   608  028C                     	;# 
   609  028D                     	;# 
   610  028E                     	;# 
   611  0291                     	;# 
   612  0291                     	;# 
   613  0292                     	;# 
   614  0293                     	;# 
   615  0294                     	;# 
   616  0298                     	;# 
   617  0298                     	;# 
   618  0299                     	;# 
   619  029A                     	;# 
   620  029B                     	;# 
   621  029E                     	;# 
   622  030C                     	;# 
   623  030D                     	;# 
   624  030E                     	;# 
   625  038C                     	;# 
   626  038D                     	;# 
   627  038E                     	;# 
   628  0391                     	;# 
   629  0392                     	;# 
   630  0393                     	;# 
   631  0394                     	;# 
   632  0395                     	;# 
   633  0396                     	;# 
   634  0397                     	;# 
   635  0398                     	;# 
   636  0399                     	;# 
   637  040E                     	;# 
   638  0413                     	;# 
   639  0413                     	;# 
   640  0414                     	;# 
   641  0414                     	;# 
   642  0415                     	;# 
   643  0416                     	;# 
   644  0417                     	;# 
   645  0418                     	;# 
   646  041A                     	;# 
   647  041A                     	;# 
   648  041B                     	;# 
   649  041B                     	;# 
   650  041C                     	;# 
   651  041D                     	;# 
   652  041E                     	;# 
   653  041F                     	;# 
   654  0493                     	;# 
   655  0494                     	;# 
   656  0495                     	;# 
   657  0496                     	;# 
   658  049A                     	;# 
   659  049B                     	;# 
   660  049C                     	;# 
   661  049D                     	;# 
   662  058C                     	;# 
   663  058C                     	;# 
   664  058D                     	;# 
   665  058E                     	;# 
   666  058E                     	;# 
   667  058F                     	;# 
   668  0590                     	;# 
   669  0590                     	;# 
   670  0591                     	;# 
   671  0592                     	;# 
   672  0592                     	;# 
   673  0593                     	;# 
   674  0594                     	;# 
   675  0594                     	;# 
   676  0595                     	;# 
   677  0596                     	;# 
   678  0596                     	;# 
   679  0597                     	;# 
   680  0598                     	;# 
   681  0599                     	;# 
   682  059A                     	;# 
   683  059B                     	;# 
   684  059B                     	;# 
   685  059C                     	;# 
   686  059D                     	;# 
   687  060C                     	;# 
   688  060C                     	;# 
   689  060D                     	;# 
   690  060E                     	;# 
   691  060F                     	;# 
   692  060F                     	;# 
   693  0610                     	;# 
   694  0611                     	;# 
   695  0612                     	;# 
   696  0613                     	;# 
   697  0614                     	;# 
   698  0617                     	;# 
   699  0618                     	;# 
   700  0619                     	;# 
   701  061A                     	;# 
   702  061B                     	;# 
   703  061C                     	;# 
   704  0691                     	;# 
   705  0692                     	;# 
   706  0693                     	;# 
   707  0694                     	;# 
   708  0695                     	;# 
   709  0696                     	;# 
   710  0697                     	;# 
   711  0699                     	;# 
   712  069A                     	;# 
   713  0711                     	;# 
   714  0712                     	;# 
   715  0713                     	;# 
   716  0714                     	;# 
   717  0715                     	;# 
   718  0718                     	;# 
   719  0718                     	;# 
   720  0719                     	;# 
   721  071A                     	;# 
   722  071A                     	;# 
   723  071B                     	;# 
   724  071C                     	;# 
   725  071D                     	;# 
   726  0791                     	;# 
   727  0791                     	;# 
   728  0792                     	;# 
   729  0793                     	;# 
   730  0793                     	;# 
   731  0794                     	;# 
   732  0795                     	;# 
   733  0795                     	;# 
   734  0796                     	;# 
   735  0797                     	;# 
   736  0797                     	;# 
   737  0798                     	;# 
   738  0799                     	;# 
   739  079A                     	;# 
   740  080C                     	;# 
   741  080C                     	;# 
   742  080D                     	;# 
   743  080E                     	;# 
   744  080E                     	;# 
   745  080F                     	;# 
   746  0810                     	;# 
   747  0810                     	;# 
   748  0811                     	;# 
   749  0812                     	;# 
   750  0812                     	;# 
   751  0813                     	;# 
   752  0814                     	;# 
   753  0815                     	;# 
   754  0816                     	;# 
   755  0817                     	;# 
   756  0818                     	;# 
   757  0819                     	;# 
   758  081A                     	;# 
   759  081A                     	;# 
   760  081B                     	;# 
   761  081C                     	;# 
   762  081C                     	;# 
   763  081D                     	;# 
   764  088C                     	;# 
   765  088D                     	;# 
   766  088E                     	;# 
   767  088F                     	;# 
   768  088F                     	;# 
   769  0890                     	;# 
   770  0891                     	;# 
   771  0892                     	;# 
   772  0893                     	;# 
   773  0893                     	;# 
   774  0894                     	;# 
   775  0895                     	;# 
   776  0896                     	;# 
   777  0897                     	;# 
   778  0897                     	;# 
   779  0898                     	;# 
   780  0899                     	;# 
   781  0D8C                     	;# 
   782  0D8C                     	;# 
   783  0D8D                     	;# 
   784  0D8E                     	;# 
   785  0D8F                     	;# 
   786  0D8F                     	;# 
   787  0D90                     	;# 
   788  0D91                     	;# 
   789  0D92                     	;# 
   790  0D92                     	;# 
   791  0D93                     	;# 
   792  0D94                     	;# 
   793  0D95                     	;# 
   794  0D95                     	;# 
   795  0D96                     	;# 
   796  0D97                     	;# 
   797  0D98                     	;# 
   798  0D99                     	;# 
   799  0D9A                     	;# 
   800  0D9B                     	;# 
   801  0D9C                     	;# 
   802  0D9D                     	;# 
   803  0D9E                     	;# 
   804  0D9E                     	;# 
   805  0D9F                     	;# 
   806  0DA0                     	;# 
   807  0DA1                     	;# 
   808  0DA1                     	;# 
   809  0DA2                     	;# 
   810  0DA3                     	;# 
   811  0DA4                     	;# 
   812  0DA4                     	;# 
   813  0DA5                     	;# 
   814  0DA6                     	;# 
   815  0DA7                     	;# 
   816  0DA7                     	;# 
   817  0DA8                     	;# 
   818  0DA9                     	;# 
   819  0DAA                     	;# 
   820  0DAB                     	;# 
   821  0DAC                     	;# 
   822  0DAD                     	;# 
   823  0DAE                     	;# 
   824  0DAF                     	;# 
   825  0E0F                     	;# 
   826  0E10                     	;# 
   827  0E11                     	;# 
   828  0E12                     	;# 
   829  0E13                     	;# 
   830  0E14                     	;# 
   831  0E15                     	;# 
   832  0E16                     	;# 
   833  0E17                     	;# 
   834  0E18                     	;# 
   835  0E19                     	;# 
   836  0E1A                     	;# 
   837  0E1B                     	;# 
   838  0E1C                     	;# 
   839  0E1D                     	;# 
   840  0E1E                     	;# 
   841  0E1F                     	;# 
   842  0E20                     	;# 
   843  0E21                     	;# 
   844  0E22                     	;# 
   845  0E23                     	;# 
   846  0E24                     	;# 
   847  0E25                     	;# 
   848  0E26                     	;# 
   849  0E27                     	;# 
   850  0E28                     	;# 
   851  0E29                     	;# 
   852  0E2A                     	;# 
   853  0E2B                     	;# 
   854  0E2C                     	;# 
   855  0E2D                     	;# 
   856  0E2E                     	;# 
   857  0E90                     	;# 
   858  0E91                     	;# 
   859  0E92                     	;# 
   860  0E94                     	;# 
   861  0E95                     	;# 
   862  0E9C                     	;# 
   863  0E9D                     	;# 
   864  0E9E                     	;# 
   865  0E9F                     	;# 
   866  0EA0                     	;# 
   867  0EA1                     	;# 
   868  0EA2                     	;# 
   869  0EA3                     	;# 
   870  0EA4                     	;# 
   871  0EA5                     	;# 
   872  0EA6                     	;# 
   873  0EA7                     	;# 
   874  0F0F                     	;# 
   875  0F10                     	;# 
   876  0F11                     	;# 
   877  0F12                     	;# 
   878  0F13                     	;# 
   879  0F14                     	;# 
   880  0F15                     	;# 
   881  0F16                     	;# 
   882  0F17                     	;# 
   883  0F18                     	;# 
   884  0F19                     	;# 
   885  0F1A                     	;# 
   886  0F1B                     	;# 
   887  0F1C                     	;# 
   888  0F1D                     	;# 
   889  0F1E                     	;# 
   890  0F1F                     	;# 
   891  0F20                     	;# 
   892  0F21                     	;# 
   893  0F22                     	;# 
   894  0F23                     	;# 
   895  0F24                     	;# 
   896  0F25                     	;# 
   897  0F26                     	;# 
   898  0F27                     	;# 
   899  0F28                     	;# 
   900  0F29                     	;# 
   901  0F2A                     	;# 
   902  0F2B                     	;# 
   903  0F2C                     	;# 
   904  0F2D                     	;# 
   905  0F2E                     	;# 
   906  0F2F                     	;# 
   907  0F30                     	;# 
   908  0F31                     	;# 
   909  0F32                     	;# 
   910  0F33                     	;# 
   911  0F34                     	;# 
   912  0F35                     	;# 
   913  0F36                     	;# 
   914  0F37                     	;# 
   915  0FE4                     	;# 
   916  0FE5                     	;# 
   917  0FE6                     	;# 
   918  0FE7                     	;# 
   919  0FE8                     	;# 
   920  0FE9                     	;# 
   921  0FEA                     	;# 
   922  0FEB                     	;# 
   923  0FED                     	;# 
   924  0FEE                     	;# 
   925  0FEF                     	;# 
   926  0000                     	;# 
   927  0001                     	;# 
   928  0002                     	;# 
   929  0003                     	;# 
   930  0004                     	;# 
   931  0005                     	;# 
   932  0006                     	;# 
   933  0007                     	;# 
   934  0008                     	;# 
   935  0009                     	;# 
   936  000A                     	;# 
   937  000B                     	;# 
   938  000C                     	;# 
   939  000D                     	;# 
   940  000E                     	;# 
   941  0010                     	;# 
   942  0011                     	;# 
   943  0012                     	;# 
   944  0013                     	;# 
   945  0014                     	;# 
   946  0015                     	;# 
   947  0016                     	;# 
   948  0016                     	;# 
   949  0017                     	;# 
   950  0018                     	;# 
   951  0019                     	;# 
   952  001A                     	;# 
   953  001A                     	;# 
   954  001B                     	;# 
   955  001B                     	;# 
   956  001C                     	;# 
   957  001D                     	;# 
   958  001E                     	;# 
   959  001F                     	;# 
   960  008C                     	;# 
   961  008D                     	;# 
   962  008E                     	;# 
   963  0090                     	;# 
   964  0091                     	;# 
   965  0092                     	;# 
   966  0093                     	;# 
   967  0094                     	;# 
   968  0095                     	;# 
   969  0096                     	;# 
   970  0098                     	;# 
   971  0099                     	;# 
   972  009A                     	;# 
   973  009B                     	;# 
   974  009B                     	;# 
   975  009C                     	;# 
   976  009D                     	;# 
   977  009E                     	;# 
   978  009F                     	;# 
   979  010C                     	;# 
   980  010D                     	;# 
   981  010E                     	;# 
   982  0111                     	;# 
   983  0112                     	;# 
   984  0113                     	;# 
   985  0114                     	;# 
   986  0115                     	;# 
   987  0116                     	;# 
   988  0117                     	;# 
   989  0118                     	;# 
   990  0119                     	;# 
   991  011C                     	;# 
   992  018C                     	;# 
   993  018D                     	;# 
   994  018E                     	;# 
   995  0191                     	;# 
   996  0191                     	;# 
   997  0192                     	;# 
   998  0193                     	;# 
   999  0193                     	;# 
  1000  0194                     	;# 
  1001  0195                     	;# 
  1002  0196                     	;# 
  1003  0197                     	;# 
  1004  0199                     	;# 
  1005  0199                     	;# 
  1006  0199                     	;# 
  1007  019A                     	;# 
  1008  019A                     	;# 
  1009  019A                     	;# 
  1010  019B                     	;# 
  1011  019B                     	;# 
  1012  019B                     	;# 
  1013  019B                     	;# 
  1014  019B                     	;# 
  1015  019C                     	;# 
  1016  019C                     	;# 
  1017  019C                     	;# 
  1018  019D                     	;# 
  1019  019D                     	;# 
  1020  019D                     	;# 
  1021  019E                     	;# 
  1022  019E                     	;# 
  1023  019E                     	;# 
  1024  019F                     	;# 
  1025  019F                     	;# 
  1026  019F                     	;# 
  1027  019F                     	;# 
  1028  019F                     	;# 
  1029  020C                     	;# 
  1030  020D                     	;# 
  1031  020E                     	;# 
  1032  0211                     	;# 
  1033  0211                     	;# 
  1034  0212                     	;# 
  1035  0212                     	;# 
  1036  0213                     	;# 
  1037  0213                     	;# 
  1038  0214                     	;# 
  1039  0214                     	;# 
  1040  0215                     	;# 
  1041  0215                     	;# 
  1042  0215                     	;# 
  1043  0215                     	;# 
  1044  0216                     	;# 
  1045  0216                     	;# 
  1046  0217                     	;# 
  1047  0217                     	;# 
  1048  028C                     	;# 
  1049  028D                     	;# 
  1050  028E                     	;# 
  1051  0291                     	;# 
  1052  0291                     	;# 
  1053  0292                     	;# 
  1054  0293                     	;# 
  1055  0294                     	;# 
  1056  0298                     	;# 
  1057  0298                     	;# 
  1058  0299                     	;# 
  1059  029A                     	;# 
  1060  029B                     	;# 
  1061  029E                     	;# 
  1062  030C                     	;# 
  1063  030D                     	;# 
  1064  030E                     	;# 
  1065  038C                     	;# 
  1066  038D                     	;# 
  1067  038E                     	;# 
  1068  0391                     	;# 
  1069  0392                     	;# 
  1070  0393                     	;# 
  1071  0394                     	;# 
  1072  0395                     	;# 
  1073  0396                     	;# 
  1074  0397                     	;# 
  1075  0398                     	;# 
  1076  0399                     	;# 
  1077  040E                     	;# 
  1078  0413                     	;# 
  1079  0413                     	;# 
  1080  0414                     	;# 
  1081  0414                     	;# 
  1082  0415                     	;# 
  1083  0416                     	;# 
  1084  0417                     	;# 
  1085  0418                     	;# 
  1086  041A                     	;# 
  1087  041A                     	;# 
  1088  041B                     	;# 
  1089  041B                     	;# 
  1090  041C                     	;# 
  1091  041D                     	;# 
  1092  041E                     	;# 
  1093  041F                     	;# 
  1094  0493                     	;# 
  1095  0494                     	;# 
  1096  0495                     	;# 
  1097  0496                     	;# 
  1098  049A                     	;# 
  1099  049B                     	;# 
  1100  049C                     	;# 
  1101  049D                     	;# 
  1102  058C                     	;# 
  1103  058C                     	;# 
  1104  058D                     	;# 
  1105  058E                     	;# 
  1106  058E                     	;# 
  1107  058F                     	;# 
  1108  0590                     	;# 
  1109  0590                     	;# 
  1110  0591                     	;# 
  1111  0592                     	;# 
  1112  0592                     	;# 
  1113  0593                     	;# 
  1114  0594                     	;# 
  1115  0594                     	;# 
  1116  0595                     	;# 
  1117  0596                     	;# 
  1118  0596                     	;# 
  1119  0597                     	;# 
  1120  0598                     	;# 
  1121  0599                     	;# 
  1122  059A                     	;# 
  1123  059B                     	;# 
  1124  059B                     	;# 
  1125  059C                     	;# 
  1126  059D                     	;# 
  1127  060C                     	;# 
  1128  060C                     	;# 
  1129  060D                     	;# 
  1130  060E                     	;# 
  1131  060F                     	;# 
  1132  060F                     	;# 
  1133  0610                     	;# 
  1134  0611                     	;# 
  1135  0612                     	;# 
  1136  0613                     	;# 
  1137  0614                     	;# 
  1138  0617                     	;# 
  1139  0618                     	;# 
  1140  0619                     	;# 
  1141  061A                     	;# 
  1142  061B                     	;# 
  1143  061C                     	;# 
  1144  0691                     	;# 
  1145  0692                     	;# 
  1146  0693                     	;# 
  1147  0694                     	;# 
  1148  0695                     	;# 
  1149  0696                     	;# 
  1150  0697                     	;# 
  1151  0699                     	;# 
  1152  069A                     	;# 
  1153  0711                     	;# 
  1154  0712                     	;# 
  1155  0713                     	;# 
  1156  0714                     	;# 
  1157  0715                     	;# 
  1158  0718                     	;# 
  1159  0718                     	;# 
  1160  0719                     	;# 
  1161  071A                     	;# 
  1162  071A                     	;# 
  1163  071B                     	;# 
  1164  071C                     	;# 
  1165  071D                     	;# 
  1166  0791                     	;# 
  1167  0791                     	;# 
  1168  0792                     	;# 
  1169  0793                     	;# 
  1170  0793                     	;# 
  1171  0794                     	;# 
  1172  0795                     	;# 
  1173  0795                     	;# 
  1174  0796                     	;# 
  1175  0797                     	;# 
  1176  0797                     	;# 
  1177  0798                     	;# 
  1178  0799                     	;# 
  1179  079A                     	;# 
  1180  080C                     	;# 
  1181  080C                     	;# 
  1182  080D                     	;# 
  1183  080E                     	;# 
  1184  080E                     	;# 
  1185  080F                     	;# 
  1186  0810                     	;# 
  1187  0810                     	;# 
  1188  0811                     	;# 
  1189  0812                     	;# 
  1190  0812                     	;# 
  1191  0813                     	;# 
  1192  0814                     	;# 
  1193  0815                     	;# 
  1194  0816                     	;# 
  1195  0817                     	;# 
  1196  0818                     	;# 
  1197  0819                     	;# 
  1198  081A                     	;# 
  1199  081A                     	;# 
  1200  081B                     	;# 
  1201  081C                     	;# 
  1202  081C                     	;# 
  1203  081D                     	;# 
  1204  088C                     	;# 
  1205  088D                     	;# 
  1206  088E                     	;# 
  1207  088F                     	;# 
  1208  088F                     	;# 
  1209  0890                     	;# 
  1210  0891                     	;# 
  1211  0892                     	;# 
  1212  0893                     	;# 
  1213  0893                     	;# 
  1214  0894                     	;# 
  1215  0895                     	;# 
  1216  0896                     	;# 
  1217  0897                     	;# 
  1218  0897                     	;# 
  1219  0898                     	;# 
  1220  0899                     	;# 
  1221  0D8C                     	;# 
  1222  0D8C                     	;# 
  1223  0D8D                     	;# 
  1224  0D8E                     	;# 
  1225  0D8F                     	;# 
  1226  0D8F                     	;# 
  1227  0D90                     	;# 
  1228  0D91                     	;# 
  1229  0D92                     	;# 
  1230  0D92                     	;# 
  1231  0D93                     	;# 
  1232  0D94                     	;# 
  1233  0D95                     	;# 
  1234  0D95                     	;# 
  1235  0D96                     	;# 
  1236  0D97                     	;# 
  1237  0D98                     	;# 
  1238  0D99                     	;# 
  1239  0D9A                     	;# 
  1240  0D9B                     	;# 
  1241  0D9C                     	;# 
  1242  0D9D                     	;# 
  1243  0D9E                     	;# 
  1244  0D9E                     	;# 
  1245  0D9F                     	;# 
  1246  0DA0                     	;# 
  1247  0DA1                     	;# 
  1248  0DA1                     	;# 
  1249  0DA2                     	;# 
  1250  0DA3                     	;# 
  1251  0DA4                     	;# 
  1252  0DA4                     	;# 
  1253  0DA5                     	;# 
  1254  0DA6                     	;# 
  1255  0DA7                     	;# 
  1256  0DA7                     	;# 
  1257  0DA8                     	;# 
  1258  0DA9                     	;# 
  1259  0DAA                     	;# 
  1260  0DAB                     	;# 
  1261  0DAC                     	;# 
  1262  0DAD                     	;# 
  1263  0DAE                     	;# 
  1264  0DAF                     	;# 
  1265  0E0F                     	;# 
  1266  0E10                     	;# 
  1267  0E11                     	;# 
  1268  0E12                     	;# 
  1269  0E13                     	;# 
  1270  0E14                     	;# 
  1271  0E15                     	;# 
  1272  0E16                     	;# 
  1273  0E17                     	;# 
  1274  0E18                     	;# 
  1275  0E19                     	;# 
  1276  0E1A                     	;# 
  1277  0E1B                     	;# 
  1278  0E1C                     	;# 
  1279  0E1D                     	;# 
  1280  0E1E                     	;# 
  1281  0E1F                     	;# 
  1282  0E20                     	;# 
  1283  0E21                     	;# 
  1284  0E22                     	;# 
  1285  0E23                     	;# 
  1286  0E24                     	;# 
  1287  0E25                     	;# 
  1288  0E26                     	;# 
  1289  0E27                     	;# 
  1290  0E28                     	;# 
  1291  0E29                     	;# 
  1292  0E2A                     	;# 
  1293  0E2B                     	;# 
  1294  0E2C                     	;# 
  1295  0E2D                     	;# 
  1296  0E2E                     	;# 
  1297  0E90                     	;# 
  1298  0E91                     	;# 
  1299  0E92                     	;# 
  1300  0E94                     	;# 
  1301  0E95                     	;# 
  1302  0E9C                     	;# 
  1303  0E9D                     	;# 
  1304  0E9E                     	;# 
  1305  0E9F                     	;# 
  1306  0EA0                     	;# 
  1307  0EA1                     	;# 
  1308  0EA2                     	;# 
  1309  0EA3                     	;# 
  1310  0EA4                     	;# 
  1311  0EA5                     	;# 
  1312  0EA6                     	;# 
  1313  0EA7                     	;# 
  1314  0F0F                     	;# 
  1315  0F10                     	;# 
  1316  0F11                     	;# 
  1317  0F12                     	;# 
  1318  0F13                     	;# 
  1319  0F14                     	;# 
  1320  0F15                     	;# 
  1321  0F16                     	;# 
  1322  0F17                     	;# 
  1323  0F18                     	;# 
  1324  0F19                     	;# 
  1325  0F1A                     	;# 
  1326  0F1B                     	;# 
  1327  0F1C                     	;# 
  1328  0F1D                     	;# 
  1329  0F1E                     	;# 
  1330  0F1F                     	;# 
  1331  0F20                     	;# 
  1332  0F21                     	;# 
  1333  0F22                     	;# 
  1334  0F23                     	;# 
  1335  0F24                     	;# 
  1336  0F25                     	;# 
  1337  0F26                     	;# 
  1338  0F27                     	;# 
  1339  0F28                     	;# 
  1340  0F29                     	;# 
  1341  0F2A                     	;# 
  1342  0F2B                     	;# 
  1343  0F2C                     	;# 
  1344  0F2D                     	;# 
  1345  0F2E                     	;# 
  1346  0F2F                     	;# 
  1347  0F30                     	;# 
  1348  0F31                     	;# 
  1349  0F32                     	;# 
  1350  0F33                     	;# 
  1351  0F34                     	;# 
  1352  0F35                     	;# 
  1353  0F36                     	;# 
  1354  0F37                     	;# 
  1355  0FE4                     	;# 
  1356  0FE5                     	;# 
  1357  0FE6                     	;# 
  1358  0FE7                     	;# 
  1359  0FE8                     	;# 
  1360  0FE9                     	;# 
  1361  0FEA                     	;# 
  1362  0FEB                     	;# 
  1363  0FED                     	;# 
  1364  0FEE                     	;# 
  1365  0FEF                     	;# 
  1366  000E                     _PORTCbits	set	14
  1367  0095                     _OPTION_REGbits	set	149
  1368  008E                     _TRISC	set	142
  1369  008D                     _TRISB	set	141
  1370  008C                     _TRISA	set	140
  1371  0098                     _OSCTUNE	set	152
  1372  0099                     _OSCCON	set	153
  1373  010E                     _LATCbits	set	270
  1374  010C                     _LATAbits	set	268
  1375  010E                     _LATC	set	270
  1376  010D                     _LATB	set	269
  1377  010C                     _LATA	set	268
  1378  018C                     _ANSELA	set	396
  1379  018D                     _ANSELB	set	397
  1380  018E                     _ANSELC	set	398
  1381  020E                     _WPUC	set	526
  1382  020C                     _WPUA	set	524
  1383  020D                     _WPUB	set	525
  1384  028E                     _ODCONC	set	654
  1385  028D                     _ODCONB	set	653
  1386  028C                     _ODCONA	set	652
  1387                           
  1388                           ; #config settings
  1389  0000                     
  1390                           	psect	cinit
  1391  07FD                     start_initialization:	
  1392  07FD                     __initialization:	
  1393  07FD                     end_of_initialization:	
  1394                           ;End of C runtime variable initialization code
  1395                           
  1396  07FD                     __end_of__initialization:	
  1397  07FD  0020               	movlb	0
  1398  07FE  3187  2FB6         	ljmp	_main	;jump to C main() function
  1399                           
  1400                           	psect	cstackCOMMON
  1401  0070                     __pcstackCOMMON:	
  1402  0070                     ?_PIN_MANAGER_Initialize:	
  1403  0070                     ??_PIN_MANAGER_Initialize:	
  1404                           ; 1 bytes @ 0x0
  1405                           
  1406  0070                     ?_OSCILLATOR_Initialize:	
  1407                           ; 1 bytes @ 0x0
  1408                           
  1409  0070                     ??_OSCILLATOR_Initialize:	
  1410                           ; 1 bytes @ 0x0
  1411                           
  1412  0070                     ?_SYSTEM_Initialize:	
  1413                           ; 1 bytes @ 0x0
  1414                           
  1415  0070                     ??_SYSTEM_Initialize:	
  1416                           ; 1 bytes @ 0x0
  1417                           
  1418  0070                     ?_main:	
  1419                           ; 1 bytes @ 0x0
  1420                           
  1421  0070                     ??_main:	
  1422                           ; 1 bytes @ 0x0
  1423                           
  1424                           
  1425                           ; 1 bytes @ 0x0
  1426  0070                     	ds	1
  1427                           
  1428                           	psect	maintext
  1429  07B6                     __pmaintext:	
  1430 ;;
  1431 ;;Main: autosize = 0, tempsize = 1, incstack = 0, save=0
  1432 ;;
  1433 ;; *************** function _main *****************
  1434 ;; Defined at:
  1435 ;;		line 3 in file "main.c"
  1436 ;; Parameters:    Size  Location     Type
  1437 ;;		None
  1438 ;; Auto vars:     Size  Location     Type
  1439 ;;		None
  1440 ;; Return value:  Size  Location     Type
  1441 ;;                  1    wreg      void 
  1442 ;; Registers used:
  1443 ;;		wreg, status,2, status,0, pclath, cstack
  1444 ;; Tracked objects:
  1445 ;;		On entry : B1F/0
  1446 ;;		On exit  : 0/0
  1447 ;;		Unchanged: 0/0
  1448 ;; Data sizes:     COMMON   BANK0   BANK1   BANK2   BANK3   BANK4   BANK5   BANK6   BANK7   BANK8   BANK9  BANK10  BANK1
      +1  BANK12
  1449 ;;      Params:         0       0       0       0       0       0       0       0       0       0       0       0       
      +0       0
  1450 ;;      Locals:         0       0       0       0       0       0       0       0       0       0       0       0       
      +0       0
  1451 ;;      Temps:          1       0       0       0       0       0       0       0       0       0       0       0       
      +0       0
  1452 ;;      Totals:         1       0       0       0       0       0       0       0       0       0       0       0       
      +0       0
  1453 ;;Total ram usage:        1 bytes
  1454 ;; Hardware stack levels required when called:    2
  1455 ;; This function calls:
  1456 ;;		_SYSTEM_Initialize
  1457 ;; This function is called by:
  1458 ;;		Startup code after reset
  1459 ;; This function uses a non-reentrant model
  1460 ;;
  1461                           
  1462                           
  1463                           ;psect for function _main
  1464  07B6                     _main:	
  1465                           
  1466                           ;main.c: 6: SYSTEM_Initialize();
  1467                           
  1468                           ;incstack = 0
  1469                           ; Regs used in _main: [wreg+status,2+status,0+pclath+cstack]
  1470  07B6  3187  2790  3187   	fcall	_SYSTEM_Initialize
  1471                           
  1472                           ;main.c: 8: do { LATAbits.LATA5 = 1; } while(0);
  1473  07B9  0022               	movlb	2	; select bank2
  1474  07BA  168C               	bsf	12,5	;volatile
  1475                           
  1476                           ;main.c: 9: do { LATAbits.LATA1 = 1; } while(0);
  1477  07BB  148C               	bsf	12,1	;volatile
  1478                           
  1479                           ;main.c: 10: do { LATAbits.LATA2 = 1; } while(0);
  1480  07BC  150C               	bsf	12,2	;volatile
  1481                           
  1482                           ;main.c: 11: do { LATCbits.LATC5 = 1; } while(0);
  1483  07BD  168E               	bsf	14,5	;volatile
  1484  07BE                     l509:	
  1485                           ;main.c: 15: {
  1486                           ;main.c: 16: do { LATAbits.LATA5 = ~LATAbits.LATA5; } while(0);
  1487                           
  1488                           ;main.c: 14: while (1)
  1489                           
  1490  07BE  1003               	clrc
  1491  07BF  0022               	movlb	2	; select bank2
  1492  07C0  1E8C               	btfss	12,5	;volatile
  1493  07C1  1403               	setc
  1494  07C2  1C03               	btfss	3,0
  1495  07C3  2FC7               	goto	u10
  1496  07C4  0022               	movlb	2	; select bank2
  1497  07C5  168C               	bsf	12,5	;volatile
  1498  07C6  2FC9               	goto	l511
  1499  07C7                     u10:	
  1500  07C7  0022               	movlb	2	; select bank2
  1501  07C8  128C               	bcf	12,5	;volatile
  1502  07C9                     l511:	
  1503                           ;main.c: 17: do { LATAbits.LATA1 = ~LATAbits.LATA1; } while(0);
  1504                           
  1505  07C9  1003               	clrc
  1506  07CA  1C8C               	btfss	12,1	;volatile
  1507  07CB  1403               	setc
  1508  07CC  1C03               	btfss	3,0
  1509  07CD  2FD1               	goto	u30
  1510  07CE  0022               	movlb	2	; select bank2
  1511  07CF  148C               	bsf	12,1	;volatile
  1512  07D0  2FD3               	goto	l513
  1513  07D1                     u30:	
  1514  07D1  0022               	movlb	2	; select bank2
  1515  07D2  108C               	bcf	12,1	;volatile
  1516  07D3                     l513:	
  1517                           ;main.c: 18: do { LATAbits.LATA2 = ~LATAbits.LATA2; } while(0);
  1518                           
  1519  07D3  1003               	clrc
  1520  07D4  1D0C               	btfss	12,2	;volatile
  1521  07D5  1403               	setc
  1522  07D6  1C03               	btfss	3,0
  1523  07D7  2FDB               	goto	u50
  1524  07D8  0022               	movlb	2	; select bank2
  1525  07D9  150C               	bsf	12,2	;volatile
  1526  07DA  2FDD               	goto	l515
  1527  07DB                     u50:	
  1528  07DB  0022               	movlb	2	; select bank2
  1529  07DC  110C               	bcf	12,2	;volatile
  1530  07DD                     l515:	
  1531                           ;main.c: 19: do { LATCbits.LATC5 = ~LATCbits.LATC5; } while(0);
  1532                           
  1533  07DD  1003               	clrc
  1534  07DE  1E8E               	btfss	14,5	;volatile
  1535  07DF  1403               	setc
  1536  07E0  1C03               	btfss	3,0
  1537  07E1  2FE5               	goto	u70
  1538  07E2  0022               	movlb	2	; select bank2
  1539  07E3  168E               	bsf	14,5	;volatile
  1540  07E4  2FE7               	goto	l517
  1541  07E5                     u70:	
  1542  07E5  0022               	movlb	2	; select bank2
  1543  07E6  128E               	bcf	14,5	;volatile
  1544  07E7                     l517:	
  1545                           
  1546                           ;main.c: 21: if (PORTCbits.RC4==0) do { LATAbits.LATA5 = ~LATAbits.LATA5; } while(0);
  1547  07E7  0020               	movlb	0	; select bank0
  1548  07E8  1A0E               	btfsc	14,4	;volatile
  1549  07E9  2FF5               	goto	l521
  1550  07EA  1003               	clrc
  1551  07EB  0022               	movlb	2	; select bank2
  1552  07EC  1E8C               	btfss	12,5	;volatile
  1553  07ED  1403               	setc
  1554  07EE  1C03               	btfss	3,0
  1555  07EF  2FF3               	goto	u100
  1556  07F0  0022               	movlb	2	; select bank2
  1557  07F1  168C               	bsf	12,5	;volatile
  1558  07F2  2FF5               	goto	l521
  1559  07F3                     u100:	
  1560  07F3  0022               	movlb	2	; select bank2
  1561  07F4  128C               	bcf	12,5	;volatile
  1562  07F5                     l521:	
  1563                           
  1564                           ;main.c: 23: _delay((unsigned long)((500)*(500000/4000.0)));
  1565  07F5  3052               	movlw	82
  1566  07F6  00F0               	movwf	??_main
  1567  07F7  302A               	movlw	42
  1568  07F8                     u127:	
  1569  07F8  0B89               	decfsz	9,f
  1570  07F9  2FF8               	goto	u127
  1571  07FA  0BF0               	decfsz	??_main,f
  1572  07FB  2FF8               	goto	u127
  1573  07FC  2FBE               	goto	l509
  1574  07FD                     __end_of_main:	
  1575                           
  1576                           	psect	text1
  1577  0790                     __ptext1:	
  1578 ;; *************** function _SYSTEM_Initialize *****************
  1579 ;; Defined at:
  1580 ;;		line 76 in file "mcc_generated_files/mcc.c"
  1581 ;; Parameters:    Size  Location     Type
  1582 ;;		None
  1583 ;; Auto vars:     Size  Location     Type
  1584 ;;		None
  1585 ;; Return value:  Size  Location     Type
  1586 ;;                  1    wreg      void 
  1587 ;; Registers used:
  1588 ;;		wreg, status,2, status,0, pclath, cstack
  1589 ;; Tracked objects:
  1590 ;;		On entry : 0/0
  1591 ;;		On exit  : 0/0
  1592 ;;		Unchanged: 0/0
  1593 ;; Data sizes:     COMMON   BANK0   BANK1   BANK2   BANK3   BANK4   BANK5   BANK6   BANK7   BANK8   BANK9  BANK10  BANK1
      +1  BANK12
  1594 ;;      Params:         0       0       0       0       0       0       0       0       0       0       0       0       
      +0       0
  1595 ;;      Locals:         0       0       0       0       0       0       0       0       0       0       0       0       
      +0       0
  1596 ;;      Temps:          0       0       0       0       0       0       0       0       0       0       0       0       
      +0       0
  1597 ;;      Totals:         0       0       0       0       0       0       0       0       0       0       0       0       
      +0       0
  1598 ;;Total ram usage:        0 bytes
  1599 ;; Hardware stack levels used:    1
  1600 ;; Hardware stack levels required when called:    1
  1601 ;; This function calls:
  1602 ;;		_OSCILLATOR_Initialize
  1603 ;;		_PIN_MANAGER_Initialize
  1604 ;; This function is called by:
  1605 ;;		_main
  1606 ;; This function uses a non-reentrant model
  1607 ;;
  1608                           
  1609                           
  1610                           ;psect for function _SYSTEM_Initialize
  1611  0790                     _SYSTEM_Initialize:	
  1612                           
  1613                           ;mcc.c: 79: PIN_MANAGER_Initialize();
  1614                           
  1615                           ;incstack = 0
  1616                           ; Regs used in _SYSTEM_Initialize: [wreg+status,2+status,0+pclath+cstack]
  1617  0790  3187  2796  3187   	fcall	_PIN_MANAGER_Initialize
  1618                           
  1619                           ;mcc.c: 80: OSCILLATOR_Initialize();
  1620  0793  3187  278B         	fcall	_OSCILLATOR_Initialize
  1621  0795  0008               	return
  1622  0796                     __end_of_SYSTEM_Initialize:	
  1623                           
  1624                           	psect	text2
  1625  0796                     __ptext2:	
  1626 ;; *************** function _PIN_MANAGER_Initialize *****************
  1627 ;; Defined at:
  1628 ;;		line 51 in file "mcc_generated_files/pin_manager.c"
  1629 ;; Parameters:    Size  Location     Type
  1630 ;;		None
  1631 ;; Auto vars:     Size  Location     Type
  1632 ;;		None
  1633 ;; Return value:  Size  Location     Type
  1634 ;;                  1    wreg      void 
  1635 ;; Registers used:
  1636 ;;		wreg, status,2
  1637 ;; Tracked objects:
  1638 ;;		On entry : 0/0
  1639 ;;		On exit  : 0/0
  1640 ;;		Unchanged: 0/0
  1641 ;; Data sizes:     COMMON   BANK0   BANK1   BANK2   BANK3   BANK4   BANK5   BANK6   BANK7   BANK8   BANK9  BANK10  BANK1
      +1  BANK12
  1642 ;;      Params:         0       0       0       0       0       0       0       0       0       0       0       0       
      +0       0
  1643 ;;      Locals:         0       0       0       0       0       0       0       0       0       0       0       0       
      +0       0
  1644 ;;      Temps:          0       0       0       0       0       0       0       0       0       0       0       0       
      +0       0
  1645 ;;      Totals:         0       0       0       0       0       0       0       0       0       0       0       0       
      +0       0
  1646 ;;Total ram usage:        0 bytes
  1647 ;; Hardware stack levels used:    1
  1648 ;; This function calls:
  1649 ;;		Nothing
  1650 ;; This function is called by:
  1651 ;;		_SYSTEM_Initialize
  1652 ;; This function uses a non-reentrant model
  1653 ;;
  1654                           
  1655                           
  1656                           ;psect for function _PIN_MANAGER_Initialize
  1657  0796                     _PIN_MANAGER_Initialize:	
  1658                           
  1659                           ;pin_manager.c: 56: LATA = 0x00;
  1660                           
  1661                           ;incstack = 0
  1662                           ; Regs used in _PIN_MANAGER_Initialize: [wreg+status,2]
  1663  0796  0022               	movlb	2	; select bank2
  1664  0797  018C               	clrf	12	;volatile
  1665                           
  1666                           ;pin_manager.c: 57: LATB = 0x00;
  1667  0798  018D               	clrf	13	;volatile
  1668                           
  1669                           ;pin_manager.c: 58: LATC = 0x00;
  1670  0799  018E               	clrf	14	;volatile
  1671                           
  1672                           ;pin_manager.c: 63: TRISA = 0x11;
  1673  079A  3011               	movlw	17
  1674  079B  0021               	movlb	1	; select bank1
  1675  079C  008C               	movwf	12	;volatile
  1676                           
  1677                           ;pin_manager.c: 64: TRISB = 0xF0;
  1678  079D  30F0               	movlw	240
  1679  079E  008D               	movwf	13	;volatile
  1680                           
  1681                           ;pin_manager.c: 65: TRISC = 0xDF;
  1682  079F  30DF               	movlw	223
  1683  07A0  008E               	movwf	14	;volatile
  1684                           
  1685                           ;pin_manager.c: 70: ANSELC = 0xCF;
  1686  07A1  30CF               	movlw	207
  1687  07A2  0023               	movlb	3	; select bank3
  1688  07A3  008E               	movwf	14	;volatile
  1689                           
  1690                           ;pin_manager.c: 71: ANSELB = 0xF0;
  1691  07A4  30F0               	movlw	240
  1692  07A5  008D               	movwf	13	;volatile
  1693                           
  1694                           ;pin_manager.c: 72: ANSELA = 0x17;
  1695  07A6  3017               	movlw	23
  1696  07A7  008C               	movwf	12	;volatile
  1697                           
  1698                           ;pin_manager.c: 77: WPUB = 0xF0;
  1699  07A8  30F0               	movlw	240
  1700  07A9  0024               	movlb	4	; select bank4
  1701  07AA  008D               	movwf	13	;volatile
  1702                           
  1703                           ;pin_manager.c: 78: WPUA = 0x3F;
  1704  07AB  303F               	movlw	63
  1705  07AC  008C               	movwf	12	;volatile
  1706                           
  1707                           ;pin_manager.c: 79: WPUC = 0xFF;
  1708  07AD  30FF               	movlw	255
  1709  07AE  008E               	movwf	14	;volatile
  1710                           
  1711                           ;pin_manager.c: 80: OPTION_REGbits.nWPUEN = 0;
  1712  07AF  0021               	movlb	1	; select bank1
  1713  07B0  1395               	bcf	21,7	;volatile
  1714                           
  1715                           ;pin_manager.c: 85: ODCONA = 0x00;
  1716  07B1  0025               	movlb	5	; select bank5
  1717  07B2  018C               	clrf	12	;volatile
  1718                           
  1719                           ;pin_manager.c: 86: ODCONB = 0x00;
  1720  07B3  018D               	clrf	13	;volatile
  1721                           
  1722                           ;pin_manager.c: 87: ODCONC = 0x00;
  1723  07B4  018E               	clrf	14	;volatile
  1724  07B5  0008               	return
  1725  07B6                     __end_of_PIN_MANAGER_Initialize:	
  1726                           
  1727                           	psect	text3
  1728  078B                     __ptext3:	
  1729 ;; *************** function _OSCILLATOR_Initialize *****************
  1730 ;; Defined at:
  1731 ;;		line 83 in file "mcc_generated_files/mcc.c"
  1732 ;; Parameters:    Size  Location     Type
  1733 ;;		None
  1734 ;; Auto vars:     Size  Location     Type
  1735 ;;		None
  1736 ;; Return value:  Size  Location     Type
  1737 ;;                  1    wreg      void 
  1738 ;; Registers used:
  1739 ;;		wreg, status,2
  1740 ;; Tracked objects:
  1741 ;;		On entry : 0/0
  1742 ;;		On exit  : 0/0
  1743 ;;		Unchanged: 0/0
  1744 ;; Data sizes:     COMMON   BANK0   BANK1   BANK2   BANK3   BANK4   BANK5   BANK6   BANK7   BANK8   BANK9  BANK10  BANK1
      +1  BANK12
  1745 ;;      Params:         0       0       0       0       0       0       0       0       0       0       0       0       
      +0       0
  1746 ;;      Locals:         0       0       0       0       0       0       0       0       0       0       0       0       
      +0       0
  1747 ;;      Temps:          0       0       0       0       0       0       0       0       0       0       0       0       
      +0       0
  1748 ;;      Totals:         0       0       0       0       0       0       0       0       0       0       0       0       
      +0       0
  1749 ;;Total ram usage:        0 bytes
  1750 ;; Hardware stack levels used:    1
  1751 ;; This function calls:
  1752 ;;		Nothing
  1753 ;; This function is called by:
  1754 ;;		_SYSTEM_Initialize
  1755 ;; This function uses a non-reentrant model
  1756 ;;
  1757                           
  1758                           
  1759                           ;psect for function _OSCILLATOR_Initialize
  1760  078B                     _OSCILLATOR_Initialize:	
  1761                           
  1762                           ;mcc.c: 86: OSCCON = 0x38;
  1763                           
  1764                           ;incstack = 0
  1765                           ; Regs used in _OSCILLATOR_Initialize: [wreg+status,2]
  1766  078B  3038               	movlw	56
  1767  078C  0021               	movlb	1	; select bank1
  1768  078D  0099               	movwf	25	;volatile
  1769                           
  1770                           ;mcc.c: 88: OSCTUNE = 0x00;
  1771  078E  0198               	clrf	24	;volatile
  1772  078F  0008               	return
  1773  0790                     __end_of_OSCILLATOR_Initialize:	
  1774  007E                     btemp	set	126	;btemp
  1775  007E                     wtemp0	set	126


Data Sizes:
    Strings     0
    Constant    0
    Data        0
    BSS         0
    Persistent  0
    Stack       0

Auto Spaces:
    Space          Size  Autos    Used
    COMMON           14      1       1
    BANK0            80      0       0
    BANK1            80      0       0
    BANK2            80      0       0
    BANK3            80      0       0
    BANK4            80      0       0
    BANK5            80      0       0
    BANK6            80      0       0
    BANK7            80      0       0
    BANK8            80      0       0
    BANK9            80      0       0
    BANK10           80      0       0
    BANK11           80      0       0
    BANK12           48      0       0

Pointer List with Targets:

    None.

Critical Paths under _main in COMMON

    None.

Critical Paths under _main in BANK0

    None.

Critical Paths under _main in BANK1

    None.

Critical Paths under _main in BANK2

    None.

Critical Paths under _main in BANK3

    None.

Critical Paths under _main in BANK4

    None.

Critical Paths under _main in BANK5

    None.

Critical Paths under _main in BANK6

    None.

Critical Paths under _main in BANK7

    None.

Critical Paths under _main in BANK8

    None.

Critical Paths under _main in BANK9

    None.

Critical Paths under _main in BANK10

    None.

Critical Paths under _main in BANK11

    None.

Critical Paths under _main in BANK12

    None.

Call Graph Tables:

 ---------------------------------------------------------------------------------
 (Depth) Function   	        Calls       Base Space   Used Autos Params    Refs
 ---------------------------------------------------------------------------------
 (0) _main                                                 1     1      0       0
                                              0 COMMON     1     1      0
                  _SYSTEM_Initialize
 ---------------------------------------------------------------------------------
 (1) _SYSTEM_Initialize                                    0     0      0       0
              _OSCILLATOR_Initialize
             _PIN_MANAGER_Initialize
 ---------------------------------------------------------------------------------
 (2) _PIN_MANAGER_Initialize                               0     0      0       0
 ---------------------------------------------------------------------------------
 (2) _OSCILLATOR_Initialize                                0     0      0       0
 ---------------------------------------------------------------------------------
 Estimated maximum stack depth 2
 ---------------------------------------------------------------------------------

 Call Graph Graphs:

 _main (ROOT)
   _SYSTEM_Initialize
     _OSCILLATOR_Initialize
     _PIN_MANAGER_Initialize

 Address spaces:
Name               Size   Autos  Total    Cost      Usage
BIGRAM             3F0      0       0       0        0.0%
NULL                 0      0       0       0        0.0%
CODE                 0      0       0       0        0.0%
BITCOMMON            E      0       0       1        0.0%
BITSFR0              0      0       0       1        0.0%
SFR0                 0      0       0       1        0.0%
COMMON               E      1       1       2        7.1%
BITSFR1              0      0       0       2        0.0%
SFR1                 0      0       0       2        0.0%
BITSFR2              0      0       0       3        0.0%
SFR2                 0      0       0       3        0.0%
STACK                0      0       0       3        0.0%
BITBANK0            50      0       0       4        0.0%
BITSFR3              0      0       0       4        0.0%
SFR3                 0      0       0       4        0.0%
BANK0               50      0       0       5        0.0%
BITSFR4              0      0       0       5        0.0%
SFR4                 0      0       0       5        0.0%
BITBANK1            50      0       0       6        0.0%
BITSFR5              0      0       0       6        0.0%
SFR5                 0      0       0       6        0.0%
BANK1               50      0       0       7        0.0%
BITSFR6              0      0       0       7        0.0%
SFR6                 0      0       0       7        0.0%
BITBANK2            50      0       0       8        0.0%
BITSFR7              0      0       0       8        0.0%
SFR7                 0      0       0       8        0.0%
BANK2               50      0       0       9        0.0%
BITSFR8              0      0       0       9        0.0%
SFR8                 0      0       0       9        0.0%
BITBANK3            50      0       0      10        0.0%
BITSFR9              0      0       0      10        0.0%
SFR9                 0      0       0      10        0.0%
BANK3               50      0       0      11        0.0%
BITSFR10             0      0       0      11        0.0%
SFR10                0      0       0      11        0.0%
BITBANK4            50      0       0      12        0.0%
BITSFR11             0      0       0      12        0.0%
SFR11                0      0       0      12        0.0%
BANK4               50      0       0      13        0.0%
BITSFR12             0      0       0      13        0.0%
SFR12                0      0       0      13        0.0%
BITBANK5            50      0       0      14        0.0%
BITSFR13             0      0       0      14        0.0%
SFR13                0      0       0      14        0.0%
BANK5               50      0       0      15        0.0%
BITSFR14             0      0       0      15        0.0%
SFR14                0      0       0      15        0.0%
BITBANK6            50      0       0      16        0.0%
BITSFR15             0      0       0      16        0.0%
SFR15                0      0       0      16        0.0%
BANK6               50      0       0      17        0.0%
BITSFR16             0      0       0      17        0.0%
SFR16                0      0       0      17        0.0%
BITBANK7            50      0       0      18        0.0%
BITSFR17             0      0       0      18        0.0%
SFR17                0      0       0      18        0.0%
BANK7               50      0       0      19        0.0%
BITSFR18             0      0       0      19        0.0%
SFR18                0      0       0      19        0.0%
BITSFR19             0      0       0      20        0.0%
SFR19                0      0       0      20        0.0%
ABS                  0      0       0      20        0.0%
BITBANK8            50      0       0      21        0.0%
BITSFR20             0      0       0      21        0.0%
SFR20                0      0       0      21        0.0%
BANK8               50      0       0      22        0.0%
BITSFR21             0      0       0      22        0.0%
SFR21                0      0       0      22        0.0%
BITBANK9            50      0       0      23        0.0%
BITSFR22             0      0       0      23        0.0%
SFR22                0      0       0      23        0.0%
BANK9               50      0       0      24        0.0%
BITSFR23             0      0       0      24        0.0%
SFR23                0      0       0      24        0.0%
BITBANK10           50      0       0      25        0.0%
BITSFR24             0      0       0      25        0.0%
SFR24                0      0       0      25        0.0%
BANK10              50      0       0      26        0.0%
BITSFR25             0      0       0      26        0.0%
SFR25                0      0       0      26        0.0%
BITBANK11           50      0       0      27        0.0%
BITSFR26             0      0       0      27        0.0%
SFR26                0      0       0      27        0.0%
BANK11              50      0       0      28        0.0%
BITSFR27             0      0       0      28        0.0%
SFR27                0      0       0      28        0.0%
BITBANK12           30      0       0      29        0.0%
BITSFR28             0      0       0      29        0.0%
SFR28                0      0       0      29        0.0%
BANK12              30      0       0      30        0.0%
BITSFR29             0      0       0      30        0.0%
SFR29                0      0       0      30        0.0%
BITSFR30             0      0       0      31        0.0%
SFR30                0      0       0      31        0.0%
DATA                 0      0       0      31        0.0%
BITSFR31             0      0       0      32        0.0%
SFR31                0      0       0      32        0.0%


Microchip Technology PIC Macro Assembler V1.42 build -159332390 
Symbol Table                                                                                   Sat Jun 10 11:14:33 2017

                    __CFG_CP$OFF 0000                               u10 07C7                               u30 07D1  
                             u50 07DB                               u70 07E5                      __CFG_LVP$ON 0000  
                            l511 07C9                              l521 07F5                              l513 07D3  
                            l515 07DD                              l517 07E7                              l509 07BE  
                            u100 07F3                              u127 07F8                     __CFG_BORV$LO 0000  
                            wreg 0009                     __CFG_IESO$ON 0000                     __CFG_ZCD$OFF 0000  
                           _LATA 010C                             _LATB 010D                             _LATC 010E  
                           _WPUA 020C                             _WPUB 020D                             _WPUC 020E  
                   __CFG_WRT$OFF 0000                    __CFG_FCMEN$ON 0000                             _main 07B6  
                           btemp 007E                    __CFG_BOREN$ON 0000                             start 0002  
                  __CFG_MCLRE$ON 0000                    __CFG_PLLEN$ON 0000   __size_of_OSCILLATOR_Initialize 0005  
  __end_of_OSCILLATOR_Initialize 0790                            ?_main 0070                    __CFG_WDTE$OFF 0000  
                          _TRISA 008C                            _TRISB 008D                            _TRISC 008E  
                          status 0003                            wtemp0 007E                  __initialization 07FD  
                   __end_of_main 07FD                   __CFG_LPBOR$OFF 0000                           ??_main 0070  
                         _ANSELA 018C                           _ANSELB 018D                           _ANSELC 018E  
                         _ODCONA 028C                           _ODCONB 028D                           _ODCONC 028E  
                         _OSCCON 0099                   __CFG_PWRTE$OFF 0000                   __CFG_STVREN$ON 0000  
              _SYSTEM_Initialize 0790          __end_of__initialization 07FD               ?_SYSTEM_Initialize 0070  
                 __pcstackCOMMON 0070              ??_SYSTEM_Initialize 0070                   _OPTION_REGbits 0095  
      __end_of_SYSTEM_Initialize 0796                       __pmaintext 07B6                  __CFG_PPS1WAY$ON 0000  
                __CFG_WDTCCS$SWC 0000                          _OSCTUNE 0098                          __ptext1 0790  
                        __ptext2 0796                          __ptext3 078B            _OSCILLATOR_Initialize 078B  
       ??_PIN_MANAGER_Initialize 0070       __size_of_SYSTEM_Initialize 0006             end_of_initialization 07FD  
                      _PORTCbits 000E                 __CFG_FOSC$INTOSC 0000           ?_OSCILLATOR_Initialize 0070  
            start_initialization 07FD  __size_of_PIN_MANAGER_Initialize 0020                        ___latbits 0002  
         _PIN_MANAGER_Initialize 0796                         _LATAbits 010C                         _LATCbits 010E  
           __CFG_WDTCPS$WDTCPS1F 0000          ??_OSCILLATOR_Initialize 0070                    __size_of_main 0047  
           __CFG_WDTCWS$WDTCWSSW 0000          ?_PIN_MANAGER_Initialize 0070                __CFG_CLKOUTEN$OFF 0000  
 __end_of_PIN_MANAGER_Initialize 07B6  
