

Microchip Technology PIC LITE Macro Assembler V1.42 build -159332390 
                                                                                               Fri May 26 06:45:59 2017

Microchip Technology Omniscient Code Generator v1.42 (Free mode) build 201704130522
     1                           	processor	16F1829
     2                           	opt	pw 120
     3                           	opt	lm
     4                           	psect	cinit,global,class=CODE,merge=1,delta=2
     5                           	psect	cstackCOMMON,global,class=COMMON,space=1,delta=1
     6                           	psect	maintext,global,class=CODE,merge=1,split=1,delta=2
     7                           	dabs	1,0x7E,2
     8  0000                     
     9                           ; Version 1.42
    10                           ; Generated 13/04/2017 GMT
    11                           ; 
    12                           ; Copyright © 2017, Microchip Technology Inc. and its subsidiaries ("Microchip")
    13                           ; All rights reserved.
    14                           ; 
    15                           ; This software is developed by Microchip Technology Inc. and its subsidiaries ("Microch
      +                          ip").
    16                           ; 
    17                           ; Redistribution and use in source and binary forms, with or without modification, are
    18                           ; permitted provided that the following conditions are met:
    19                           ; 
    20                           ;     1. Redistributions of source code must retain the above copyright notice, this lis
      +                          t of
    21                           ;        conditions and the following disclaimer.
    22                           ; 
    23                           ;     2. Redistributions in binary form must reproduce the above copyright notice, this 
      +                          list
    24                           ;        of conditions and the following disclaimer in the documentation and/or other
    25                           ;        materials provided with the distribution.
    26                           ; 
    27                           ;     3. Microchip's name may not be used to endorse or promote products derived from th
      +                          is
    28                           ;        software without specific prior written permission.
    29                           ; 
    30                           ; THIS SOFTWARE IS PROVIDED BY MICROCHIP "AS IS" AND ANY EXPRESS OR IMPLIED WARRANTIES,
    31                           ; INCLUDING, BUT NOT LIMITED TO, THE IMPLIED WARRANTIES OF MERCHANTABILITY AND FITNESS F
      +                          OR
    32                           ; PURPOSE ARE DISCLAIMED.  IN NO EVENT SHALL MICROCHIP BE LIABLE FOR ANY DIRECT, INDIREC
      +                          T,
    33                           ; INCIDENTAL, SPECIAL, EXEMPLARY, OR CONSEQUENTIAL DAMAGES (INCLUDING BUT NOT LIMITED TO
    34                           ; PROCUREMENT OF SUBSTITUTE GOODS OR SERVICES; LOSS OF USE, DATA OR PROFITS; OR BUSINESS
    35                           ; INTERRUPTION) HOWSOEVER CAUSED AND ON ANY THEORY OF LIABILITY, WHETHER IN CONTRACT, ST
      +                          RICT
    36                           ; LIABILITY, OR TORT (INCLUDING NEGLIGENCE OR OTHERWISE) ARISING IN ANY WAY OUT OF THE U
      +                          SE OF
    37                           ; THIS SOFTWARE, EVEN IF ADVISED OF THE POSSIBILITY OF SUCH DAMAGE.
    38                           ; 
    39                           ; 
    40                           ; Code-generator required, PIC16F1829 Definitions
    41                           ; 
    42                           ; SFR Addresses
    43  0000                     	;# 
    44  0001                     	;# 
    45  0002                     	;# 
    46  0003                     	;# 
    47  0004                     	;# 
    48  0005                     	;# 
    49  0006                     	;# 
    50  0007                     	;# 
    51  0008                     	;# 
    52  0009                     	;# 
    53  000A                     	;# 
    54  000B                     	;# 
    55  000C                     	;# 
    56  000D                     	;# 
    57  000E                     	;# 
    58  0011                     	;# 
    59  0012                     	;# 
    60  0013                     	;# 
    61  0014                     	;# 
    62  0015                     	;# 
    63  0016                     	;# 
    64  0016                     	;# 
    65  0017                     	;# 
    66  0018                     	;# 
    67  0019                     	;# 
    68  001A                     	;# 
    69  001B                     	;# 
    70  001C                     	;# 
    71  001E                     	;# 
    72  001F                     	;# 
    73  008C                     	;# 
    74  008D                     	;# 
    75  008E                     	;# 
    76  0091                     	;# 
    77  0092                     	;# 
    78  0093                     	;# 
    79  0094                     	;# 
    80  0095                     	;# 
    81  0096                     	;# 
    82  0097                     	;# 
    83  0098                     	;# 
    84  0099                     	;# 
    85  009A                     	;# 
    86  009B                     	;# 
    87  009B                     	;# 
    88  009C                     	;# 
    89  009D                     	;# 
    90  009E                     	;# 
    91  010C                     	;# 
    92  010D                     	;# 
    93  010E                     	;# 
    94  0111                     	;# 
    95  0112                     	;# 
    96  0113                     	;# 
    97  0114                     	;# 
    98  0115                     	;# 
    99  0116                     	;# 
   100  0117                     	;# 
   101  0118                     	;# 
   102  0119                     	;# 
   103  011A                     	;# 
   104  011B                     	;# 
   105  011D                     	;# 
   106  011E                     	;# 
   107  018C                     	;# 
   108  018D                     	;# 
   109  018E                     	;# 
   110  0191                     	;# 
   111  0191                     	;# 
   112  0192                     	;# 
   113  0193                     	;# 
   114  0193                     	;# 
   115  0193                     	;# 
   116  0194                     	;# 
   117  0195                     	;# 
   118  0196                     	;# 
   119  0199                     	;# 
   120  019A                     	;# 
   121  019B                     	;# 
   122  019B                     	;# 
   123  019C                     	;# 
   124  019D                     	;# 
   125  019E                     	;# 
   126  019F                     	;# 
   127  020C                     	;# 
   128  020D                     	;# 
   129  020E                     	;# 
   130  0211                     	;# 
   131  0211                     	;# 
   132  0212                     	;# 
   133  0212                     	;# 
   134  0213                     	;# 
   135  0213                     	;# 
   136  0214                     	;# 
   137  0214                     	;# 
   138  0215                     	;# 
   139  0215                     	;# 
   140  0215                     	;# 
   141  0216                     	;# 
   142  0216                     	;# 
   143  0217                     	;# 
   144  0217                     	;# 
   145  0219                     	;# 
   146  021A                     	;# 
   147  021B                     	;# 
   148  021C                     	;# 
   149  021D                     	;# 
   150  021E                     	;# 
   151  021F                     	;# 
   152  0291                     	;# 
   153  0291                     	;# 
   154  0292                     	;# 
   155  0293                     	;# 
   156  0294                     	;# 
   157  0295                     	;# 
   158  0295                     	;# 
   159  0296                     	;# 
   160  0298                     	;# 
   161  0298                     	;# 
   162  0299                     	;# 
   163  029A                     	;# 
   164  029B                     	;# 
   165  029C                     	;# 
   166  029D                     	;# 
   167  029E                     	;# 
   168  0311                     	;# 
   169  0311                     	;# 
   170  0312                     	;# 
   171  0313                     	;# 
   172  0318                     	;# 
   173  0318                     	;# 
   174  0319                     	;# 
   175  031A                     	;# 
   176  038C                     	;# 
   177  038D                     	;# 
   178  038E                     	;# 
   179  0391                     	;# 
   180  0392                     	;# 
   181  0393                     	;# 
   182  0394                     	;# 
   183  0395                     	;# 
   184  0396                     	;# 
   185  039A                     	;# 
   186  039C                     	;# 
   187  039D                     	;# 
   188  039E                     	;# 
   189  039F                     	;# 
   190  0415                     	;# 
   191  0416                     	;# 
   192  0417                     	;# 
   193  041C                     	;# 
   194  041D                     	;# 
   195  041E                     	;# 
   196  0FE4                     	;# 
   197  0FE5                     	;# 
   198  0FE6                     	;# 
   199  0FE7                     	;# 
   200  0FE8                     	;# 
   201  0FE9                     	;# 
   202  0FEA                     	;# 
   203  0FEB                     	;# 
   204  0FED                     	;# 
   205  0FEE                     	;# 
   206  0FEF                     	;# 
   207  001C                     _T2CONbits	set	28
   208  001B                     _PR2	set	27
   209  009B                     _ADRESL	set	155
   210  009C                     _ADRESH	set	156
   211  009E                     _ADCON1	set	158
   212  009D                     _ADCON0	set	157
   213  008C                     _TRISAbits	set	140
   214  008E                     _TRISC	set	142
   215  0099                     _OSCCON	set	153
   216  04E9                     _GO	set	1257
   217  010E                     _LATC	set	270
   218  018C                     _ANSELAbits	set	396
   219  029A                     _CCP2CONbits	set	666
   220  0298                     _CCPR2L	set	664
   221  029E                     _CCPTMRSbits	set	670
   222  029A                     _CCP2CON	set	666
   223                           
   224                           ; #config settings
   225  0000                     
   226                           	psect	cinit
   227  07FD                     start_initialization:	
   228  07FD                     __initialization:	
   229  07FD                     end_of_initialization:	
   230                           ;End of C runtime variable initialization code
   231                           
   232  07FD                     __end_of__initialization:	
   233  07FD  0020               	movlb	0
   234  07FE  3187  2FC9         	ljmp	_main	;jump to C main() function
   235                           
   236                           	psect	cstackCOMMON
   237  0070                     __pcstackCOMMON:	
   238  0070                     ?_main:	
   239  0070                     ??_main:	
   240                           ; 1 bytes @ 0x0
   241                           
   242                           
   243                           ; 1 bytes @ 0x0
   244  0070                     	ds	2
   245                           
   246                           	psect	maintext
   247  07C9                     __pmaintext:	
   248 ;;
   249 ;;Main: autosize = 0, tempsize = 2, incstack = 0, save=0
   250 ;;
   251 ;; *************** function _main *****************
   252 ;; Defined at:
   253 ;;		line 43 in file "src/pwm.c"
   254 ;; Parameters:    Size  Location     Type
   255 ;;		None
   256 ;; Auto vars:     Size  Location     Type
   257 ;;		None
   258 ;; Return value:  Size  Location     Type
   259 ;;                  1    wreg      void 
   260 ;; Registers used:
   261 ;;		wreg, status,2, status,0
   262 ;; Tracked objects:
   263 ;;		On entry : B1F/0
   264 ;;		On exit  : 0/0
   265 ;;		Unchanged: 0/0
   266 ;; Data sizes:     COMMON   BANK0   BANK1   BANK2   BANK3   BANK4   BANK5   BANK6   BANK7   BANK8   BANK9  BANK10  BANK1
      +1  BANK12
   267 ;;      Params:         0       0       0       0       0       0       0       0       0       0       0       0       
      +0       0
   268 ;;      Locals:         0       0       0       0       0       0       0       0       0       0       0       0       
      +0       0
   269 ;;      Temps:          2       0       0       0       0       0       0       0       0       0       0       0       
      +0       0
   270 ;;      Totals:         2       0       0       0       0       0       0       0       0       0       0       0       
      +0       0
   271 ;;Total ram usage:        2 bytes
   272 ;; This function calls:
   273 ;;		Nothing
   274 ;; This function is called by:
   275 ;;		Startup code after reset
   276 ;; This function uses a non-reentrant model
   277 ;;
   278                           
   279                           
   280                           ;psect for function _main
   281  07C9                     _main:	
   282                           
   283                           ;pwm.c: 44: OSCCON = 0b00111000;
   284                           
   285                           ;incstack = 0
   286                           ; Regs used in _main: [wreg+status,2+status,0]
   287  07C9  3038               	movlw	56
   288  07CA  0021               	movlb	1	; select bank1
   289  07CB  0099               	movwf	25	;volatile
   290                           
   291                           ;pwm.c: 45: TRISC = 0;
   292  07CC  018E               	clrf	14	;volatile
   293                           
   294                           ;pwm.c: 46: LATC = 0;
   295  07CD  0022               	movlb	2	; select bank2
   296  07CE  018E               	clrf	14	;volatile
   297                           
   298                           ;pwm.c: 49: TRISAbits.TRISA4 = 1;
   299  07CF  0021               	movlb	1	; select bank1
   300  07D0  160C               	bsf	12,4	;volatile
   301                           
   302                           ;pwm.c: 50: ANSELAbits.ANSA4 = 1;
   303  07D1  0023               	movlb	3	; select bank3
   304  07D2  160C               	bsf	12,4	;volatile
   305                           
   306                           ;pwm.c: 51: ADCON0 = 0b00001101;
   307  07D3  300D               	movlw	13
   308  07D4  0021               	movlb	1	; select bank1
   309  07D5  009D               	movwf	29	;volatile
   310                           
   311                           ;pwm.c: 52: ADCON1 = 0b00010000;
   312  07D6  3010               	movlw	16
   313  07D7  009E               	movwf	30	;volatile
   314                           
   315                           ;pwm.c: 55: CCP2CON = 0b00001100;
   316  07D8  300C               	movlw	12
   317  07D9  0025               	movlb	5	; select bank5
   318  07DA  009A               	movwf	26	;volatile
   319                           
   320                           ;pwm.c: 56: PR2 = 255;
   321  07DB  30FF               	movlw	255
   322  07DC  0020               	movlb	0	; select bank0
   323  07DD  009B               	movwf	27	;volatile
   324                           
   325                           ;pwm.c: 58: CCPTMRSbits.C2TSEL = 0b00;
   326  07DE  30F3               	movlw	-13
   327  07DF  0025               	movlb	5	; select bank5
   328  07E0  059E               	andwf	30,f	;volatile
   329                           
   330                           ;pwm.c: 59: T2CONbits.T2CKPS = 0b00;
   331  07E1  30FC               	movlw	-4
   332  07E2  0020               	movlb	0	; select bank0
   333  07E3  059C               	andwf	28,f	;volatile
   334                           
   335                           ;pwm.c: 60: T2CONbits.TMR2ON = 1;
   336  07E4  151C               	bsf	28,2	;volatile
   337  07E5                     l525:	
   338                           ;pwm.c: 62: while (1) {
   339                           
   340                           
   341                           ;pwm.c: 64: GO = 1;
   342                           
   343                           ;pwm.c: 63: _delay((unsigned long)((5)*(500000/4000000.0)));
   344  07E5  0021               	movlb	1	; select bank1
   345  07E6  149D               	bsf	29,1	;volatile
   346  07E7                     l40:	
   347                           ;pwm.c: 65: while (GO) continue;
   348                           
   349  07E7  189D               	btfsc	29,1	;volatile
   350  07E8  2FE7               	goto	l40
   351                           
   352                           ;pwm.c: 66: CCPR2L = ADRESH;
   353  07E9  081C               	movf	28,w	;volatile
   354  07EA  0025               	movlb	5	; select bank5
   355  07EB  0098               	movwf	24	;volatile
   356                           
   357                           ;pwm.c: 67: CCP2CONbits.DC2B = (ADRESL>>6);
   358  07EC  0021               	movlb	1	; select bank1
   359  07ED  081B               	movf	27,w	;volatile
   360  07EE  00F0               	movwf	??_main
   361  07EF  3006               	movlw	6
   362  07F0                     u25:	
   363  07F0  36F0               	lsrf	??_main,f
   364  07F1  0B89               	decfsz	9,f
   365  07F2  2FF0               	goto	u25
   366  07F3  0870               	movf	??_main,w
   367  07F4  00F1               	movwf	??_main+1
   368  07F5  0EF1               	swapf	??_main+1,f
   369  07F6  0025               	movlb	5	; select bank5
   370  07F7  081A               	movf	26,w	;volatile
   371  07F8  0671               	xorwf	??_main+1,w
   372  07F9  39CF               	andlw	-49
   373  07FA  0671               	xorwf	??_main+1,w
   374  07FB  009A               	movwf	26	;volatile
   375  07FC  2FE5               	goto	l525
   376  07FD                     __end_of_main:	
   377  007E                     btemp	set	126	;btemp
   378  007E                     wtemp0	set	126


Data Sizes:
    Strings     0
    Constant    0
    Data        0
    BSS         0
    Persistent  0
    Stack       0

Auto Spaces:
    Space          Size  Autos    Used
    COMMON           14      2       2
    BANK0            80      0       0
    BANK1            80      0       0
    BANK2            80      0       0
    BANK3            80      0       0
    BANK4            80      0       0
    BANK5            80      0       0
    BANK6            80      0       0
    BANK7            80      0       0
    BANK8            80      0       0
    BANK9            80      0       0
    BANK10           80      0       0
    BANK11           80      0       0
    BANK12           48      0       0

Pointer List with Targets:

    None.

Critical Paths under _main in COMMON

    None.

Critical Paths under _main in BANK0

    None.

Critical Paths under _main in BANK1

    None.

Critical Paths under _main in BANK2

    None.

Critical Paths under _main in BANK3

    None.

Critical Paths under _main in BANK4

    None.

Critical Paths under _main in BANK5

    None.

Critical Paths under _main in BANK6

    None.

Critical Paths under _main in BANK7

    None.

Critical Paths under _main in BANK8

    None.

Critical Paths under _main in BANK9

    None.

Critical Paths under _main in BANK10

    None.

Critical Paths under _main in BANK11

    None.

Critical Paths under _main in BANK12

    None.

Call Graph Tables:

 ---------------------------------------------------------------------------------
 (Depth) Function   	        Calls       Base Space   Used Autos Params    Refs
 ---------------------------------------------------------------------------------
 (0) _main                                                 2     2      0       0
                                              0 COMMON     2     2      0
 ---------------------------------------------------------------------------------
 Estimated maximum stack depth 0
 ---------------------------------------------------------------------------------

 Call Graph Graphs:

 _main (ROOT)

 Address spaces:
Name               Size   Autos  Total    Cost      Usage
BIGRAM             3F0      0       0       0        0.0%
EEDATA             100      0       0       0        0.0%
NULL                 0      0       0       0        0.0%
CODE                 0      0       0       0        0.0%
BITCOMMON            E      0       0       1        0.0%
BITSFR0              0      0       0       1        0.0%
SFR0                 0      0       0       1        0.0%
COMMON               E      2       2       2       14.3%
BITSFR1              0      0       0       2        0.0%
SFR1                 0      0       0       2        0.0%
BITSFR2              0      0       0       3        0.0%
SFR2                 0      0       0       3        0.0%
STACK                0      0       0       3        0.0%
BITBANK0            50      0       0       4        0.0%
BITSFR3              0      0       0       4        0.0%
SFR3                 0      0       0       4        0.0%
BANK0               50      0       0       5        0.0%
BITSFR4              0      0       0       5        0.0%
SFR4                 0      0       0       5        0.0%
BITBANK1            50      0       0       6        0.0%
BITSFR5              0      0       0       6        0.0%
SFR5                 0      0       0       6        0.0%
BANK1               50      0       0       7        0.0%
BITSFR6              0      0       0       7        0.0%
SFR6                 0      0       0       7        0.0%
BITBANK2            50      0       0       8        0.0%
BITSFR7              0      0       0       8        0.0%
SFR7                 0      0       0       8        0.0%
BANK2               50      0       0       9        0.0%
BITSFR8              0      0       0       9        0.0%
SFR8                 0      0       0       9        0.0%
BITBANK3            50      0       0      10        0.0%
BITSFR9              0      0       0      10        0.0%
SFR9                 0      0       0      10        0.0%
BANK3               50      0       0      11        0.0%
BITSFR10             0      0       0      11        0.0%
SFR10                0      0       0      11        0.0%
BITBANK4            50      0       0      12        0.0%
BITSFR11             0      0       0      12        0.0%
SFR11                0      0       0      12        0.0%
BANK4               50      0       0      13        0.0%
BITSFR12             0      0       0      13        0.0%
SFR12                0      0       0      13        0.0%
BITBANK5            50      0       0      14        0.0%
BITSFR13             0      0       0      14        0.0%
SFR13                0      0       0      14        0.0%
BANK5               50      0       0      15        0.0%
BITSFR14             0      0       0      15        0.0%
SFR14                0      0       0      15        0.0%
BITBANK6            50      0       0      16        0.0%
BITSFR15             0      0       0      16        0.0%
SFR15                0      0       0      16        0.0%
BANK6               50      0       0      17        0.0%
BITSFR16             0      0       0      17        0.0%
SFR16                0      0       0      17        0.0%
BITBANK7            50      0       0      18        0.0%
BITSFR17             0      0       0      18        0.0%
SFR17                0      0       0      18        0.0%
BANK7               50      0       0      19        0.0%
BITSFR18             0      0       0      19        0.0%
SFR18                0      0       0      19        0.0%
BITSFR19             0      0       0      20        0.0%
SFR19                0      0       0      20        0.0%
ABS                  0      0       0      20        0.0%
BITBANK8            50      0       0      21        0.0%
BITSFR20             0      0       0      21        0.0%
SFR20                0      0       0      21        0.0%
BANK8               50      0       0      22        0.0%
BITSFR21             0      0       0      22        0.0%
SFR21                0      0       0      22        0.0%
BITBANK9            50      0       0      23        0.0%
BITSFR22             0      0       0      23        0.0%
SFR22                0      0       0      23        0.0%
BANK9               50      0       0      24        0.0%
BITSFR23             0      0       0      24        0.0%
SFR23                0      0       0      24        0.0%
BITBANK10           50      0       0      25        0.0%
BITSFR24             0      0       0      25        0.0%
SFR24                0      0       0      25        0.0%
BANK10              50      0       0      26        0.0%
BITSFR25             0      0       0      26        0.0%
SFR25                0      0       0      26        0.0%
BITBANK11           50      0       0      27        0.0%
BITSFR26             0      0       0      27        0.0%
SFR26                0      0       0      27        0.0%
BANK11              50      0       0      28        0.0%
BITSFR27             0      0       0      28        0.0%
SFR27                0      0       0      28        0.0%
BITBANK12           30      0       0      29        0.0%
BITSFR28             0      0       0      29        0.0%
SFR28                0      0       0      29        0.0%
BANK12              30      0       0      30        0.0%
BITSFR29             0      0       0      30        0.0%
SFR29                0      0       0      30        0.0%
BITSFR30             0      0       0      31        0.0%
SFR30                0      0       0      31        0.0%
DATA                 0      0       0      31        0.0%
BITSFR31             0      0       0      32        0.0%
SFR31                0      0       0      32        0.0%


Microchip Technology PIC Macro Assembler V1.42 build -159332390 
Symbol Table                                                                                   Fri May 26 06:45:59 2017

                     l40 07E7                       _GO 04E9                       u25 07F0  
                    l525 07E5                      _PR2 001B                      wreg 0009  
           __CFG_LVP$OFF 0000                     _LATC 010E                     _main 07C9  
                   btemp 007E                     start 0002            __CFG_IESO$OFF 0000  
                  ?_main 0070            __CFG_WDTE$OFF 0000                    _TRISC 008E  
         __CFG_FCMEN$OFF 0000                    wtemp0 007E           __CFG_MCLRE$OFF 0000  
        __initialization 07FD             __end_of_main 07FD                   ??_main 0070  
         __CFG_PLLEN$OFF 0000                   _ADCON0 009D                   _ADCON1 009E  
                 _ADRESH 009C                   _ADRESL 009B                   _CCPR2L 0298  
                 _OSCCON 0099  __end_of__initialization 07FD           __pcstackCOMMON 0070  
             __pmaintext 07C9                  _CCP2CON 029A          __CFG_STVREN$OFF 0000  
              _T2CONbits 001C     end_of_initialization 07FD         __CFG_FOSC$INTOSC 0000  
              _TRISAbits 008C              _CCP2CONbits 029A      start_initialization 07FD  
            _CCPTMRSbits 029E                ___latbits 0002               _ANSELAbits 018C  
          __size_of_main 0034  
