

Microchip Technology PIC LITE Macro Assembler V1.42 build -159332390 
                                                                                               Fri Jun  2 13:04:52 2017

Microchip Technology Omniscient Code Generator v1.42 (Free mode) build 201704130522
     1                           	processor	16F18345
     2                           	opt	pw 120
     3                           	opt	lm
     4                           	psect	cinit,global,class=CODE,merge=1,delta=2
     5                           	psect	cstackCOMMON,global,class=COMMON,space=1,delta=1
     6                           	psect	maintext,global,class=CODE,merge=1,split=1,delta=2
     7                           	psect	text1,local,class=CODE,merge=1,delta=2
     8                           	psect	text2,local,class=CODE,merge=1,delta=2
     9                           	psect	text3,local,class=CODE,merge=1,delta=2
    10                           	psect	text4,local,class=CODE,merge=1,delta=2
    11                           	dabs	1,0x7E,2
    12  0000                     
    13                           ; Version 1.42
    14                           ; Generated 13/04/2017 GMT
    15                           ; 
    16                           ; Copyright © 2017, Microchip Technology Inc. and its subsidiaries ("Microchip")
    17                           ; All rights reserved.
    18                           ; 
    19                           ; This software is developed by Microchip Technology Inc. and its subsidiaries ("Microch
      +                          ip").
    20                           ; 
    21                           ; Redistribution and use in source and binary forms, with or without modification, are
    22                           ; permitted provided that the following conditions are met:
    23                           ; 
    24                           ;     1. Redistributions of source code must retain the above copyright notice, this lis
      +                          t of
    25                           ;        conditions and the following disclaimer.
    26                           ; 
    27                           ;     2. Redistributions in binary form must reproduce the above copyright notice, this 
      +                          list
    28                           ;        of conditions and the following disclaimer in the documentation and/or other
    29                           ;        materials provided with the distribution.
    30                           ; 
    31                           ;     3. Microchip's name may not be used to endorse or promote products derived from th
      +                          is
    32                           ;        software without specific prior written permission.
    33                           ; 
    34                           ; THIS SOFTWARE IS PROVIDED BY MICROCHIP "AS IS" AND ANY EXPRESS OR IMPLIED WARRANTIES,
    35                           ; INCLUDING, BUT NOT LIMITED TO, THE IMPLIED WARRANTIES OF MERCHANTABILITY AND FITNESS F
      +                          OR
    36                           ; PURPOSE ARE DISCLAIMED.  IN NO EVENT SHALL MICROCHIP BE LIABLE FOR ANY DIRECT, INDIREC
      +                          T,
    37                           ; INCIDENTAL, SPECIAL, EXEMPLARY, OR CONSEQUENTIAL DAMAGES (INCLUDING BUT NOT LIMITED TO
    38                           ; PROCUREMENT OF SUBSTITUTE GOODS OR SERVICES; LOSS OF USE, DATA OR PROFITS; OR BUSINESS
    39                           ; INTERRUPTION) HOWSOEVER CAUSED AND ON ANY THEORY OF LIABILITY, WHETHER IN CONTRACT, ST
      +                          RICT
    40                           ; LIABILITY, OR TORT (INCLUDING NEGLIGENCE OR OTHERWISE) ARISING IN ANY WAY OUT OF THE U
      +                          SE OF
    41                           ; THIS SOFTWARE, EVEN IF ADVISED OF THE POSSIBILITY OF SUCH DAMAGE.
    42                           ; 
    43                           ; 
    44                           ; Code-generator required, PIC16F18345 Definitions
    45                           ; 
    46                           ; SFR Addresses
    47  0000                     	;# 
    48  0001                     	;# 
    49  0002                     	;# 
    50  0003                     	;# 
    51  0004                     	;# 
    52  0005                     	;# 
    53  0006                     	;# 
    54  0007                     	;# 
    55  0008                     	;# 
    56  0009                     	;# 
    57  000A                     	;# 
    58  000B                     	;# 
    59  000C                     	;# 
    60  000D                     	;# 
    61  000E                     	;# 
    62  0010                     	;# 
    63  0011                     	;# 
    64  0012                     	;# 
    65  0013                     	;# 
    66  0014                     	;# 
    67  0015                     	;# 
    68  0015                     	;# 
    69  0016                     	;# 
    70  0016                     	;# 
    71  0017                     	;# 
    72  0018                     	;# 
    73  0019                     	;# 
    74  0019                     	;# 
    75  001A                     	;# 
    76  001B                     	;# 
    77  001C                     	;# 
    78  001D                     	;# 
    79  001E                     	;# 
    80  001F                     	;# 
    81  008C                     	;# 
    82  008D                     	;# 
    83  008E                     	;# 
    84  0090                     	;# 
    85  0091                     	;# 
    86  0092                     	;# 
    87  0093                     	;# 
    88  0094                     	;# 
    89  0097                     	;# 
    90  009B                     	;# 
    91  009B                     	;# 
    92  009C                     	;# 
    93  009D                     	;# 
    94  009E                     	;# 
    95  009F                     	;# 
    96  010C                     	;# 
    97  010D                     	;# 
    98  010E                     	;# 
    99  0111                     	;# 
   100  0112                     	;# 
   101  0113                     	;# 
   102  0114                     	;# 
   103  0115                     	;# 
   104  0116                     	;# 
   105  0117                     	;# 
   106  0118                     	;# 
   107  0119                     	;# 
   108  018C                     	;# 
   109  018D                     	;# 
   110  018E                     	;# 
   111  0197                     	;# 
   112  0199                     	;# 
   113  0199                     	;# 
   114  0199                     	;# 
   115  019A                     	;# 
   116  019A                     	;# 
   117  019A                     	;# 
   118  019B                     	;# 
   119  019B                     	;# 
   120  019B                     	;# 
   121  019B                     	;# 
   122  019B                     	;# 
   123  019C                     	;# 
   124  019C                     	;# 
   125  019C                     	;# 
   126  019D                     	;# 
   127  019D                     	;# 
   128  019D                     	;# 
   129  019E                     	;# 
   130  019E                     	;# 
   131  019E                     	;# 
   132  019F                     	;# 
   133  019F                     	;# 
   134  019F                     	;# 
   135  019F                     	;# 
   136  019F                     	;# 
   137  020C                     	;# 
   138  020D                     	;# 
   139  020E                     	;# 
   140  0211                     	;# 
   141  0211                     	;# 
   142  0212                     	;# 
   143  0212                     	;# 
   144  0213                     	;# 
   145  0213                     	;# 
   146  0214                     	;# 
   147  0214                     	;# 
   148  0215                     	;# 
   149  0215                     	;# 
   150  0215                     	;# 
   151  0215                     	;# 
   152  0216                     	;# 
   153  0216                     	;# 
   154  0217                     	;# 
   155  0217                     	;# 
   156  0219                     	;# 
   157  021A                     	;# 
   158  021B                     	;# 
   159  021C                     	;# 
   160  021D                     	;# 
   161  021D                     	;# 
   162  021E                     	;# 
   163  021F                     	;# 
   164  028C                     	;# 
   165  028D                     	;# 
   166  028E                     	;# 
   167  0291                     	;# 
   168  0291                     	;# 
   169  0292                     	;# 
   170  0293                     	;# 
   171  0294                     	;# 
   172  0295                     	;# 
   173  0295                     	;# 
   174  0296                     	;# 
   175  0297                     	;# 
   176  0298                     	;# 
   177  029F                     	;# 
   178  030C                     	;# 
   179  030D                     	;# 
   180  030E                     	;# 
   181  0311                     	;# 
   182  0311                     	;# 
   183  0312                     	;# 
   184  0313                     	;# 
   185  0314                     	;# 
   186  0315                     	;# 
   187  0315                     	;# 
   188  0316                     	;# 
   189  0317                     	;# 
   190  0318                     	;# 
   191  038C                     	;# 
   192  038D                     	;# 
   193  038E                     	;# 
   194  0391                     	;# 
   195  0392                     	;# 
   196  0393                     	;# 
   197  0394                     	;# 
   198  0395                     	;# 
   199  0396                     	;# 
   200  0397                     	;# 
   201  0398                     	;# 
   202  0399                     	;# 
   203  039A                     	;# 
   204  039C                     	;# 
   205  039D                     	;# 
   206  039E                     	;# 
   207  039F                     	;# 
   208  0411                     	;# 
   209  0411                     	;# 
   210  0412                     	;# 
   211  0413                     	;# 
   212  0414                     	;# 
   213  0415                     	;# 
   214  0416                     	;# 
   215  0417                     	;# 
   216  0418                     	;# 
   217  0418                     	;# 
   218  0419                     	;# 
   219  041A                     	;# 
   220  041B                     	;# 
   221  041C                     	;# 
   222  041D                     	;# 
   223  041E                     	;# 
   224  041F                     	;# 
   225  0498                     	;# 
   226  0498                     	;# 
   227  0499                     	;# 
   228  049A                     	;# 
   229  049B                     	;# 
   230  049B                     	;# 
   231  049C                     	;# 
   232  049D                     	;# 
   233  049E                     	;# 
   234  049F                     	;# 
   235  0617                     	;# 
   236  0618                     	;# 
   237  0619                     	;# 
   238  0619                     	;# 
   239  061A                     	;# 
   240  061B                     	;# 
   241  061C                     	;# 
   242  061C                     	;# 
   243  061F                     	;# 
   244  0691                     	;# 
   245  0692                     	;# 
   246  0693                     	;# 
   247  0694                     	;# 
   248  0695                     	;# 
   249  0696                     	;# 
   250  0697                     	;# 
   251  0698                     	;# 
   252  0699                     	;# 
   253  0711                     	;# 
   254  0712                     	;# 
   255  0713                     	;# 
   256  0714                     	;# 
   257  0715                     	;# 
   258  0716                     	;# 
   259  0717                     	;# 
   260  0718                     	;# 
   261  0719                     	;# 
   262  0891                     	;# 
   263  0891                     	;# 
   264  0891                     	;# 
   265  0891                     	;# 
   266  0891                     	;# 
   267  0891                     	;# 
   268  0892                     	;# 
   269  0892                     	;# 
   270  0892                     	;# 
   271  0893                     	;# 
   272  0893                     	;# 
   273  0893                     	;# 
   274  0893                     	;# 
   275  0893                     	;# 
   276  0893                     	;# 
   277  0894                     	;# 
   278  0894                     	;# 
   279  0894                     	;# 
   280  0895                     	;# 
   281  0895                     	;# 
   282  0895                     	;# 
   283  0896                     	;# 
   284  0896                     	;# 
   285  0896                     	;# 
   286  089B                     	;# 
   287  0911                     	;# 
   288  0912                     	;# 
   289  0913                     	;# 
   290  0914                     	;# 
   291  0915                     	;# 
   292  0916                     	;# 
   293  0918                     	;# 
   294  0919                     	;# 
   295  091A                     	;# 
   296  091B                     	;# 
   297  091C                     	;# 
   298  091D                     	;# 
   299  091E                     	;# 
   300  091F                     	;# 
   301  0E0F                     	;# 
   302  0E10                     	;# 
   303  0E11                     	;# 
   304  0E12                     	;# 
   305  0E13                     	;# 
   306  0E14                     	;# 
   307  0E15                     	;# 
   308  0E16                     	;# 
   309  0E17                     	;# 
   310  0E18                     	;# 
   311  0E19                     	;# 
   312  0E1A                     	;# 
   313  0E1B                     	;# 
   314  0E1C                     	;# 
   315  0E1D                     	;# 
   316  0E1E                     	;# 
   317  0E1F                     	;# 
   318  0E20                     	;# 
   319  0E21                     	;# 
   320  0E22                     	;# 
   321  0E24                     	;# 
   322  0E25                     	;# 
   323  0E28                     	;# 
   324  0E29                     	;# 
   325  0E2A                     	;# 
   326  0E2B                     	;# 
   327  0E2C                     	;# 
   328  0E2D                     	;# 
   329  0E2E                     	;# 
   330  0E2F                     	;# 
   331  0E90                     	;# 
   332  0E91                     	;# 
   333  0E92                     	;# 
   334  0E94                     	;# 
   335  0E95                     	;# 
   336  0E9C                     	;# 
   337  0E9D                     	;# 
   338  0E9E                     	;# 
   339  0E9F                     	;# 
   340  0EA0                     	;# 
   341  0EA1                     	;# 
   342  0EA2                     	;# 
   343  0EA3                     	;# 
   344  0EA4                     	;# 
   345  0EA5                     	;# 
   346  0EA6                     	;# 
   347  0EA7                     	;# 
   348  0F0F                     	;# 
   349  0F10                     	;# 
   350  0F11                     	;# 
   351  0F12                     	;# 
   352  0F13                     	;# 
   353  0F14                     	;# 
   354  0F15                     	;# 
   355  0F16                     	;# 
   356  0F17                     	;# 
   357  0F18                     	;# 
   358  0F19                     	;# 
   359  0F1A                     	;# 
   360  0F1B                     	;# 
   361  0F1C                     	;# 
   362  0F1D                     	;# 
   363  0F1E                     	;# 
   364  0F1F                     	;# 
   365  0F20                     	;# 
   366  0F21                     	;# 
   367  0F22                     	;# 
   368  0F23                     	;# 
   369  0F24                     	;# 
   370  0F25                     	;# 
   371  0F26                     	;# 
   372  0F27                     	;# 
   373  0F28                     	;# 
   374  0F29                     	;# 
   375  0F2A                     	;# 
   376  0F2B                     	;# 
   377  0F2C                     	;# 
   378  0F2D                     	;# 
   379  0F2E                     	;# 
   380  0F2F                     	;# 
   381  0F30                     	;# 
   382  0F31                     	;# 
   383  0F32                     	;# 
   384  0F33                     	;# 
   385  0F34                     	;# 
   386  0F35                     	;# 
   387  0F36                     	;# 
   388  0F37                     	;# 
   389  0FE4                     	;# 
   390  0FE5                     	;# 
   391  0FE6                     	;# 
   392  0FE7                     	;# 
   393  0FE8                     	;# 
   394  0FE9                     	;# 
   395  0FEA                     	;# 
   396  0FEB                     	;# 
   397  0FED                     	;# 
   398  0FEE                     	;# 
   399  0FEF                     	;# 
   400  0000                     	;# 
   401  0001                     	;# 
   402  0002                     	;# 
   403  0003                     	;# 
   404  0004                     	;# 
   405  0005                     	;# 
   406  0006                     	;# 
   407  0007                     	;# 
   408  0008                     	;# 
   409  0009                     	;# 
   410  000A                     	;# 
   411  000B                     	;# 
   412  000C                     	;# 
   413  000D                     	;# 
   414  000E                     	;# 
   415  0010                     	;# 
   416  0011                     	;# 
   417  0012                     	;# 
   418  0013                     	;# 
   419  0014                     	;# 
   420  0015                     	;# 
   421  0015                     	;# 
   422  0016                     	;# 
   423  0016                     	;# 
   424  0017                     	;# 
   425  0018                     	;# 
   426  0019                     	;# 
   427  0019                     	;# 
   428  001A                     	;# 
   429  001B                     	;# 
   430  001C                     	;# 
   431  001D                     	;# 
   432  001E                     	;# 
   433  001F                     	;# 
   434  008C                     	;# 
   435  008D                     	;# 
   436  008E                     	;# 
   437  0090                     	;# 
   438  0091                     	;# 
   439  0092                     	;# 
   440  0093                     	;# 
   441  0094                     	;# 
   442  0097                     	;# 
   443  009B                     	;# 
   444  009B                     	;# 
   445  009C                     	;# 
   446  009D                     	;# 
   447  009E                     	;# 
   448  009F                     	;# 
   449  010C                     	;# 
   450  010D                     	;# 
   451  010E                     	;# 
   452  0111                     	;# 
   453  0112                     	;# 
   454  0113                     	;# 
   455  0114                     	;# 
   456  0115                     	;# 
   457  0116                     	;# 
   458  0117                     	;# 
   459  0118                     	;# 
   460  0119                     	;# 
   461  018C                     	;# 
   462  018D                     	;# 
   463  018E                     	;# 
   464  0197                     	;# 
   465  0199                     	;# 
   466  0199                     	;# 
   467  0199                     	;# 
   468  019A                     	;# 
   469  019A                     	;# 
   470  019A                     	;# 
   471  019B                     	;# 
   472  019B                     	;# 
   473  019B                     	;# 
   474  019B                     	;# 
   475  019B                     	;# 
   476  019C                     	;# 
   477  019C                     	;# 
   478  019C                     	;# 
   479  019D                     	;# 
   480  019D                     	;# 
   481  019D                     	;# 
   482  019E                     	;# 
   483  019E                     	;# 
   484  019E                     	;# 
   485  019F                     	;# 
   486  019F                     	;# 
   487  019F                     	;# 
   488  019F                     	;# 
   489  019F                     	;# 
   490  020C                     	;# 
   491  020D                     	;# 
   492  020E                     	;# 
   493  0211                     	;# 
   494  0211                     	;# 
   495  0212                     	;# 
   496  0212                     	;# 
   497  0213                     	;# 
   498  0213                     	;# 
   499  0214                     	;# 
   500  0214                     	;# 
   501  0215                     	;# 
   502  0215                     	;# 
   503  0215                     	;# 
   504  0215                     	;# 
   505  0216                     	;# 
   506  0216                     	;# 
   507  0217                     	;# 
   508  0217                     	;# 
   509  0219                     	;# 
   510  021A                     	;# 
   511  021B                     	;# 
   512  021C                     	;# 
   513  021D                     	;# 
   514  021D                     	;# 
   515  021E                     	;# 
   516  021F                     	;# 
   517  028C                     	;# 
   518  028D                     	;# 
   519  028E                     	;# 
   520  0291                     	;# 
   521  0291                     	;# 
   522  0292                     	;# 
   523  0293                     	;# 
   524  0294                     	;# 
   525  0295                     	;# 
   526  0295                     	;# 
   527  0296                     	;# 
   528  0297                     	;# 
   529  0298                     	;# 
   530  029F                     	;# 
   531  030C                     	;# 
   532  030D                     	;# 
   533  030E                     	;# 
   534  0311                     	;# 
   535  0311                     	;# 
   536  0312                     	;# 
   537  0313                     	;# 
   538  0314                     	;# 
   539  0315                     	;# 
   540  0315                     	;# 
   541  0316                     	;# 
   542  0317                     	;# 
   543  0318                     	;# 
   544  038C                     	;# 
   545  038D                     	;# 
   546  038E                     	;# 
   547  0391                     	;# 
   548  0392                     	;# 
   549  0393                     	;# 
   550  0394                     	;# 
   551  0395                     	;# 
   552  0396                     	;# 
   553  0397                     	;# 
   554  0398                     	;# 
   555  0399                     	;# 
   556  039A                     	;# 
   557  039C                     	;# 
   558  039D                     	;# 
   559  039E                     	;# 
   560  039F                     	;# 
   561  0411                     	;# 
   562  0411                     	;# 
   563  0412                     	;# 
   564  0413                     	;# 
   565  0414                     	;# 
   566  0415                     	;# 
   567  0416                     	;# 
   568  0417                     	;# 
   569  0418                     	;# 
   570  0418                     	;# 
   571  0419                     	;# 
   572  041A                     	;# 
   573  041B                     	;# 
   574  041C                     	;# 
   575  041D                     	;# 
   576  041E                     	;# 
   577  041F                     	;# 
   578  0498                     	;# 
   579  0498                     	;# 
   580  0499                     	;# 
   581  049A                     	;# 
   582  049B                     	;# 
   583  049B                     	;# 
   584  049C                     	;# 
   585  049D                     	;# 
   586  049E                     	;# 
   587  049F                     	;# 
   588  0617                     	;# 
   589  0618                     	;# 
   590  0619                     	;# 
   591  0619                     	;# 
   592  061A                     	;# 
   593  061B                     	;# 
   594  061C                     	;# 
   595  061C                     	;# 
   596  061F                     	;# 
   597  0691                     	;# 
   598  0692                     	;# 
   599  0693                     	;# 
   600  0694                     	;# 
   601  0695                     	;# 
   602  0696                     	;# 
   603  0697                     	;# 
   604  0698                     	;# 
   605  0699                     	;# 
   606  0711                     	;# 
   607  0712                     	;# 
   608  0713                     	;# 
   609  0714                     	;# 
   610  0715                     	;# 
   611  0716                     	;# 
   612  0717                     	;# 
   613  0718                     	;# 
   614  0719                     	;# 
   615  0891                     	;# 
   616  0891                     	;# 
   617  0891                     	;# 
   618  0891                     	;# 
   619  0891                     	;# 
   620  0891                     	;# 
   621  0892                     	;# 
   622  0892                     	;# 
   623  0892                     	;# 
   624  0893                     	;# 
   625  0893                     	;# 
   626  0893                     	;# 
   627  0893                     	;# 
   628  0893                     	;# 
   629  0893                     	;# 
   630  0894                     	;# 
   631  0894                     	;# 
   632  0894                     	;# 
   633  0895                     	;# 
   634  0895                     	;# 
   635  0895                     	;# 
   636  0896                     	;# 
   637  0896                     	;# 
   638  0896                     	;# 
   639  089B                     	;# 
   640  0911                     	;# 
   641  0912                     	;# 
   642  0913                     	;# 
   643  0914                     	;# 
   644  0915                     	;# 
   645  0916                     	;# 
   646  0918                     	;# 
   647  0919                     	;# 
   648  091A                     	;# 
   649  091B                     	;# 
   650  091C                     	;# 
   651  091D                     	;# 
   652  091E                     	;# 
   653  091F                     	;# 
   654  0E0F                     	;# 
   655  0E10                     	;# 
   656  0E11                     	;# 
   657  0E12                     	;# 
   658  0E13                     	;# 
   659  0E14                     	;# 
   660  0E15                     	;# 
   661  0E16                     	;# 
   662  0E17                     	;# 
   663  0E18                     	;# 
   664  0E19                     	;# 
   665  0E1A                     	;# 
   666  0E1B                     	;# 
   667  0E1C                     	;# 
   668  0E1D                     	;# 
   669  0E1E                     	;# 
   670  0E1F                     	;# 
   671  0E20                     	;# 
   672  0E21                     	;# 
   673  0E22                     	;# 
   674  0E24                     	;# 
   675  0E25                     	;# 
   676  0E28                     	;# 
   677  0E29                     	;# 
   678  0E2A                     	;# 
   679  0E2B                     	;# 
   680  0E2C                     	;# 
   681  0E2D                     	;# 
   682  0E2E                     	;# 
   683  0E2F                     	;# 
   684  0E90                     	;# 
   685  0E91                     	;# 
   686  0E92                     	;# 
   687  0E94                     	;# 
   688  0E95                     	;# 
   689  0E9C                     	;# 
   690  0E9D                     	;# 
   691  0E9E                     	;# 
   692  0E9F                     	;# 
   693  0EA0                     	;# 
   694  0EA1                     	;# 
   695  0EA2                     	;# 
   696  0EA3                     	;# 
   697  0EA4                     	;# 
   698  0EA5                     	;# 
   699  0EA6                     	;# 
   700  0EA7                     	;# 
   701  0F0F                     	;# 
   702  0F10                     	;# 
   703  0F11                     	;# 
   704  0F12                     	;# 
   705  0F13                     	;# 
   706  0F14                     	;# 
   707  0F15                     	;# 
   708  0F16                     	;# 
   709  0F17                     	;# 
   710  0F18                     	;# 
   711  0F19                     	;# 
   712  0F1A                     	;# 
   713  0F1B                     	;# 
   714  0F1C                     	;# 
   715  0F1D                     	;# 
   716  0F1E                     	;# 
   717  0F1F                     	;# 
   718  0F20                     	;# 
   719  0F21                     	;# 
   720  0F22                     	;# 
   721  0F23                     	;# 
   722  0F24                     	;# 
   723  0F25                     	;# 
   724  0F26                     	;# 
   725  0F27                     	;# 
   726  0F28                     	;# 
   727  0F29                     	;# 
   728  0F2A                     	;# 
   729  0F2B                     	;# 
   730  0F2C                     	;# 
   731  0F2D                     	;# 
   732  0F2E                     	;# 
   733  0F2F                     	;# 
   734  0F30                     	;# 
   735  0F31                     	;# 
   736  0F32                     	;# 
   737  0F33                     	;# 
   738  0F34                     	;# 
   739  0F35                     	;# 
   740  0F36                     	;# 
   741  0F37                     	;# 
   742  0FE4                     	;# 
   743  0FE5                     	;# 
   744  0FE6                     	;# 
   745  0FE7                     	;# 
   746  0FE8                     	;# 
   747  0FE9                     	;# 
   748  0FEA                     	;# 
   749  0FEB                     	;# 
   750  0FED                     	;# 
   751  0FEE                     	;# 
   752  0FEF                     	;# 
   753  0000                     	;# 
   754  0001                     	;# 
   755  0002                     	;# 
   756  0003                     	;# 
   757  0004                     	;# 
   758  0005                     	;# 
   759  0006                     	;# 
   760  0007                     	;# 
   761  0008                     	;# 
   762  0009                     	;# 
   763  000A                     	;# 
   764  000B                     	;# 
   765  000C                     	;# 
   766  000D                     	;# 
   767  000E                     	;# 
   768  0010                     	;# 
   769  0011                     	;# 
   770  0012                     	;# 
   771  0013                     	;# 
   772  0014                     	;# 
   773  0015                     	;# 
   774  0015                     	;# 
   775  0016                     	;# 
   776  0016                     	;# 
   777  0017                     	;# 
   778  0018                     	;# 
   779  0019                     	;# 
   780  0019                     	;# 
   781  001A                     	;# 
   782  001B                     	;# 
   783  001C                     	;# 
   784  001D                     	;# 
   785  001E                     	;# 
   786  001F                     	;# 
   787  008C                     	;# 
   788  008D                     	;# 
   789  008E                     	;# 
   790  0090                     	;# 
   791  0091                     	;# 
   792  0092                     	;# 
   793  0093                     	;# 
   794  0094                     	;# 
   795  0097                     	;# 
   796  009B                     	;# 
   797  009B                     	;# 
   798  009C                     	;# 
   799  009D                     	;# 
   800  009E                     	;# 
   801  009F                     	;# 
   802  010C                     	;# 
   803  010D                     	;# 
   804  010E                     	;# 
   805  0111                     	;# 
   806  0112                     	;# 
   807  0113                     	;# 
   808  0114                     	;# 
   809  0115                     	;# 
   810  0116                     	;# 
   811  0117                     	;# 
   812  0118                     	;# 
   813  0119                     	;# 
   814  018C                     	;# 
   815  018D                     	;# 
   816  018E                     	;# 
   817  0197                     	;# 
   818  0199                     	;# 
   819  0199                     	;# 
   820  0199                     	;# 
   821  019A                     	;# 
   822  019A                     	;# 
   823  019A                     	;# 
   824  019B                     	;# 
   825  019B                     	;# 
   826  019B                     	;# 
   827  019B                     	;# 
   828  019B                     	;# 
   829  019C                     	;# 
   830  019C                     	;# 
   831  019C                     	;# 
   832  019D                     	;# 
   833  019D                     	;# 
   834  019D                     	;# 
   835  019E                     	;# 
   836  019E                     	;# 
   837  019E                     	;# 
   838  019F                     	;# 
   839  019F                     	;# 
   840  019F                     	;# 
   841  019F                     	;# 
   842  019F                     	;# 
   843  020C                     	;# 
   844  020D                     	;# 
   845  020E                     	;# 
   846  0211                     	;# 
   847  0211                     	;# 
   848  0212                     	;# 
   849  0212                     	;# 
   850  0213                     	;# 
   851  0213                     	;# 
   852  0214                     	;# 
   853  0214                     	;# 
   854  0215                     	;# 
   855  0215                     	;# 
   856  0215                     	;# 
   857  0215                     	;# 
   858  0216                     	;# 
   859  0216                     	;# 
   860  0217                     	;# 
   861  0217                     	;# 
   862  0219                     	;# 
   863  021A                     	;# 
   864  021B                     	;# 
   865  021C                     	;# 
   866  021D                     	;# 
   867  021D                     	;# 
   868  021E                     	;# 
   869  021F                     	;# 
   870  028C                     	;# 
   871  028D                     	;# 
   872  028E                     	;# 
   873  0291                     	;# 
   874  0291                     	;# 
   875  0292                     	;# 
   876  0293                     	;# 
   877  0294                     	;# 
   878  0295                     	;# 
   879  0295                     	;# 
   880  0296                     	;# 
   881  0297                     	;# 
   882  0298                     	;# 
   883  029F                     	;# 
   884  030C                     	;# 
   885  030D                     	;# 
   886  030E                     	;# 
   887  0311                     	;# 
   888  0311                     	;# 
   889  0312                     	;# 
   890  0313                     	;# 
   891  0314                     	;# 
   892  0315                     	;# 
   893  0315                     	;# 
   894  0316                     	;# 
   895  0317                     	;# 
   896  0318                     	;# 
   897  038C                     	;# 
   898  038D                     	;# 
   899  038E                     	;# 
   900  0391                     	;# 
   901  0392                     	;# 
   902  0393                     	;# 
   903  0394                     	;# 
   904  0395                     	;# 
   905  0396                     	;# 
   906  0397                     	;# 
   907  0398                     	;# 
   908  0399                     	;# 
   909  039A                     	;# 
   910  039C                     	;# 
   911  039D                     	;# 
   912  039E                     	;# 
   913  039F                     	;# 
   914  0411                     	;# 
   915  0411                     	;# 
   916  0412                     	;# 
   917  0413                     	;# 
   918  0414                     	;# 
   919  0415                     	;# 
   920  0416                     	;# 
   921  0417                     	;# 
   922  0418                     	;# 
   923  0418                     	;# 
   924  0419                     	;# 
   925  041A                     	;# 
   926  041B                     	;# 
   927  041C                     	;# 
   928  041D                     	;# 
   929  041E                     	;# 
   930  041F                     	;# 
   931  0498                     	;# 
   932  0498                     	;# 
   933  0499                     	;# 
   934  049A                     	;# 
   935  049B                     	;# 
   936  049B                     	;# 
   937  049C                     	;# 
   938  049D                     	;# 
   939  049E                     	;# 
   940  049F                     	;# 
   941  0617                     	;# 
   942  0618                     	;# 
   943  0619                     	;# 
   944  0619                     	;# 
   945  061A                     	;# 
   946  061B                     	;# 
   947  061C                     	;# 
   948  061C                     	;# 
   949  061F                     	;# 
   950  0691                     	;# 
   951  0692                     	;# 
   952  0693                     	;# 
   953  0694                     	;# 
   954  0695                     	;# 
   955  0696                     	;# 
   956  0697                     	;# 
   957  0698                     	;# 
   958  0699                     	;# 
   959  0711                     	;# 
   960  0712                     	;# 
   961  0713                     	;# 
   962  0714                     	;# 
   963  0715                     	;# 
   964  0716                     	;# 
   965  0717                     	;# 
   966  0718                     	;# 
   967  0719                     	;# 
   968  0891                     	;# 
   969  0891                     	;# 
   970  0891                     	;# 
   971  0891                     	;# 
   972  0891                     	;# 
   973  0891                     	;# 
   974  0892                     	;# 
   975  0892                     	;# 
   976  0892                     	;# 
   977  0893                     	;# 
   978  0893                     	;# 
   979  0893                     	;# 
   980  0893                     	;# 
   981  0893                     	;# 
   982  0893                     	;# 
   983  0894                     	;# 
   984  0894                     	;# 
   985  0894                     	;# 
   986  0895                     	;# 
   987  0895                     	;# 
   988  0895                     	;# 
   989  0896                     	;# 
   990  0896                     	;# 
   991  0896                     	;# 
   992  089B                     	;# 
   993  0911                     	;# 
   994  0912                     	;# 
   995  0913                     	;# 
   996  0914                     	;# 
   997  0915                     	;# 
   998  0916                     	;# 
   999  0918                     	;# 
  1000  0919                     	;# 
  1001  091A                     	;# 
  1002  091B                     	;# 
  1003  091C                     	;# 
  1004  091D                     	;# 
  1005  091E                     	;# 
  1006  091F                     	;# 
  1007  0E0F                     	;# 
  1008  0E10                     	;# 
  1009  0E11                     	;# 
  1010  0E12                     	;# 
  1011  0E13                     	;# 
  1012  0E14                     	;# 
  1013  0E15                     	;# 
  1014  0E16                     	;# 
  1015  0E17                     	;# 
  1016  0E18                     	;# 
  1017  0E19                     	;# 
  1018  0E1A                     	;# 
  1019  0E1B                     	;# 
  1020  0E1C                     	;# 
  1021  0E1D                     	;# 
  1022  0E1E                     	;# 
  1023  0E1F                     	;# 
  1024  0E20                     	;# 
  1025  0E21                     	;# 
  1026  0E22                     	;# 
  1027  0E24                     	;# 
  1028  0E25                     	;# 
  1029  0E28                     	;# 
  1030  0E29                     	;# 
  1031  0E2A                     	;# 
  1032  0E2B                     	;# 
  1033  0E2C                     	;# 
  1034  0E2D                     	;# 
  1035  0E2E                     	;# 
  1036  0E2F                     	;# 
  1037  0E90                     	;# 
  1038  0E91                     	;# 
  1039  0E92                     	;# 
  1040  0E94                     	;# 
  1041  0E95                     	;# 
  1042  0E9C                     	;# 
  1043  0E9D                     	;# 
  1044  0E9E                     	;# 
  1045  0E9F                     	;# 
  1046  0EA0                     	;# 
  1047  0EA1                     	;# 
  1048  0EA2                     	;# 
  1049  0EA3                     	;# 
  1050  0EA4                     	;# 
  1051  0EA5                     	;# 
  1052  0EA6                     	;# 
  1053  0EA7                     	;# 
  1054  0F0F                     	;# 
  1055  0F10                     	;# 
  1056  0F11                     	;# 
  1057  0F12                     	;# 
  1058  0F13                     	;# 
  1059  0F14                     	;# 
  1060  0F15                     	;# 
  1061  0F16                     	;# 
  1062  0F17                     	;# 
  1063  0F18                     	;# 
  1064  0F19                     	;# 
  1065  0F1A                     	;# 
  1066  0F1B                     	;# 
  1067  0F1C                     	;# 
  1068  0F1D                     	;# 
  1069  0F1E                     	;# 
  1070  0F1F                     	;# 
  1071  0F20                     	;# 
  1072  0F21                     	;# 
  1073  0F22                     	;# 
  1074  0F23                     	;# 
  1075  0F24                     	;# 
  1076  0F25                     	;# 
  1077  0F26                     	;# 
  1078  0F27                     	;# 
  1079  0F28                     	;# 
  1080  0F29                     	;# 
  1081  0F2A                     	;# 
  1082  0F2B                     	;# 
  1083  0F2C                     	;# 
  1084  0F2D                     	;# 
  1085  0F2E                     	;# 
  1086  0F2F                     	;# 
  1087  0F30                     	;# 
  1088  0F31                     	;# 
  1089  0F32                     	;# 
  1090  0F33                     	;# 
  1091  0F34                     	;# 
  1092  0F35                     	;# 
  1093  0F36                     	;# 
  1094  0F37                     	;# 
  1095  0FE4                     	;# 
  1096  0FE5                     	;# 
  1097  0FE6                     	;# 
  1098  0FE7                     	;# 
  1099  0FE8                     	;# 
  1100  0FE9                     	;# 
  1101  0FEA                     	;# 
  1102  0FEB                     	;# 
  1103  0FED                     	;# 
  1104  0FEE                     	;# 
  1105  0FEF                     	;# 
  1106  0097                     _WDTCON	set	151
  1107  008E                     _TRISC	set	142
  1108  008D                     _TRISB	set	141
  1109  008C                     _TRISA	set	140
  1110  010E                     _LATCbits	set	270
  1111  010D                     _LATBbits	set	269
  1112  010C                     _LATAbits	set	268
  1113  010E                     _LATC	set	270
  1114  010D                     _LATB	set	269
  1115  010C                     _LATA	set	268
  1116  018C                     _ANSELA	set	396
  1117  018D                     _ANSELB	set	397
  1118  018E                     _ANSELC	set	398
  1119  020E                     _WPUC	set	526
  1120  020C                     _WPUA	set	524
  1121  020D                     _WPUB	set	525
  1122  028E                     _ODCONC	set	654
  1123  028D                     _ODCONB	set	653
  1124  028C                     _ODCONA	set	652
  1125  091E                     _OSCTUNE	set	2334
  1126  091F                     _OSCFRQ	set	2335
  1127  091D                     _OSCEN	set	2333
  1128  091B                     _OSCCON3	set	2331
  1129  0919                     _OSCCON1	set	2329
  1130                           
  1131                           ; #config settings
  1132  0000                     
  1133                           	psect	cinit
  1134  07FD                     start_initialization:	
  1135  07FD                     __initialization:	
  1136  07FD                     end_of_initialization:	
  1137                           ;End of C runtime variable initialization code
  1138                           
  1139  07FD                     __end_of__initialization:	
  1140  07FD  0020               	movlb	0
  1141  07FE  3187  2F89         	ljmp	_main	;jump to C main() function
  1142                           
  1143                           	psect	cstackCOMMON
  1144  0070                     __pcstackCOMMON:	
  1145  0070                     ?_OSCILLATOR_Initialize:	
  1146  0070                     ??_OSCILLATOR_Initialize:	
  1147                           ; 1 bytes @ 0x0
  1148                           
  1149  0070                     ?_WDT_Initialize:	
  1150                           ; 1 bytes @ 0x0
  1151                           
  1152  0070                     ??_WDT_Initialize:	
  1153                           ; 1 bytes @ 0x0
  1154                           
  1155  0070                     ?_PIN_MANAGER_Initialize:	
  1156                           ; 1 bytes @ 0x0
  1157                           
  1158  0070                     ??_PIN_MANAGER_Initialize:	
  1159                           ; 1 bytes @ 0x0
  1160                           
  1161  0070                     ?_SYSTEM_Initialize:	
  1162                           ; 1 bytes @ 0x0
  1163                           
  1164  0070                     ??_SYSTEM_Initialize:	
  1165                           ; 1 bytes @ 0x0
  1166                           
  1167  0070                     ?_main:	
  1168                           ; 1 bytes @ 0x0
  1169                           
  1170  0070                     ??_main:	
  1171                           ; 1 bytes @ 0x0
  1172                           
  1173                           
  1174                           ; 1 bytes @ 0x0
  1175  0070                     	ds	2
  1176                           
  1177                           	psect	maintext
  1178  0789                     __pmaintext:	
  1179 ;;
  1180 ;;Main: autosize = 0, tempsize = 2, incstack = 0, save=0
  1181 ;;
  1182 ;; *************** function _main *****************
  1183 ;; Defined at:
  1184 ;;		line 4 in file "main.c"
  1185 ;; Parameters:    Size  Location     Type
  1186 ;;		None
  1187 ;; Auto vars:     Size  Location     Type
  1188 ;;		None
  1189 ;; Return value:  Size  Location     Type
  1190 ;;                  1    wreg      void 
  1191 ;; Registers used:
  1192 ;;		wreg, status,2, status,0, pclath, cstack
  1193 ;; Tracked objects:
  1194 ;;		On entry : B1F/0
  1195 ;;		On exit  : 0/0
  1196 ;;		Unchanged: 0/0
  1197 ;; Data sizes:     COMMON   BANK0   BANK1   BANK2   BANK3   BANK4   BANK5   BANK6   BANK7   BANK8   BANK9  BANK10  BANK1
      +1  BANK12
  1198 ;;      Params:         0       0       0       0       0       0       0       0       0       0       0       0       
      +0       0
  1199 ;;      Locals:         0       0       0       0       0       0       0       0       0       0       0       0       
      +0       0
  1200 ;;      Temps:          2       0       0       0       0       0       0       0       0       0       0       0       
      +0       0
  1201 ;;      Totals:         2       0       0       0       0       0       0       0       0       0       0       0       
      +0       0
  1202 ;;Total ram usage:        2 bytes
  1203 ;; Hardware stack levels required when called:    2
  1204 ;; This function calls:
  1205 ;;		_SYSTEM_Initialize
  1206 ;; This function is called by:
  1207 ;;		Startup code after reset
  1208 ;; This function uses a non-reentrant model
  1209 ;;
  1210                           
  1211                           
  1212                           ;psect for function _main
  1213  0789                     _main:	
  1214                           
  1215                           ;main.c: 7: SYSTEM_Initialize();
  1216                           
  1217                           ;incstack = 0
  1218                           ; Regs used in _main: [wreg+status,2+status,0+pclath+cstack]
  1219  0789  3187  2765  3187   	fcall	_SYSTEM_Initialize
  1220                           
  1221                           ;main.c: 9: do { LATAbits.LATA0 = 0; } while(0);
  1222  078C  0022               	movlb	2	; select bank2
  1223  078D  100C               	bcf	12,0	;volatile
  1224                           
  1225                           ;main.c: 10: do { LATAbits.LATA1 = 0; } while(0);
  1226  078E  108C               	bcf	12,1	;volatile
  1227                           
  1228                           ;main.c: 11: do { LATAbits.LATA2 = 0; } while(0);
  1229  078F  110C               	bcf	12,2	;volatile
  1230                           
  1231                           ;main.c: 13: do { LATBbits.LATB4 = 0; } while(0);
  1232  0790  120D               	bcf	13,4	;volatile
  1233                           
  1234                           ;main.c: 14: do { LATBbits.LATB5 = 0; } while(0);
  1235  0791  128D               	bcf	13,5	;volatile
  1236                           
  1237                           ;main.c: 15: do { LATBbits.LATB6 = 0; } while(0);
  1238  0792  130D               	bcf	13,6	;volatile
  1239                           
  1240                           ;main.c: 17: do { LATCbits.LATC0 = 0; } while(0);
  1241  0793  100E               	bcf	14,0	;volatile
  1242                           
  1243                           ;main.c: 18: do { LATCbits.LATC1 = 0; } while(0);
  1244  0794  108E               	bcf	14,1	;volatile
  1245                           
  1246                           ;main.c: 19: do { LATCbits.LATC2 = 0; } while(0);
  1247  0795  110E               	bcf	14,2	;volatile
  1248  0796                     l625:	
  1249                           ;main.c: 23: {
  1250                           ;main.c: 24: do { LATAbits.LATA0 = ~LATAbits.LATA0; } while(0);
  1251                           
  1252                           ;main.c: 22: while (1)
  1253                           
  1254  0796  1003               	clrc
  1255  0797  0022               	movlb	2	; select bank2
  1256  0798  1C0C               	btfss	12,0	;volatile
  1257  0799  1403               	setc
  1258  079A  1C03               	btfss	3,0
  1259  079B  2F9F               	goto	u10
  1260  079C  0022               	movlb	2	; select bank2
  1261  079D  140C               	bsf	12,0	;volatile
  1262  079E  2FA1               	goto	l627
  1263  079F                     u10:	
  1264  079F  0022               	movlb	2	; select bank2
  1265  07A0  100C               	bcf	12,0	;volatile
  1266  07A1                     l627:	
  1267                           ;main.c: 25: do { LATAbits.LATA1 = ~LATAbits.LATA1; } while(0);
  1268                           
  1269  07A1  1003               	clrc
  1270  07A2  1C8C               	btfss	12,1	;volatile
  1271  07A3  1403               	setc
  1272  07A4  1C03               	btfss	3,0
  1273  07A5  2FA9               	goto	u30
  1274  07A6  0022               	movlb	2	; select bank2
  1275  07A7  148C               	bsf	12,1	;volatile
  1276  07A8  2FAB               	goto	l629
  1277  07A9                     u30:	
  1278  07A9  0022               	movlb	2	; select bank2
  1279  07AA  108C               	bcf	12,1	;volatile
  1280  07AB                     l629:	
  1281                           ;main.c: 26: do { LATAbits.LATA2 = ~LATAbits.LATA2; } while(0);
  1282                           
  1283  07AB  1003               	clrc
  1284  07AC  1D0C               	btfss	12,2	;volatile
  1285  07AD  1403               	setc
  1286  07AE  1C03               	btfss	3,0
  1287  07AF  2FB3               	goto	u50
  1288  07B0  0022               	movlb	2	; select bank2
  1289  07B1  150C               	bsf	12,2	;volatile
  1290  07B2  2FB5               	goto	l631
  1291  07B3                     u50:	
  1292  07B3  0022               	movlb	2	; select bank2
  1293  07B4  110C               	bcf	12,2	;volatile
  1294  07B5                     l631:	
  1295                           ;main.c: 28: do { LATBbits.LATB4 = ~LATBbits.LATB4; } while(0);
  1296                           
  1297  07B5  1003               	clrc
  1298  07B6  1E0D               	btfss	13,4	;volatile
  1299  07B7  1403               	setc
  1300  07B8  1C03               	btfss	3,0
  1301  07B9  2FBD               	goto	u70
  1302  07BA  0022               	movlb	2	; select bank2
  1303  07BB  160D               	bsf	13,4	;volatile
  1304  07BC  2FBF               	goto	l633
  1305  07BD                     u70:	
  1306  07BD  0022               	movlb	2	; select bank2
  1307  07BE  120D               	bcf	13,4	;volatile
  1308  07BF                     l633:	
  1309                           ;main.c: 29: do { LATBbits.LATB5 = ~LATBbits.LATB5; } while(0);
  1310                           
  1311  07BF  1003               	clrc
  1312  07C0  1E8D               	btfss	13,5	;volatile
  1313  07C1  1403               	setc
  1314  07C2  1C03               	btfss	3,0
  1315  07C3  2FC7               	goto	u90
  1316  07C4  0022               	movlb	2	; select bank2
  1317  07C5  168D               	bsf	13,5	;volatile
  1318  07C6  2FC9               	goto	l635
  1319  07C7                     u90:	
  1320  07C7  0022               	movlb	2	; select bank2
  1321  07C8  128D               	bcf	13,5	;volatile
  1322  07C9                     l635:	
  1323                           ;main.c: 30: do { LATBbits.LATB6 = ~LATBbits.LATB6; } while(0);
  1324                           
  1325  07C9  1003               	clrc
  1326  07CA  1F0D               	btfss	13,6	;volatile
  1327  07CB  1403               	setc
  1328  07CC  1C03               	btfss	3,0
  1329  07CD  2FD1               	goto	u110
  1330  07CE  0022               	movlb	2	; select bank2
  1331  07CF  170D               	bsf	13,6	;volatile
  1332  07D0  2FD3               	goto	l637
  1333  07D1                     u110:	
  1334  07D1  0022               	movlb	2	; select bank2
  1335  07D2  130D               	bcf	13,6	;volatile
  1336  07D3                     l637:	
  1337                           ;main.c: 32: do { LATCbits.LATC0 = ~LATCbits.LATC0; } while(0);
  1338                           
  1339  07D3  1003               	clrc
  1340  07D4  1C0E               	btfss	14,0	;volatile
  1341  07D5  1403               	setc
  1342  07D6  1C03               	btfss	3,0
  1343  07D7  2FDB               	goto	u130
  1344  07D8  0022               	movlb	2	; select bank2
  1345  07D9  140E               	bsf	14,0	;volatile
  1346  07DA  2FDD               	goto	l639
  1347  07DB                     u130:	
  1348  07DB  0022               	movlb	2	; select bank2
  1349  07DC  100E               	bcf	14,0	;volatile
  1350  07DD                     l639:	
  1351                           ;main.c: 33: do { LATCbits.LATC1 = ~LATCbits.LATC1; } while(0);
  1352                           
  1353  07DD  1003               	clrc
  1354  07DE  1C8E               	btfss	14,1	;volatile
  1355  07DF  1403               	setc
  1356  07E0  1C03               	btfss	3,0
  1357  07E1  2FE5               	goto	u150
  1358  07E2  0022               	movlb	2	; select bank2
  1359  07E3  148E               	bsf	14,1	;volatile
  1360  07E4  2FE7               	goto	l641
  1361  07E5                     u150:	
  1362  07E5  0022               	movlb	2	; select bank2
  1363  07E6  108E               	bcf	14,1	;volatile
  1364  07E7                     l641:	
  1365                           ;main.c: 34: do { LATCbits.LATC2 = ~LATCbits.LATC2; } while(0);
  1366                           
  1367  07E7  1003               	clrc
  1368  07E8  1D0E               	btfss	14,2	;volatile
  1369  07E9  1403               	setc
  1370  07EA  1C03               	btfss	3,0
  1371  07EB  2FEF               	goto	u170
  1372  07EC  0022               	movlb	2	; select bank2
  1373  07ED  150E               	bsf	14,2	;volatile
  1374  07EE  2FF1               	goto	l643
  1375  07EF                     u170:	
  1376  07EF  0022               	movlb	2	; select bank2
  1377  07F0  110E               	bcf	14,2	;volatile
  1378  07F1                     l643:	
  1379                           
  1380                           ;main.c: 36: _delay((unsigned long)((1000)*(1000000/4000.0)));
  1381  07F1  3002               	movlw	2
  1382  07F2  00F1               	movwf	??_main+1
  1383  07F3  3045               	movlw	69
  1384  07F4  00F0               	movwf	??_main
  1385  07F5  30AA               	movlw	170
  1386  07F6                     u197:	
  1387  07F6  0B89               	decfsz	9,f
  1388  07F7  2FF6               	goto	u197
  1389  07F8  0BF0               	decfsz	??_main,f
  1390  07F9  2FF6               	goto	u197
  1391  07FA  0BF1               	decfsz	??_main+1,f
  1392  07FB  2FF6               	goto	u197
  1393  07FC  2F96               	goto	l625
  1394  07FD                     __end_of_main:	
  1395                           
  1396                           	psect	text1
  1397  0765                     __ptext1:	
  1398 ;; *************** function _SYSTEM_Initialize *****************
  1399 ;; Defined at:
  1400 ;;		line 76 in file "mcc_generated_files/mcc.c"
  1401 ;; Parameters:    Size  Location     Type
  1402 ;;		None
  1403 ;; Auto vars:     Size  Location     Type
  1404 ;;		None
  1405 ;; Return value:  Size  Location     Type
  1406 ;;                  1    wreg      void 
  1407 ;; Registers used:
  1408 ;;		wreg, status,2, status,0, pclath, cstack
  1409 ;; Tracked objects:
  1410 ;;		On entry : 0/0
  1411 ;;		On exit  : 0/0
  1412 ;;		Unchanged: 0/0
  1413 ;; Data sizes:     COMMON   BANK0   BANK1   BANK2   BANK3   BANK4   BANK5   BANK6   BANK7   BANK8   BANK9  BANK10  BANK1
      +1  BANK12
  1414 ;;      Params:         0       0       0       0       0       0       0       0       0       0       0       0       
      +0       0
  1415 ;;      Locals:         0       0       0       0       0       0       0       0       0       0       0       0       
      +0       0
  1416 ;;      Temps:          0       0       0       0       0       0       0       0       0       0       0       0       
      +0       0
  1417 ;;      Totals:         0       0       0       0       0       0       0       0       0       0       0       0       
      +0       0
  1418 ;;Total ram usage:        0 bytes
  1419 ;; Hardware stack levels used:    1
  1420 ;; Hardware stack levels required when called:    1
  1421 ;; This function calls:
  1422 ;;		_OSCILLATOR_Initialize
  1423 ;;		_PIN_MANAGER_Initialize
  1424 ;;		_WDT_Initialize
  1425 ;; This function is called by:
  1426 ;;		_main
  1427 ;; This function uses a non-reentrant model
  1428 ;;
  1429                           
  1430                           
  1431                           ;psect for function _SYSTEM_Initialize
  1432  0765                     _SYSTEM_Initialize:	
  1433                           
  1434                           ;mcc.c: 79: PIN_MANAGER_Initialize();
  1435                           
  1436                           ;incstack = 0
  1437                           ; Regs used in _SYSTEM_Initialize: [wreg+status,2+status,0+pclath+cstack]
  1438  0765  3187  276E  3187   	fcall	_PIN_MANAGER_Initialize
  1439                           
  1440                           ;mcc.c: 80: OSCILLATOR_Initialize();
  1441  0768  3187  275C  3187   	fcall	_OSCILLATOR_Initialize
  1442                           
  1443                           ;mcc.c: 81: WDT_Initialize();
  1444  076B  3187  2758         	fcall	_WDT_Initialize
  1445  076D  0008               	return
  1446  076E                     __end_of_SYSTEM_Initialize:	
  1447                           
  1448                           	psect	text2
  1449  0758                     __ptext2:	
  1450 ;; *************** function _WDT_Initialize *****************
  1451 ;; Defined at:
  1452 ;;		line 98 in file "mcc_generated_files/mcc.c"
  1453 ;; Parameters:    Size  Location     Type
  1454 ;;		None
  1455 ;; Auto vars:     Size  Location     Type
  1456 ;;		None
  1457 ;; Return value:  Size  Location     Type
  1458 ;;                  1    wreg      void 
  1459 ;; Registers used:
  1460 ;;		wreg
  1461 ;; Tracked objects:
  1462 ;;		On entry : 0/0
  1463 ;;		On exit  : 0/0
  1464 ;;		Unchanged: 0/0
  1465 ;; Data sizes:     COMMON   BANK0   BANK1   BANK2   BANK3   BANK4   BANK5   BANK6   BANK7   BANK8   BANK9  BANK10  BANK1
      +1  BANK12
  1466 ;;      Params:         0       0       0       0       0       0       0       0       0       0       0       0       
      +0       0
  1467 ;;      Locals:         0       0       0       0       0       0       0       0       0       0       0       0       
      +0       0
  1468 ;;      Temps:          0       0       0       0       0       0       0       0       0       0       0       0       
      +0       0
  1469 ;;      Totals:         0       0       0       0       0       0       0       0       0       0       0       0       
      +0       0
  1470 ;;Total ram usage:        0 bytes
  1471 ;; Hardware stack levels used:    1
  1472 ;; This function calls:
  1473 ;;		Nothing
  1474 ;; This function is called by:
  1475 ;;		_SYSTEM_Initialize
  1476 ;; This function uses a non-reentrant model
  1477 ;;
  1478                           
  1479                           
  1480                           ;psect for function _WDT_Initialize
  1481  0758                     _WDT_Initialize:	
  1482                           
  1483                           ;mcc.c: 101: WDTCON = 0x16;
  1484                           
  1485                           ;incstack = 0
  1486                           ; Regs used in _WDT_Initialize: [wreg]
  1487  0758  3016               	movlw	22
  1488  0759  0021               	movlb	1	; select bank1
  1489  075A  0097               	movwf	23	;volatile
  1490  075B  0008               	return
  1491  075C                     __end_of_WDT_Initialize:	
  1492                           
  1493                           	psect	text3
  1494  076E                     __ptext3:	
  1495 ;; *************** function _PIN_MANAGER_Initialize *****************
  1496 ;; Defined at:
  1497 ;;		line 51 in file "mcc_generated_files/pin_manager.c"
  1498 ;; Parameters:    Size  Location     Type
  1499 ;;		None
  1500 ;; Auto vars:     Size  Location     Type
  1501 ;;		None
  1502 ;; Return value:  Size  Location     Type
  1503 ;;                  1    wreg      void 
  1504 ;; Registers used:
  1505 ;;		wreg, status,2
  1506 ;; Tracked objects:
  1507 ;;		On entry : 0/0
  1508 ;;		On exit  : 0/0
  1509 ;;		Unchanged: 0/0
  1510 ;; Data sizes:     COMMON   BANK0   BANK1   BANK2   BANK3   BANK4   BANK5   BANK6   BANK7   BANK8   BANK9  BANK10  BANK1
      +1  BANK12
  1511 ;;      Params:         0       0       0       0       0       0       0       0       0       0       0       0       
      +0       0
  1512 ;;      Locals:         0       0       0       0       0       0       0       0       0       0       0       0       
      +0       0
  1513 ;;      Temps:          0       0       0       0       0       0       0       0       0       0       0       0       
      +0       0
  1514 ;;      Totals:         0       0       0       0       0       0       0       0       0       0       0       0       
      +0       0
  1515 ;;Total ram usage:        0 bytes
  1516 ;; Hardware stack levels used:    1
  1517 ;; This function calls:
  1518 ;;		Nothing
  1519 ;; This function is called by:
  1520 ;;		_SYSTEM_Initialize
  1521 ;; This function uses a non-reentrant model
  1522 ;;
  1523                           
  1524                           
  1525                           ;psect for function _PIN_MANAGER_Initialize
  1526  076E                     _PIN_MANAGER_Initialize:	
  1527                           
  1528                           ;pin_manager.c: 56: LATA = 0x00;
  1529                           
  1530                           ;incstack = 0
  1531                           ; Regs used in _PIN_MANAGER_Initialize: [wreg+status,2]
  1532  076E  0022               	movlb	2	; select bank2
  1533  076F  018C               	clrf	12	;volatile
  1534                           
  1535                           ;pin_manager.c: 57: LATB = 0x00;
  1536  0770  018D               	clrf	13	;volatile
  1537                           
  1538                           ;pin_manager.c: 58: LATC = 0x00;
  1539  0771  018E               	clrf	14	;volatile
  1540                           
  1541                           ;pin_manager.c: 63: TRISA = 0x30;
  1542  0772  3030               	movlw	48
  1543  0773  0021               	movlb	1	; select bank1
  1544  0774  008C               	movwf	12	;volatile
  1545                           
  1546                           ;pin_manager.c: 64: TRISB = 0x80;
  1547  0775  3080               	movlw	128
  1548  0776  008D               	movwf	13	;volatile
  1549                           
  1550                           ;pin_manager.c: 65: TRISC = 0xF8;
  1551  0777  30F8               	movlw	248
  1552  0778  008E               	movwf	14	;volatile
  1553                           
  1554                           ;pin_manager.c: 70: ANSELC = 0xFF;
  1555  0779  30FF               	movlw	255
  1556  077A  0023               	movlb	3	; select bank3
  1557  077B  008E               	movwf	14	;volatile
  1558                           
  1559                           ;pin_manager.c: 71: ANSELB = 0xF0;
  1560  077C  30F0               	movlw	240
  1561  077D  008D               	movwf	13	;volatile
  1562                           
  1563                           ;pin_manager.c: 72: ANSELA = 0x37;
  1564  077E  3037               	movlw	55
  1565  077F  008C               	movwf	12	;volatile
  1566                           
  1567                           ;pin_manager.c: 77: WPUB = 0x00;
  1568  0780  0024               	movlb	4	; select bank4
  1569  0781  018D               	clrf	13	;volatile
  1570                           
  1571                           ;pin_manager.c: 78: WPUA = 0x00;
  1572  0782  018C               	clrf	12	;volatile
  1573                           
  1574                           ;pin_manager.c: 79: WPUC = 0x00;
  1575  0783  018E               	clrf	14	;volatile
  1576                           
  1577                           ;pin_manager.c: 84: ODCONA = 0x00;
  1578  0784  0025               	movlb	5	; select bank5
  1579  0785  018C               	clrf	12	;volatile
  1580                           
  1581                           ;pin_manager.c: 85: ODCONB = 0x00;
  1582  0786  018D               	clrf	13	;volatile
  1583                           
  1584                           ;pin_manager.c: 86: ODCONC = 0x00;
  1585  0787  018E               	clrf	14	;volatile
  1586  0788  0008               	return
  1587  0789                     __end_of_PIN_MANAGER_Initialize:	
  1588                           
  1589                           	psect	text4
  1590  075C                     __ptext4:	
  1591 ;; *************** function _OSCILLATOR_Initialize *****************
  1592 ;; Defined at:
  1593 ;;		line 84 in file "mcc_generated_files/mcc.c"
  1594 ;; Parameters:    Size  Location     Type
  1595 ;;		None
  1596 ;; Auto vars:     Size  Location     Type
  1597 ;;		None
  1598 ;; Return value:  Size  Location     Type
  1599 ;;                  1    wreg      void 
  1600 ;; Registers used:
  1601 ;;		wreg, status,2
  1602 ;; Tracked objects:
  1603 ;;		On entry : 0/0
  1604 ;;		On exit  : 0/0
  1605 ;;		Unchanged: 0/0
  1606 ;; Data sizes:     COMMON   BANK0   BANK1   BANK2   BANK3   BANK4   BANK5   BANK6   BANK7   BANK8   BANK9  BANK10  BANK1
      +1  BANK12
  1607 ;;      Params:         0       0       0       0       0       0       0       0       0       0       0       0       
      +0       0
  1608 ;;      Locals:         0       0       0       0       0       0       0       0       0       0       0       0       
      +0       0
  1609 ;;      Temps:          0       0       0       0       0       0       0       0       0       0       0       0       
      +0       0
  1610 ;;      Totals:         0       0       0       0       0       0       0       0       0       0       0       0       
      +0       0
  1611 ;;Total ram usage:        0 bytes
  1612 ;; Hardware stack levels used:    1
  1613 ;; This function calls:
  1614 ;;		Nothing
  1615 ;; This function is called by:
  1616 ;;		_SYSTEM_Initialize
  1617 ;; This function uses a non-reentrant model
  1618 ;;
  1619                           
  1620                           
  1621                           ;psect for function _OSCILLATOR_Initialize
  1622  075C                     _OSCILLATOR_Initialize:	
  1623                           
  1624                           ;mcc.c: 87: OSCCON1 = 0x62;
  1625                           
  1626                           ;incstack = 0
  1627                           ; Regs used in _OSCILLATOR_Initialize: [wreg+status,2]
  1628  075C  3062               	movlw	98
  1629  075D  0032               	movlb	18	; select bank18
  1630  075E  0099               	movwf	25	;volatile
  1631                           
  1632                           ;mcc.c: 89: OSCCON3 = 0x00;
  1633  075F  019B               	clrf	27	;volatile
  1634                           
  1635                           ;mcc.c: 91: OSCEN = 0x00;
  1636  0760  019D               	clrf	29	;volatile
  1637                           
  1638                           ;mcc.c: 93: OSCFRQ = 0x03;
  1639  0761  3003               	movlw	3
  1640  0762  009F               	movwf	31	;volatile
  1641                           
  1642                           ;mcc.c: 95: OSCTUNE = 0x00;
  1643  0763  019E               	clrf	30	;volatile
  1644  0764  0008               	return
  1645  0765                     __end_of_OSCILLATOR_Initialize:	
  1646  007E                     btemp	set	126	;btemp
  1647  007E                     wtemp0	set	126


Data Sizes:
    Strings     0
    Constant    0
    Data        0
    BSS         0
    Persistent  0
    Stack       0

Auto Spaces:
    Space          Size  Autos    Used
    COMMON           14      2       2
    BANK0            80      0       0
    BANK1            80      0       0
    BANK2            80      0       0
    BANK3            80      0       0
    BANK4            80      0       0
    BANK5            80      0       0
    BANK6            80      0       0
    BANK7            80      0       0
    BANK8            80      0       0
    BANK9            80      0       0
    BANK10           80      0       0
    BANK11           80      0       0
    BANK12           48      0       0

Pointer List with Targets:

    None.

Critical Paths under _main in COMMON

    None.

Critical Paths under _main in BANK0

    None.

Critical Paths under _main in BANK1

    None.

Critical Paths under _main in BANK2

    None.

Critical Paths under _main in BANK3

    None.

Critical Paths under _main in BANK4

    None.

Critical Paths under _main in BANK5

    None.

Critical Paths under _main in BANK6

    None.

Critical Paths under _main in BANK7

    None.

Critical Paths under _main in BANK8

    None.

Critical Paths under _main in BANK9

    None.

Critical Paths under _main in BANK10

    None.

Critical Paths under _main in BANK11

    None.

Critical Paths under _main in BANK12

    None.

Call Graph Tables:

 ---------------------------------------------------------------------------------
 (Depth) Function   	        Calls       Base Space   Used Autos Params    Refs
 ---------------------------------------------------------------------------------
 (0) _main                                                 2     2      0       0
                                              0 COMMON     2     2      0
                  _SYSTEM_Initialize
 ---------------------------------------------------------------------------------
 (1) _SYSTEM_Initialize                                    0     0      0       0
              _OSCILLATOR_Initialize
             _PIN_MANAGER_Initialize
                     _WDT_Initialize
 ---------------------------------------------------------------------------------
 (2) _WDT_Initialize                                       0     0      0       0
 ---------------------------------------------------------------------------------
 (2) _PIN_MANAGER_Initialize                               0     0      0       0
 ---------------------------------------------------------------------------------
 (2) _OSCILLATOR_Initialize                                0     0      0       0
 ---------------------------------------------------------------------------------
 Estimated maximum stack depth 2
 ---------------------------------------------------------------------------------

 Call Graph Graphs:

 _main (ROOT)
   _SYSTEM_Initialize
     _OSCILLATOR_Initialize
     _PIN_MANAGER_Initialize
     _WDT_Initialize

 Address spaces:
Name               Size   Autos  Total    Cost      Usage
BIGRAM             3F0      0       0       0        0.0%
EEDATA             100      0       0       0        0.0%
NULL                 0      0       0       0        0.0%
CODE                 0      0       0       0        0.0%
BITCOMMON            E      0       0       1        0.0%
BITSFR0              0      0       0       1        0.0%
SFR0                 0      0       0       1        0.0%
COMMON               E      2       2       2       14.3%
BITSFR1              0      0       0       2        0.0%
SFR1                 0      0       0       2        0.0%
BITSFR2              0      0       0       3        0.0%
SFR2                 0      0       0       3        0.0%
STACK                0      0       0       3        0.0%
BITBANK0            50      0       0       4        0.0%
BITSFR3              0      0       0       4        0.0%
SFR3                 0      0       0       4        0.0%
BANK0               50      0       0       5        0.0%
BITSFR4              0      0       0       5        0.0%
SFR4                 0      0       0       5        0.0%
BITBANK1            50      0       0       6        0.0%
BITSFR5              0      0       0       6        0.0%
SFR5                 0      0       0       6        0.0%
BANK1               50      0       0       7        0.0%
BITSFR6              0      0       0       7        0.0%
SFR6                 0      0       0       7        0.0%
BITBANK2            50      0       0       8        0.0%
BITSFR7              0      0       0       8        0.0%
SFR7                 0      0       0       8        0.0%
BANK2               50      0       0       9        0.0%
BITSFR8              0      0       0       9        0.0%
SFR8                 0      0       0       9        0.0%
BITBANK3            50      0       0      10        0.0%
BITSFR9              0      0       0      10        0.0%
SFR9                 0      0       0      10        0.0%
BANK3               50      0       0      11        0.0%
BITSFR10             0      0       0      11        0.0%
SFR10                0      0       0      11        0.0%
BITBANK4            50      0       0      12        0.0%
BITSFR11             0      0       0      12        0.0%
SFR11                0      0       0      12        0.0%
BANK4               50      0       0      13        0.0%
BITSFR12             0      0       0      13        0.0%
SFR12                0      0       0      13        0.0%
BITBANK5            50      0       0      14        0.0%
BITSFR13             0      0       0      14        0.0%
SFR13                0      0       0      14        0.0%
BANK5               50      0       0      15        0.0%
BITSFR14             0      0       0      15        0.0%
SFR14                0      0       0      15        0.0%
BITBANK6            50      0       0      16        0.0%
BITSFR15             0      0       0      16        0.0%
SFR15                0      0       0      16        0.0%
BANK6               50      0       0      17        0.0%
BITSFR16             0      0       0      17        0.0%
SFR16                0      0       0      17        0.0%
BITBANK7            50      0       0      18        0.0%
BITSFR17             0      0       0      18        0.0%
SFR17                0      0       0      18        0.0%
BANK7               50      0       0      19        0.0%
BITSFR18             0      0       0      19        0.0%
SFR18                0      0       0      19        0.0%
BITSFR19             0      0       0      20        0.0%
SFR19                0      0       0      20        0.0%
ABS                  0      0       0      20        0.0%
BITBANK8            50      0       0      21        0.0%
BITSFR20             0      0       0      21        0.0%
SFR20                0      0       0      21        0.0%
BANK8               50      0       0      22        0.0%
BITSFR21             0      0       0      22        0.0%
SFR21                0      0       0      22        0.0%
BITBANK9            50      0       0      23        0.0%
BITSFR22             0      0       0      23        0.0%
SFR22                0      0       0      23        0.0%
BANK9               50      0       0      24        0.0%
BITSFR23             0      0       0      24        0.0%
SFR23                0      0       0      24        0.0%
BITBANK10           50      0       0      25        0.0%
BITSFR24             0      0       0      25        0.0%
SFR24                0      0       0      25        0.0%
BANK10              50      0       0      26        0.0%
BITSFR25             0      0       0      26        0.0%
SFR25                0      0       0      26        0.0%
BITBANK11           50      0       0      27        0.0%
BITSFR26             0      0       0      27        0.0%
SFR26                0      0       0      27        0.0%
BANK11              50      0       0      28        0.0%
BITSFR27             0      0       0      28        0.0%
SFR27                0      0       0      28        0.0%
BITBANK12           30      0       0      29        0.0%
BITSFR28             0      0       0      29        0.0%
SFR28                0      0       0      29        0.0%
BANK12              30      0       0      30        0.0%
BITSFR29             0      0       0      30        0.0%
SFR29                0      0       0      30        0.0%
BITSFR30             0      0       0      31        0.0%
SFR30                0      0       0      31        0.0%
DATA                 0      0       0      31        0.0%
BITSFR31             0      0       0      32        0.0%
SFR31                0      0       0      32        0.0%


Microchip Technology PIC Macro Assembler V1.42 build -159332390 
Symbol Table                                                                                   Fri Jun  2 13:04:52 2017

                    __CFG_CP$OFF 0000                               u10 079F                               u30 07A9  
                             u50 07B3                               u70 07BD                               u90 07C7  
                    __CFG_LVP$ON 0000                              l631 07B5                              l641 07E7  
                            l633 07BF                              l625 0796                              l643 07F1  
                            l635 07C9                              l627 07A1                              l637 07D3  
                            l629 07AB                              l639 07DD                              u110 07D1  
                            u130 07DB                              u150 07E5                              u170 07EF  
                   __CFG_CPD$OFF 0000                              u197 07F6                              wreg 0009  
                           _LATA 010C                             _LATB 010D                             _LATC 010E  
                           _WPUA 020C                             _WPUB 020D                             _WPUC 020E  
                   __CFG_WRT$OFF 0000                    __CFG_FCMEN$ON 0000                             _main 0789  
                           btemp 007E                    __CFG_BOREN$ON 0000                    __CFG_BORV$LOW 0000  
                           start 0002                    __CFG_CSWEN$ON 0000                    __CFG_MCLRE$ON 0000  
 __size_of_OSCILLATOR_Initialize 0009    __end_of_OSCILLATOR_Initialize 0765                            ?_main 0070  
                  __CFG_WDTE$OFF 0000                   __CFG_DEBUG$OFF 0000                            _OSCEN 091D  
                          _TRISA 008C                            _TRISB 008D                            _TRISC 008E  
                 _WDT_Initialize 0758                            status 0003                            wtemp0 007E  
                __initialization 07FD                     __end_of_main 07FD                           ??_main 0070  
         __end_of_WDT_Initialize 075C                           _ANSELA 018C                           _ANSELB 018D  
                         _ANSELC 018E               __CFG_RSTOSC$HFINT1 0000                           _ODCONA 028C  
                         _ODCONB 028D                           _ODCONC 028E                           _OSCFRQ 091F  
                         _WDTCON 0097                   __CFG_PWRTE$OFF 0000                   __CFG_STVREN$ON 0000  
                ?_WDT_Initialize 0070                _SYSTEM_Initialize 0765          __end_of__initialization 07FD  
             ?_SYSTEM_Initialize 0070                   __pcstackCOMMON 0070              ??_SYSTEM_Initialize 0070  
      __end_of_SYSTEM_Initialize 076E                       __pmaintext 0789                  __CFG_PPS1WAY$ON 0000  
                        _OSCCON1 0919                          _OSCCON3 091B                          _OSCTUNE 091E  
                        __ptext1 0765                          __ptext2 0758                          __ptext3 076E  
                        __ptext4 075C            _OSCILLATOR_Initialize 075C         ??_PIN_MANAGER_Initialize 0070  
     __size_of_SYSTEM_Initialize 0009             end_of_initialization 07FD                 ??_WDT_Initialize 0070  
               __CFG_FEXTOSC$ECH 0000           ?_OSCILLATOR_Initialize 0070              start_initialization 07FD  
__size_of_PIN_MANAGER_Initialize 001B                 __CFG_LPBOREN$OFF 0000                        ___latbits 0002  
         _PIN_MANAGER_Initialize 076E                         _LATAbits 010C                         _LATBbits 010D  
                       _LATCbits 010E          ??_OSCILLATOR_Initialize 0070                    __size_of_main 0074  
        __size_of_WDT_Initialize 0004          ?_PIN_MANAGER_Initialize 0070                __CFG_CLKOUTEN$OFF 0000  
 __end_of_PIN_MANAGER_Initialize 0789  
